TN:
SF:/var/www/gabriela/src/gabriela/_asProcess.js
FN:10,_asProcess
FN:23,(anonymous_1)
FN:37,(anonymous_2)
FN:52,(anonymous_3)
FN:87,(anonymous_4)
FNF:5
FNH:5
FNDA:162,_asProcess
FNDA:73,(anonymous_1)
FNDA:32,(anonymous_2)
FNDA:157,(anonymous_3)
FNDA:11,(anonymous_4)
DA:1,1
DA:2,1
DA:3,1
DA:4,1
DA:5,1
DA:6,1
DA:7,1
DA:8,1
DA:10,1
DA:11,162
DA:12,162
DA:14,162
DA:15,162
DA:16,162
DA:17,162
DA:18,162
DA:20,162
DA:21,162
DA:23,162
DA:26,73
DA:27,1
DA:29,72
DA:32,73
DA:34,44
DA:37,162
DA:40,32
DA:41,1
DA:43,31
DA:46,32
DA:48,15
DA:51,162
DA:53,157
DA:63,162
DA:72,162
DA:88,11
DA:90,11
DA:91,11
DA:93,11
DA:101,11
DA:105,162
LF:40
LH:40
BRDA:12,0,0,162
BRDA:12,0,1,155
BRDA:26,1,0,1
BRDA:26,1,1,72
BRDA:32,2,0,29
BRDA:32,2,1,44
BRDA:40,3,0,1
BRDA:40,3,1,31
BRDA:40,4,0,32
BRDA:40,4,1,1
BRDA:46,5,0,17
BRDA:46,5,1,15
BRF:12
BRH:12
end_of_record
TN:
SF:/var/www/gabriela/src/gabriela/_asServer.js
FN:13,_asServer
FN:29,(anonymous_1)
FN:60,(anonymous_2)
FNF:3
FNH:3
FNDA:36,_asServer
FNDA:30,(anonymous_1)
FNDA:32,(anonymous_2)
DA:3,1
DA:4,1
DA:5,1
DA:6,1
DA:7,1
DA:8,1
DA:9,1
DA:13,1
DA:14,36
DA:15,36
DA:17,36
DA:19,34
DA:20,34
DA:21,34
DA:22,34
DA:23,34
DA:25,34
DA:26,34
DA:28,34
DA:30,30
DA:39,34
DA:47,34
DA:61,32
DA:64,32
DA:65,32
DA:67,32
DA:75,29
DA:79,34
LF:28
LH:28
BRDA:15,0,0,36
BRDA:15,0,1,3
BRF:2
BRH:2
end_of_record
TN:
SF:/var/www/gabriela/src/gabriela/configFactory.js
FN:5,factory
FN:9,_replaceEnvironmentVariables
FN:12,(anonymous_2)
FN:26,_validateFramework
FN:39,instance
FN:40,(anonymous_5)
FNF:6
FNH:6
FNDA:202,factory
FNDA:205,_replaceEnvironmentVariables
FNDA:194,(anonymous_2)
FNDA:205,_validateFramework
FNDA:1,instance
FNDA:208,(anonymous_5)
DA:1,1
DA:2,1
DA:3,1
DA:6,202
DA:10,205
DA:13,194
DA:14,3
DA:16,3
DA:18,3
DA:21,191
DA:27,205
DA:29,204
DA:32,203
DA:34,203
DA:36,203
DA:40,1
DA:41,208
DA:43,207
DA:45,206
DA:47,205
DA:48,205
DA:50,202
DA:54,1
LF:23
LH:23
BRDA:13,0,0,3
BRDA:13,0,1,191
BRDA:16,1,0,0
BRDA:16,1,1,3
BRDA:27,2,0,1
BRDA:27,2,1,204
BRDA:29,3,0,1
BRDA:29,3,1,203
BRDA:34,4,0,21
BRDA:34,4,1,182
BRDA:36,5,0,1
BRDA:36,5,1,202
BRDA:36,6,0,203
BRDA:36,6,1,182
BRDA:41,7,0,1
BRDA:41,7,1,207
BRDA:43,8,0,1
BRDA:43,8,1,206
BRDA:45,9,0,1
BRDA:45,9,1,205
BRF:20
BRH:19
end_of_record
TN:
SF:/var/www/gabriela/src/gabriela/gabriela.js
FN:1,(anonymous_0)
FN:3,(anonymous_1)
FN:7,(anonymous_2)
FNF:3
FNH:3
FNDA:1,(anonymous_0)
FNDA:36,(anonymous_1)
FNDA:162,(anonymous_2)
DA:1,1
DA:2,1
DA:4,36
DA:8,162
LF:4
LH:4
BRF:0
BRH:0
end_of_record
TN:
SF:/var/www/gabriela/src/gabriela/dependencyInjection/_createDefinitionObject.js
FN:11,_createInitObject
FN:18,(anonymous_1)
FN:23,(anonymous_2)
FN:27,(anonymous_3)
FN:30,(anonymous_4)
FN:33,(anonymous_5)
FN:37,(anonymous_6)
FN:40,(anonymous_7)
FN:43,(anonymous_8)
FNF:9
FNH:9
FNDA:201,_createInitObject
FNDA:1,(anonymous_1)
FNDA:117,(anonymous_2)
FNDA:145,(anonymous_3)
FNDA:4,(anonymous_4)
FNDA:48,(anonymous_5)
FNDA:78,(anonymous_6)
FNDA:65,(anonymous_7)
FNDA:44,(anonymous_8)
DA:1,1
DA:2,1
DA:11,1
DA:12,201
DA:19,1
DA:21,1
DA:24,117
DA:28,145
DA:31,4
DA:34,48
DA:38,78
DA:41,65
DA:44,44
DA:46,40
DA:47,40
DA:49,40
DA:51,40
DA:53,40
DA:55,25
LF:19
LH:19
BRDA:17,0,0,179
BRDA:17,0,1,22
BRDA:28,1,0,145
BRDA:28,1,1,145
BRDA:31,2,0,2
BRDA:31,2,1,2
BRDA:34,3,0,42
BRDA:34,3,1,6
BRDA:38,4,0,75
BRDA:38,4,1,3
BRDA:41,5,0,49
BRDA:41,5,1,16
BRDA:44,6,0,4
BRDA:44,6,1,40
BRDA:46,7,0,24
BRDA:46,7,1,16
BRDA:47,8,0,37
BRDA:47,8,1,3
BRDA:53,9,0,15
BRDA:53,9,1,25
BRF:20
BRH:20
end_of_record
TN:
SF:/var/www/gabriela/src/gabriela/dependencyInjection/_resolveInjectionService.js
FN:3,_resolveInjectionService
FNF:1
FNH:1
FNDA:5,_resolveInjectionService
DA:1,1
DA:3,1
DA:4,5
DA:5,5
DA:6,5
DA:8,5
DA:9,1
DA:10,2
DA:14,5
DA:15,1
DA:16,2
DA:18,2
DA:22,5
DA:23,3
DA:24,3
DA:25,4
DA:28,3
DA:31,2
DA:33,2
LF:19
LH:19
BRDA:8,0,0,1
BRDA:8,0,1,4
BRDA:14,1,0,1
BRDA:14,1,1,4
BRDA:22,2,0,3
BRDA:22,2,1,2
BRF:6
BRH:6
end_of_record
TN:
SF:/var/www/gabriela/src/gabriela/dependencyInjection/_resolveService.js
FN:13,_resolveService
FN:22,(anonymous_1)
FNF:2
FNH:2
FNDA:128,_resolveService
FNDA:322,(anonymous_1)
DA:1,1
DA:2,1
DA:3,1
DA:13,1
DA:19,128
DA:20,4
DA:22,4
DA:23,322
DA:26,4
DA:28,4
DA:30,124
DA:32,113
DA:33,5
DA:36,108
DA:39,112
LF:15
LH:15
BRDA:19,0,0,4
BRDA:19,0,1,124
BRDA:32,1,0,5
BRDA:32,1,1,108
BRF:4
BRH:4
end_of_record
TN:
SF:/var/www/gabriela/src/gabriela/dependencyInjection/compiler.js
FN:12,_getDependencies
FN:43,factory
FN:70,add
FN:80,getOwnDefinition
FN:93,getDefinition
FN:112,hasOwn
FN:121,has
FN:133,isResolved
FN:152,compile
FN:205,instance
FN:206,(anonymous_10)
FNF:11
FNH:11
FNDA:105,_getDependencies
FNDA:712,factory
FNDA:185,add
FNDA:147,getOwnDefinition
FNDA:121,getDefinition
FNDA:451,hasOwn
FNDA:597,has
FNDA:13,isResolved
FNDA:365,compile
FNDA:1,instance
FNDA:712,(anonymous_10)
DA:1,1
DA:3,1
DA:4,1
DA:5,1
DA:7,1
DA:8,1
DA:9,1
DA:10,1
DA:13,105
DA:15,105
DA:17,104
DA:18,104
DA:19,13
DA:20,15
DA:21,4
DA:23,11
DA:28,101
DA:48,712
DA:53,712
DA:54,712
DA:60,712
DA:66,712
DA:68,712
DA:71,185
DA:81,147
DA:83,146
DA:94,121
DA:96,47
DA:97,33
DA:100,35
DA:101,35
DA:104,1
DA:113,451
DA:122,597
DA:123,292
DA:124,257
DA:126,185
DA:134,13
DA:135,7
DA:136,5
DA:138,2
DA:153,365
DA:154,364
DA:158,210
DA:159,116
DA:160,94
DA:161,40
DA:162,54
DA:163,49
DA:166,121
DA:172,116
DA:173,11
DA:175,11
DA:177,11
DA:180,105
DA:182,105
DA:183,101
DA:185,90
DA:186,5
DA:189,85
DA:191,84
DA:193,84
DA:196,712
DA:197,712
DA:198,712
DA:199,712
DA:200,712
DA:201,712
DA:202,712
DA:206,1
DA:207,712
DA:211,1
LF:72
LH:72
BRDA:15,0,0,1
BRDA:15,0,1,104
BRDA:15,1,0,105
BRDA:15,1,1,5
BRDA:18,2,0,13
BRDA:18,2,1,91
BRDA:20,3,0,4
BRDA:20,3,1,11
BRDA:81,4,0,1
BRDA:81,4,1,146
BRDA:94,5,0,74
BRDA:94,5,1,47
BRDA:96,6,0,33
BRDA:96,6,1,14
BRDA:97,7,0,12
BRDA:97,7,1,21
BRDA:100,8,0,35
BRDA:100,8,1,0
BRDA:101,9,0,34
BRDA:101,9,1,1
BRDA:122,10,0,305
BRDA:122,10,1,292
BRDA:123,11,0,35
BRDA:123,11,1,257
BRDA:123,12,0,292
BRDA:123,12,1,55
BRDA:124,13,0,72
BRDA:124,13,1,185
BRDA:124,14,0,257
BRDA:124,14,1,120
BRDA:134,15,0,6
BRDA:134,15,1,7
BRDA:135,16,0,2
BRDA:135,16,1,5
BRDA:135,17,0,7
BRDA:135,17,1,3
BRDA:136,18,0,3
BRDA:136,18,1,2
BRDA:136,19,0,5
BRDA:136,19,1,3
BRDA:153,20,0,1
BRDA:153,20,1,364
BRDA:154,21,0,154
BRDA:154,21,1,210
BRDA:158,22,0,116
BRDA:158,22,1,94
BRDA:160,23,0,40
BRDA:160,23,1,54
BRDA:160,24,0,94
BRDA:160,24,1,40
BRDA:162,25,0,49
BRDA:162,25,1,5
BRDA:162,26,0,54
BRDA:162,26,1,51
BRDA:166,27,0,5
BRDA:166,27,1,116
BRDA:172,28,0,11
BRDA:172,28,1,105
BRDA:173,29,0,0
BRDA:173,29,1,11
BRDA:185,30,0,5
BRDA:185,30,1,85
BRDA:189,31,0,1
BRDA:189,31,1,84
BRF:64
BRH:62
end_of_record
TN:
SF:/var/www/gabriela/src/gabriela/dependencyInjection/privateCompiler.js
FN:10,factory
FN:11,compile
FNF:2
FNH:2
FNDA:11,factory
FNDA:27,compile
DA:1,1
DA:3,1
DA:4,1
DA:12,27
DA:13,27
DA:15,27
DA:16,11
DA:17,16
DA:21,27
DA:24,11
DA:27,1
LF:11
LH:11
BRDA:15,0,0,11
BRDA:15,0,1,16
BRF:2
BRH:2
end_of_record
TN:
SF:/var/www/gabriela/src/gabriela/dependencyInjection/resolveDependencies.js
FN:1,resolveDependencies
FNF:1
FNH:1
FNDA:123,resolveDependencies
DA:1,1
DA:9,123
DA:10,95
DA:11,28
DA:12,25
DA:15,25
DA:16,14
DA:20,11
DA:21,11
LF:9
LH:9
BRDA:9,0,0,95
BRDA:9,0,1,28
BRDA:11,1,0,25
BRDA:11,1,1,3
BRDA:15,2,0,14
BRDA:15,2,1,11
BRDA:20,3,0,11
BRDA:20,3,1,0
BRDA:20,4,0,11
BRDA:20,4,1,11
BRF:10
BRH:9
end_of_record
TN:
SF:/var/www/gabriela/src/gabriela/dependencyInjection/injectionTypes/_constructorInjection.js
FN:4,_validateArgs
FN:12,factory
FN:13,bind
FNF:3
FNH:3
FNDA:4,_validateArgs
FNDA:4,factory
FNDA:4,bind
DA:1,1
DA:2,1
DA:5,4
DA:6,3
DA:7,5
DA:14,4
DA:16,3
DA:23,4
DA:26,1
LF:9
LH:9
BRDA:5,0,0,3
BRDA:5,0,1,1
BRDA:7,1,0,1
BRDA:7,1,1,4
BRF:4
BRH:4
end_of_record
TN:
SF:/var/www/gabriela/src/gabriela/dependencyInjection/injectionTypes/_isInjectionTypeInterface.js
FN:4,isInjectionTypeInterface
FNF:1
FNH:1
FNDA:203,isInjectionTypeInterface
DA:1,1
DA:2,1
DA:4,1
DA:5,203
DA:10,10
DA:12,10
DA:15,193
LF:7
LH:7
BRDA:5,0,0,10
BRDA:5,0,1,193
BRDA:6,1,0,203
BRDA:6,1,1,10
BRDA:6,1,2,10
BRF:5
BRH:5
end_of_record
TN:
SF:/var/www/gabriela/src/gabriela/dependencyInjection/injectionTypes/_methodInjection.js
FN:4,_validateArgs
FN:18,factory
FN:19,bind
FNF:3
FNH:3
FNDA:6,_validateArgs
FNDA:6,factory
FNDA:6,bind
DA:1,1
DA:2,1
DA:5,6
DA:7,5
DA:9,4
DA:10,5
DA:12,4
DA:14,3
DA:20,6
DA:22,1
DA:29,6
DA:32,1
LF:12
LH:12
BRDA:5,0,0,1
BRDA:5,0,1,5
BRDA:7,1,0,1
BRDA:7,1,1,4
BRDA:10,2,0,1
BRDA:10,2,1,4
BRDA:12,3,0,1
BRDA:12,3,1,3
BRDA:14,4,0,1
BRDA:14,4,1,2
BRF:10
BRH:10
end_of_record
TN:
SF:/var/www/gabriela/src/gabriela/dependencyInjection/injectionTypes/_propertyInjection.js
FN:4,_validateArgs
FN:16,factory
FN:17,bind
FNF:3
FNH:3
FNDA:4,_validateArgs
FNDA:4,factory
FNDA:4,bind
DA:1,1
DA:2,1
DA:5,4
DA:7,3
DA:9,3
DA:11,2
DA:12,3
DA:18,4
DA:20,1
DA:27,4
DA:30,1
LF:11
LH:11
BRDA:5,0,0,1
BRDA:5,0,1,3
BRDA:9,1,0,1
BRDA:9,1,1,2
BRDA:12,2,0,1
BRDA:12,2,1,2
BRF:6
BRH:6
end_of_record
TN:
SF:/var/www/gabriela/src/gabriela/dependencyInjection/injectionTypes/injectionType.js
FN:3,factory
FN:8,withConstructorInjection
FN:14,withPropertyInjection
FN:20,withMethodInjection
FNF:4
FNH:4
FNDA:712,factory
FNDA:5,withConstructorInjection
FNDA:5,withPropertyInjection
FNDA:6,withMethodInjection
DA:1,1
DA:4,712
DA:5,712
DA:6,712
DA:9,5
DA:11,4
DA:15,5
DA:17,4
DA:21,6
DA:23,6
DA:26,712
DA:27,712
DA:28,712
DA:31,1
LF:14
LH:14
BRDA:9,0,0,1
BRDA:9,0,1,4
BRDA:15,1,0,1
BRDA:15,1,1,4
BRDA:21,2,0,0
BRDA:21,2,1,6
BRF:6
BRH:5
end_of_record
TN:
SF:/var/www/gabriela/src/gabriela/events/emitter.js
FN:13,_sendEvent
FN:14,(anonymous_1)
FN:35,instance
FN:38,emit
FN:46,add
FN:59,factory
FN:60,(anonymous_6)
FNF:7
FNH:7
FNDA:15,_sendEvent
FNDA:15,(anonymous_1)
FNDA:209,instance
FNDA:5,emit
FNDA:7,add
FNDA:1,factory
FNDA:209,(anonymous_6)
DA:1,1
DA:2,1
DA:14,15
DA:15,15
DA:17,15
DA:18,6
DA:19,12
DA:20,12
DA:21,32
DA:26,6
DA:29,15
DA:31,15
DA:36,209
DA:39,5
DA:41,5
DA:42,15
DA:47,7
DA:49,6
DA:52,209
DA:53,209
DA:60,1
DA:61,209
DA:65,1
LF:23
LH:23
BRDA:17,0,0,6
BRDA:17,0,1,9
BRDA:17,1,0,15
BRDA:17,1,1,6
BRDA:19,2,0,12
BRDA:19,2,1,0
BRDA:21,3,0,12
BRDA:21,3,1,20
BRDA:47,4,0,1
BRDA:47,4,1,6
BRF:10
BRH:9
end_of_record
TN:
SF:/var/www/gabriela/src/gabriela/events/exposedMediator.js
FN:14,_callFn
FN:15,(anonymous_1)
FN:32,_callEvent
FN:52,factory
FN:55,emit
FN:85,isEmitted
FN:91,preBind
FN:111,add
FN:117,has
FNF:9
FNH:9
FNDA:82,_callFn
FNDA:160,(anonymous_1)
FNDA:82,_callEvent
FNDA:203,factory
FNDA:44,emit
FNDA:12,isEmitted
FNDA:8,preBind
FNDA:9,add
FNDA:106,has
DA:1,1
DA:15,82
DA:18,160
DA:19,80
DA:22,160
DA:24,80
DA:26,80
DA:29,82
DA:33,82
DA:37,82
DA:38,82
DA:39,82
DA:40,82
DA:41,160
DA:46,82
DA:49,82
DA:53,203
DA:56,44
DA:59,43
DA:60,1
DA:69,43
DA:70,4
DA:71,4
DA:74,43
DA:76,43
DA:77,43
DA:78,82
DA:81,43
DA:86,12
DA:88,8
DA:92,8
DA:94,7
DA:96,6
DA:97,4
DA:103,4
DA:105,4
DA:108,2
DA:112,9
DA:114,8
DA:118,106
DA:121,203
DA:122,203
DA:123,203
DA:124,203
DA:125,203
DA:128,1
LF:46
LH:46
BRDA:18,0,0,80
BRDA:18,0,1,80
BRDA:22,1,0,80
BRDA:22,1,1,80
BRDA:24,2,0,0
BRDA:24,2,1,80
BRDA:37,3,0,82
BRDA:37,3,1,0
BRDA:37,4,0,82
BRDA:37,4,1,82
BRDA:39,5,0,82
BRDA:39,5,1,0
BRDA:41,6,0,80
BRDA:41,6,1,80
BRDA:56,7,0,1
BRDA:56,7,1,43
BRDA:59,8,0,1
BRDA:59,8,1,42
BRDA:69,9,0,4
BRDA:69,9,1,39
BRDA:76,10,0,43
BRDA:76,10,1,0
BRDA:81,11,0,0
BRDA:81,11,1,43
BRDA:86,12,0,4
BRDA:86,12,1,8
BRDA:92,13,0,1
BRDA:92,13,1,7
BRDA:92,14,0,8
BRDA:92,14,1,3
BRDA:94,15,0,1
BRDA:94,15,1,6
BRDA:96,16,0,4
BRDA:96,16,1,2
BRDA:112,17,0,1
BRDA:112,17,1,8
BRF:36
BRH:31
end_of_record
TN:
SF:/var/www/gabriela/src/gabriela/events/genericMediator.js
FN:17,_callFn
FN:18,(anonymous_1)
FN:32,instance
FN:35,callEvent
FN:49,(anonymous_4)
FN:57,(anonymous_5)
FN:80,runOnError
FN:91,factory
FN:92,(anonymous_8)
FNF:9
FNH:9
FNDA:44,_callFn
FNDA:10,(anonymous_1)
FNDA:44,instance
FNDA:39,callEvent
FNDA:5,(anonymous_4)
FNDA:30,(anonymous_5)
FNDA:5,runOnError
FNDA:1,factory
FNDA:44,(anonymous_8)
DA:1,1
DA:3,1
DA:4,1
DA:5,1
DA:6,1
DA:18,44
DA:20,10
DA:22,3
DA:24,2
DA:26,2
DA:29,43
DA:33,44
DA:37,39
DA:38,2
DA:40,2
DA:43,37
DA:49,37
DA:50,35
DA:52,33
DA:55,2
DA:57,2
DA:58,30
DA:61,2
DA:63,2
DA:64,1
DA:65,1
DA:67,1
DA:70,1
DA:81,5
DA:82,5
DA:84,5
DA:87,44
DA:88,44
DA:92,1
DA:93,44
DA:97,1
LF:36
LH:36
BRDA:20,0,0,7
BRDA:20,0,1,3
BRDA:24,1,0,0
BRDA:24,1,1,2
BRDA:29,2,0,39
BRDA:29,2,1,4
BRDA:37,3,0,2
BRDA:37,3,1,37
BRDA:37,4,0,39
BRDA:37,4,1,2
BRDA:49,5,0,35
BRDA:49,5,1,2
BRDA:63,6,0,1
BRDA:63,6,1,1
BRDA:82,7,0,5
BRDA:82,7,1,0
BRF:16
BRH:14
end_of_record
TN:
SF:/var/www/gabriela/src/gabriela/events/mediator.js
FN:9,_callEvent
FN:50,(anonymous_1)
FN:59,(anonymous_2)
FN:78,instance
FN:81,emit
FN:89,has
FN:93,add
FN:105,runOnError
FN:118,once
FN:129,factory
FN:130,(anonymous_10)
FNF:11
FNH:11
FNDA:42,_callEvent
FNDA:43,(anonymous_1)
FNDA:1142,(anonymous_2)
FNDA:258,instance
FNDA:9,emit
FNDA:429,has
FNDA:50,add
FNDA:10,runOnError
FNDA:33,once
FNDA:1,factory
FNDA:258,(anonymous_10)
DA:1,1
DA:3,1
DA:4,1
DA:5,1
DA:6,1
DA:7,1
DA:10,42
DA:27,42
DA:37,42
DA:38,12
DA:39,25
DA:40,25
DA:41,34
DA:46,12
DA:50,43
DA:51,26
DA:53,21
DA:56,16
DA:59,16
DA:60,1142
DA:63,16
DA:68,16
DA:69,3
DA:70,3
DA:72,3
DA:75,13
DA:79,258
DA:82,9
DA:84,9
DA:86,9
DA:90,429
DA:94,50
DA:96,49
DA:106,10
DA:107,10
DA:110,10
DA:119,33
DA:122,258
DA:123,258
DA:124,258
DA:125,258
DA:126,258
DA:130,1
DA:131,258
DA:135,1
LF:45
LH:45
BRDA:37,0,0,12
BRDA:37,0,1,30
BRDA:37,1,0,42
BRDA:37,1,1,12
BRDA:39,2,0,25
BRDA:39,2,1,0
BRDA:41,3,0,8
BRDA:41,3,1,26
BRDA:50,4,0,26
BRDA:50,4,1,16
BRDA:68,5,0,3
BRDA:68,5,1,13
BRDA:82,6,0,0
BRDA:82,6,1,9
BRDA:94,7,0,1
BRDA:94,7,1,49
BRDA:107,8,0,9
BRDA:107,8,1,1
BRF:18
BRH:16
end_of_record
TN:
SF:/var/www/gabriela/src/gabriela/events/util/_callFn.js
FN:13,_callFn
FN:14,(anonymous_1)
FNF:2
FNH:2
FNDA:67,_callFn
FNDA:71,(anonymous_1)
DA:1,1
DA:2,1
DA:13,1
DA:14,67
DA:19,71
DA:21,24
DA:30,24
DA:33,1
DA:37,66
LF:9
LH:9
BRDA:19,0,0,47
BRDA:19,0,1,24
BRDA:27,1,0,0
BRDA:27,1,1,24
BRDA:30,2,0,23
BRDA:30,2,1,1
BRDA:33,3,0,1
BRDA:33,3,1,0
BRF:8
BRH:6
end_of_record
TN:
SF:/var/www/gabriela/src/gabriela/events/util/callEvent.js
FN:1,callEvent
FNF:1
FNH:1
FNDA:113,callEvent
DA:1,1
DA:2,113
DA:3,33
DA:4,33
DA:6,5
DA:7,3
DA:9,2
LF:7
LH:7
BRDA:2,0,0,33
BRDA:2,0,1,80
BRDA:2,1,0,113
BRDA:2,1,1,41
BRDA:6,2,0,3
BRDA:6,2,1,2
BRF:6
BRH:6
end_of_record
TN:
SF:/var/www/gabriela/src/gabriela/events/util/gabrielaEventUtils.js
FN:11,callSingleGabrielaEvent
FN:19,runOnAppStarted
FNF:2
FNH:2
FNDA:37,callSingleGabrielaEvent
FNDA:36,runOnAppStarted
DA:1,1
DA:2,1
DA:3,1
DA:12,37
DA:14,37
DA:16,32
DA:20,36
DA:33,30
DA:34,30
DA:36,1
DA:38,1
DA:39,1
DA:43,0
DA:47,1
LF:14
LH:13
BRDA:14,0,0,5
BRDA:14,0,1,32
BRDA:20,1,0,6
BRDA:20,1,1,30
BRDA:38,2,0,1
BRDA:38,2,1,0
BRF:6
BRH:5
end_of_record
TN:
SF:/var/www/gabriela/src/gabriela/expression/parse.js
FN:1,(anonymous_0)
FNF:1
FNH:1
FNDA:18,(anonymous_0)
DA:1,1
DA:2,18
DA:3,18
DA:5,18
DA:7,18
DA:9,17
DA:10,17
DA:13,17
DA:15,17
DA:17,17
LF:10
LH:10
BRDA:7,0,0,1
BRDA:7,0,1,17
BRDA:9,1,0,17
BRDA:9,1,1,0
BRDA:10,2,0,0
BRDA:10,2,1,17
BRDA:19,3,0,16
BRDA:19,3,1,1
BRF:8
BRH:6
end_of_record
TN:
SF:/var/www/gabriela/src/gabriela/misc/taskRunner.js
FN:15,TaskRunner
FN:19,next
FN:24,skip
FN:28,done
FN:32,throwException
FN:37,getValue
FN:41,resolve
FN:52,(anonymous_7)
FN:55,factory
FN:56,(anonymous_9)
FN:61,(anonymous_10)
FNF:11
FNH:11
FNDA:492,TaskRunner
FNDA:138,next
FNDA:2,skip
FNDA:5,done
FNDA:14,throwException
FNDA:18,getValue
FNDA:376,resolve
FNDA:4741,(anonymous_7)
FNDA:1,factory
FNDA:492,(anonymous_9)
FNDA:1,(anonymous_10)
DA:16,492
DA:17,492
DA:20,138
DA:21,138
DA:25,2
DA:29,5
DA:33,14
DA:34,14
DA:38,18
DA:42,376
DA:43,376
DA:46,492
DA:47,492
DA:48,492
DA:49,492
DA:50,492
DA:51,492
DA:52,4741
DA:56,1
DA:57,492
DA:61,1
DA:62,1
DA:64,1
LF:23
LH:23
BRF:0
BRH:0
end_of_record
TN:
SF:/var/www/gabriela/src/gabriela/misc/types.js
FN:3,_proxifyType
FN:5,(anonymous_1)
FN:14,(anonymous_2)
FN:24,(anonymous_3)
FN:36,(anonymous_4)
FN:47,(anonymous_5)
FN:59,(anonymous_6)
FN:72,(anonymous_7)
FN:82,(anonymous_8)
FN:92,(anonymous_9)
FN:101,(anonymous_10)
FNF:11
FNH:11
FNDA:9,_proxifyType
FNDA:2,(anonymous_1)
FNDA:1,(anonymous_2)
FNDA:1,(anonymous_3)
FNDA:1,(anonymous_4)
FNDA:1,(anonymous_5)
FNDA:1,(anonymous_6)
FNDA:1,(anonymous_7)
FNDA:1,(anonymous_8)
FNDA:1,(anonymous_9)
FNDA:1,(anonymous_10)
DA:1,1
DA:4,9
DA:6,2
DA:10,9
DA:15,1
DA:17,1
DA:18,1
DA:19,1
DA:25,1
DA:27,1
DA:28,1
DA:29,1
DA:30,1
DA:31,1
DA:37,1
DA:39,1
DA:40,1
DA:41,1
DA:42,1
DA:48,1
DA:50,1
DA:51,1
DA:52,1
DA:53,1
DA:54,1
DA:60,1
DA:62,1
DA:63,1
DA:64,1
DA:65,1
DA:66,1
DA:67,1
DA:73,1
DA:75,1
DA:76,1
DA:77,1
DA:83,1
DA:85,1
DA:86,1
DA:87,1
DA:93,1
DA:95,1
DA:96,1
DA:102,1
DA:104,1
DA:105,1
DA:106,1
DA:110,1
LF:48
LH:48
BRF:0
BRH:0
end_of_record
TN:
SF:/var/www/gabriela/src/gabriela/misc/validateGabrielaEvents.js
FN:4,validateGabrielaEvents
FNF:1
FNH:1
FNDA:32,validateGabrielaEvents
DA:1,1
DA:2,1
DA:4,1
DA:5,32
DA:6,28
DA:9,32
DA:10,4
LF:7
LH:7
BRDA:5,0,0,28
BRDA:5,0,1,4
BRDA:5,1,0,32
BRDA:5,1,1,32
BRDA:6,2,0,0
BRDA:6,2,1,28
BRDA:9,3,0,4
BRDA:9,3,1,28
BRDA:9,4,0,32
BRDA:9,4,1,32
BRDA:10,5,0,1
BRDA:10,5,1,3
BRF:12
BRH:11
end_of_record
TN:
SF:/var/www/gabriela/src/gabriela/misc/validateHttpEvents.js
FN:4,validateHttpEvents
FNF:1
FNH:1
FNDA:31,validateHttpEvents
DA:1,1
DA:2,1
DA:4,1
DA:5,31
DA:6,1
DA:9,30
DA:10,1
LF:7
LH:7
BRDA:5,0,0,1
BRDA:5,0,1,30
BRDA:5,1,0,31
BRDA:5,1,1,31
BRDA:6,2,0,1
BRDA:6,2,1,0
BRDA:9,3,0,1
BRDA:9,3,1,29
BRDA:9,4,0,30
BRDA:9,4,1,30
BRDA:10,5,0,1
BRDA:10,5,1,0
BRF:12
BRH:10
end_of_record
TN:
SF:/var/www/gabriela/src/gabriela/misc/validator.js
FN:19,factory
FN:23,validateDependencies
FN:42,(anonymous_2)
FN:115,(anonymous_3)
FN:178,(anonymous_4)
FN:186,(anonymous_5)
FNF:6
FNH:6
FNDA:1,factory
FNDA:300,validateDependencies
FNDA:342,(anonymous_2)
FNDA:60,(anonymous_3)
FNDA:36,(anonymous_4)
FNDA:250,(anonymous_5)
DA:12,1
DA:14,1
DA:20,1
DA:27,300
DA:28,145
DA:30,143
DA:31,190
DA:33,188
DA:42,1
DA:43,342
DA:44,341
DA:50,340
DA:51,1649
DA:52,324
DA:53,4
DA:56,320
DA:58,320
DA:59,320
DA:60,313
DA:61,340
DA:62,38
DA:63,5
DA:65,34
DA:66,30
DA:68,26
DA:69,22
DA:71,302
DA:79,315
DA:80,44
DA:82,43
DA:83,43
DA:85,43
DA:86,54
DA:88,54
DA:92,308
DA:93,37
DA:95,37
DA:97,36
DA:99,35
DA:101,34
DA:102,102
DA:105,33
DA:106,32
DA:107,31
DA:109,30
DA:112,300
DA:115,1
DA:116,60
DA:117,59
DA:118,58
DA:120,57
DA:121,47
DA:123,45
DA:124,45
DA:125,73
DA:128,1
DA:132,54
DA:133,13
DA:135,12
DA:136,5
DA:139,11
DA:140,5
DA:143,10
DA:144,10
DA:145,10
DA:150,10
DA:151,15
DA:152,7
DA:154,7
DA:159,50
DA:160,4
DA:162,3
DA:163,3
DA:167,46
DA:168,2
DA:170,2
DA:172,2
DA:173,2
DA:178,1
DA:179,36
DA:180,5
DA:181,5
DA:186,1
DA:187,250
DA:188,250
DA:189,248
DA:191,246
DA:193,245
DA:194,100
DA:196,100
DA:198,100
DA:199,1
DA:203,244
DA:204,30
DA:205,29
DA:207,28
DA:208,21
DA:211,27
DA:212,20
DA:216,240
DA:217,6
DA:220,239
DA:221,33
DA:223,32
DA:224,51
DA:228,237
DA:229,25
DA:231,24
DA:233,24
DA:234,24
DA:236,23
DA:237,2
DA:242,1
LF:113
LH:113
BRDA:27,0,0,145
BRDA:27,0,1,155
BRDA:28,1,0,2
BRDA:28,1,1,143
BRDA:31,2,0,2
BRDA:31,2,1,188
BRDA:43,3,0,1
BRDA:43,3,1,341
BRDA:44,4,0,1
BRDA:44,4,1,340
BRDA:51,5,0,324
BRDA:51,5,1,1325
BRDA:52,6,0,4
BRDA:52,6,1,320
BRDA:52,7,0,324
BRDA:52,7,1,4
BRDA:58,8,0,320
BRDA:58,8,1,0
BRDA:59,9,0,313
BRDA:59,9,1,7
BRDA:61,10,0,38
BRDA:61,10,1,302
BRDA:62,11,0,5
BRDA:62,11,1,33
BRDA:63,12,0,4
BRDA:63,12,1,1
BRDA:65,13,0,4
BRDA:65,13,1,30
BRDA:66,14,0,4
BRDA:66,14,1,26
BRDA:68,15,0,4
BRDA:68,15,1,22
BRDA:69,16,0,4
BRDA:69,16,1,18
BRDA:71,17,0,1
BRDA:71,17,1,301
BRDA:71,18,0,302
BRDA:71,18,1,24
BRDA:79,19,0,44
BRDA:79,19,1,271
BRDA:80,20,0,1
BRDA:80,20,1,43
BRDA:88,21,0,6
BRDA:88,21,1,48
BRDA:92,22,0,37
BRDA:92,22,1,271
BRDA:95,23,0,1
BRDA:95,23,1,36
BRDA:97,24,0,1
BRDA:97,24,1,35
BRDA:99,25,0,1
BRDA:99,25,1,34
BRDA:102,26,0,1
BRDA:102,26,1,101
BRDA:105,27,0,1
BRDA:105,27,1,32
BRDA:106,28,0,1
BRDA:106,28,1,31
BRDA:107,29,0,1
BRDA:107,29,1,30
BRDA:109,30,0,1
BRDA:109,30,1,29
BRDA:116,31,0,1
BRDA:116,31,1,59
BRDA:117,32,0,1
BRDA:117,32,1,58
BRDA:118,33,0,1
BRDA:118,33,1,57
BRDA:120,34,0,47
BRDA:120,34,1,10
BRDA:121,35,0,2
BRDA:121,35,1,45
BRDA:132,36,0,13
BRDA:132,36,1,41
BRDA:133,37,0,1
BRDA:133,37,1,12
BRDA:135,38,0,5
BRDA:135,38,1,7
BRDA:136,39,0,1
BRDA:136,39,1,4
BRDA:139,40,0,5
BRDA:139,40,1,6
BRDA:140,41,0,1
BRDA:140,41,1,4
BRDA:151,42,0,7
BRDA:151,42,1,8
BRDA:154,43,0,1
BRDA:154,43,1,6
BRDA:159,44,0,4
BRDA:159,44,1,46
BRDA:160,45,0,1
BRDA:160,45,1,3
BRDA:167,46,0,2
BRDA:167,46,1,44
BRDA:168,47,0,0
BRDA:168,47,1,2
BRDA:173,48,0,0
BRDA:173,48,1,2
BRDA:179,49,0,5
BRDA:179,49,1,31
BRDA:180,50,0,5
BRDA:180,50,1,0
BRDA:181,51,0,2
BRDA:181,51,1,3
BRDA:187,52,0,0
BRDA:187,52,1,250
BRDA:188,53,0,2
BRDA:188,53,1,248
BRDA:189,54,0,2
BRDA:189,54,1,246
BRDA:191,55,0,1
BRDA:191,55,1,245
BRDA:191,56,0,246
BRDA:191,56,1,101
BRDA:193,57,0,100
BRDA:193,57,1,145
BRDA:194,58,0,0
BRDA:194,58,1,100
BRDA:198,59,0,1
BRDA:198,59,1,99
BRDA:203,60,0,30
BRDA:203,60,1,214
BRDA:204,61,0,1
BRDA:204,61,1,29
BRDA:205,62,0,1
BRDA:205,62,1,28
BRDA:205,63,0,29
BRDA:205,63,1,8
BRDA:207,64,0,21
BRDA:207,64,1,7
BRDA:208,65,0,1
BRDA:208,65,1,20
BRDA:211,66,0,20
BRDA:211,66,1,7
BRDA:212,67,0,1
BRDA:212,67,1,19
BRDA:216,68,0,6
BRDA:216,68,1,234
BRDA:217,69,0,1
BRDA:217,69,1,5
BRDA:220,70,0,33
BRDA:220,70,1,206
BRDA:221,71,0,1
BRDA:221,71,1,32
BRDA:228,72,0,25
BRDA:228,72,1,212
BRDA:229,73,0,1
BRDA:229,73,1,24
BRDA:233,74,0,0
BRDA:233,74,1,24
BRDA:234,75,0,1
BRDA:234,75,1,23
BRDA:236,76,0,2
BRDA:236,76,1,21
BRDA:237,77,0,1
BRDA:237,77,1,1
BRF:156
BRH:149
end_of_record
TN:
SF:/var/www/gabriela/src/gabriela/module/_responseProxy.js
FN:4,_sendMethod
FN:52,factory
FN:58,(anonymous_2)
FN:61,(anonymous_3)
FN:66,(anonymous_4)
FN:71,(anonymous_5)
FN:74,(anonymous_6)
FN:88,(anonymous_7)
FN:91,(anonymous_8)
FN:105,(anonymous_9)
FN:119,(anonymous_10)
FN:124,(anonymous_11)
FN:127,(anonymous_12)
FNF:13
FNH:13
FNDA:42,_sendMethod
FNDA:43,factory
FNDA:1,(anonymous_2)
FNDA:1,(anonymous_3)
FNDA:1,(anonymous_4)
FNDA:1,(anonymous_5)
FNDA:2,(anonymous_6)
FNDA:1,(anonymous_7)
FNDA:39,(anonymous_8)
FNDA:1,(anonymous_9)
FNDA:1,(anonymous_10)
FNDA:1,(anonymous_11)
FNDA:2,(anonymous_12)
DA:1,1
DA:2,1
DA:5,42
DA:6,42
DA:11,41
DA:12,1
DA:14,1
DA:16,1
DA:18,1
DA:21,40
DA:23,40
DA:28,40
DA:30,40
DA:31,39
DA:33,39
DA:36,40
DA:38,40
DA:44,1
DA:45,1
DA:47,0
DA:53,43
DA:59,1
DA:62,1
DA:64,1
DA:67,1
DA:69,1
DA:72,1
DA:75,2
DA:86,2
DA:89,1
DA:92,39
DA:103,39
DA:106,1
DA:117,1
DA:120,1
DA:122,1
DA:125,1
DA:128,2
DA:130,2
DA:132,2
DA:133,1
DA:135,0
DA:140,1
LF:43
LH:41
BRDA:6,0,0,1
BRDA:6,0,1,41
BRDA:11,1,0,1
BRDA:11,1,1,40
BRDA:23,2,0,5
BRDA:23,2,1,35
BRDA:30,3,0,39
BRDA:30,3,1,1
BRDA:38,4,0,6
BRDA:38,4,1,34
BRDA:44,5,0,1
BRDA:44,5,1,0
BRDA:44,6,0,1
BRDA:44,6,1,1
BRDA:132,7,0,1
BRDA:132,7,1,1
BRDA:132,8,0,2
BRDA:132,8,1,2
BRDA:133,9,0,1
BRDA:133,9,1,0
BRDA:133,10,0,1
BRDA:133,10,1,1
BRF:22
BRH:20
end_of_record
TN:
SF:/var/www/gabriela/src/gabriela/module/executeFactory.js
FN:6,_getResponseEvents
FN:17,_createWorkingDataStructures
FN:36,factory
FN:38,(anonymous_3)
FN:43,(anonymous_4)
FN:72,(anonymous_5)
FNF:6
FNH:6
FNDA:42,_getResponseEvents
FNDA:42,_createWorkingDataStructures
FNDA:197,factory
FNDA:25,(anonymous_3)
FNDA:42,(anonymous_4)
FNDA:172,(anonymous_5)
DA:1,1
DA:2,1
DA:3,1
DA:4,1
DA:7,42
DA:8,7
DA:14,35
DA:18,42
DA:22,42
DA:30,42
DA:37,197
DA:38,25
DA:39,25
DA:40,25
DA:41,25
DA:43,25
DA:44,42
DA:45,42
DA:47,42
DA:57,42
DA:59,42
DA:60,210
DA:63,42
DA:64,26
DA:67,42
DA:72,172
DA:73,172
DA:81,172
DA:82,817
DA:87,1
LF:30
LH:30
BRDA:7,0,0,7
BRDA:7,0,1,35
BRDA:37,1,0,25
BRDA:37,1,1,172
BRDA:63,2,0,26
BRDA:63,2,1,16
BRDA:67,3,0,40
BRDA:67,3,1,2
BRF:8
BRH:8
end_of_record
TN:
SF:/var/www/gabriela/src/gabriela/module/moduleFactory.js
FN:10,_createCompiler
FN:25,_resolveMiddleware
FN:54,_createModuleModel
FN:67,(anonymous_3)
FN:70,(anonymous_4)
FN:73,(anonymous_5)
FN:76,(anonymous_6)
FN:80,_bindEventSystem
FN:110,factory
FN:123,(anonymous_9)
FNF:10
FNH:10
FNDA:209,_createCompiler
FNDA:208,_resolveMiddleware
FNDA:209,_createModuleModel
FNDA:197,(anonymous_3)
FNDA:514,(anonymous_4)
FNDA:199,(anonymous_5)
FNDA:5,(anonymous_6)
FNDA:208,_bindEventSystem
FNDA:209,factory
FNDA:209,(anonymous_9)
DA:1,1
DA:2,1
DA:3,1
DA:4,1
DA:5,1
DA:6,1
DA:7,1
DA:8,1
DA:11,209
DA:12,209
DA:13,209
DA:15,209
DA:17,209
DA:18,209
DA:20,209
DA:21,91
DA:26,208
DA:28,208
DA:29,1040
DA:30,230
DA:31,230
DA:33,230
DA:34,244
DA:35,244
DA:36,17
DA:37,1
DA:40,16
DA:41,227
DA:42,15
DA:45,212
DA:49,230
DA:55,209
DA:68,197
DA:71,514
DA:74,199
DA:76,5
DA:81,208
DA:82,208
DA:83,208
DA:85,208
DA:86,34
DA:87,34
DA:89,34
DA:90,47
DA:91,47
DA:92,4
DA:94,4
DA:111,209
DA:115,209
DA:116,208
DA:118,208
DA:120,208
DA:123,1
DA:124,209
LF:54
LH:54
BRDA:15,0,0,80
BRDA:15,0,1,129
BRDA:20,1,0,91
BRDA:20,1,1,118
BRDA:20,2,0,209
BRDA:20,2,1,92
BRDA:29,3,0,230
BRDA:29,3,1,810
BRDA:35,4,0,17
BRDA:35,4,1,227
BRDA:36,5,0,1
BRDA:36,5,1,16
BRDA:36,6,0,17
BRDA:36,6,1,2
BRDA:41,7,0,15
BRDA:41,7,1,212
BRDA:74,8,0,4
BRDA:74,8,1,195
BRDA:85,9,0,34
BRDA:85,9,1,174
BRDA:91,10,0,4
BRDA:91,10,1,43
BRDA:91,11,0,47
BRDA:91,11,1,4
BRF:24
BRH:24
end_of_record
TN:
SF:/var/www/gabriela/src/gabriela/module/moduleRunner.js
FN:6,_assignMediatorEvents
FN:18,_assignEmitterEvents
FN:30,_createContext
FN:37,_handleError
FN:53,_emitImplementationFactory
FN:54,(anonymous_5)
FN:76,factory
FN:77,create
FN:81,(anonymous_8)
FN:84,run
FN:105,getResult
FN:109,instance
FNF:12
FNH:12
FNDA:198,_assignMediatorEvents
FNDA:198,_assignEmitterEvents
FNDA:198,_createContext
FNDA:32,_handleError
FNDA:198,_emitImplementationFactory
FNDA:51,(anonymous_5)
FNDA:1,factory
FNDA:198,create
FNDA:198,(anonymous_8)
FNDA:198,run
FNDA:175,getResult
FNDA:198,instance
DA:1,1
DA:2,1
DA:3,1
DA:4,1
DA:7,198
DA:8,33
DA:10,33
DA:12,33
DA:13,44
DA:19,198
DA:20,3
DA:22,3
DA:24,3
DA:25,5
DA:31,198
DA:38,32
DA:39,5
DA:40,5
DA:45,27
DA:48,12
DA:50,4
DA:54,198
DA:55,51
DA:57,50
DA:58,40
DA:61,10
DA:62,2
DA:63,2
DA:65,1
DA:68,8
DA:70,2
DA:72,1
DA:78,198
DA:79,198
DA:81,198
DA:82,198
DA:85,198
DA:87,198
DA:94,198
DA:95,198
DA:97,197
DA:99,167
DA:101,32
DA:106,175
DA:110,198
DA:111,198
DA:114,198
DA:118,1
DA:121,1
LF:49
LH:49
BRDA:7,0,0,33
BRDA:7,0,1,165
BRDA:19,1,0,3
BRDA:19,1,1,195
BRDA:38,2,0,5
BRDA:38,2,1,27
BRDA:39,3,0,5
BRDA:39,3,1,0
BRDA:45,4,0,15
BRDA:45,4,1,12
BRDA:48,5,0,8
BRDA:48,5,1,4
BRDA:48,6,0,12
BRDA:48,6,1,12
BRDA:54,7,0,48
BRDA:55,8,0,1
BRDA:55,8,1,50
BRDA:57,9,0,40
BRDA:57,9,1,10
BRDA:61,10,0,2
BRDA:61,10,1,8
BRDA:62,11,0,1
BRDA:62,11,1,1
BRDA:63,12,0,1
BRDA:63,12,1,1
BRDA:63,13,0,2
BRDA:63,13,1,1
BRDA:68,14,0,6
BRDA:68,14,1,2
BRDA:70,15,0,1
BRDA:70,15,1,1
BRDA:70,16,0,2
BRDA:70,16,1,1
BRDA:85,17,0,0
BRDA:85,17,1,198
BRDA:95,18,0,7
BRDA:95,18,1,191
BRDA:99,19,0,7
BRDA:99,19,1,160
BRF:39
BRH:37
end_of_record
TN:
SF:/var/www/gabriela/src/gabriela/module/moduleTree.js
FN:8,_runConstructedModule
FN:18,_createWorkingDataStructures
FN:28,instance
FN:33,addModule
FN:56,runModule
FN:63,runTree
FN:77,overrideModule
FN:102,removeModule
FN:116,(anonymous_8)
FN:117,(anonymous_9)
FN:118,(anonymous_10)
FN:124,factory
FNF:12
FNH:11
FNDA:198,_runConstructedModule
FNDA:241,_createWorkingDataStructures
FNDA:241,instance
FNDA:266,addModule
FNDA:201,runModule
FNDA:129,runTree
FNDA:3,overrideModule
FNDA:2,removeModule
FNDA:212,(anonymous_8)
FNDA:5,(anonymous_9)
FNDA:0,(anonymous_10)
FNDA:241,factory
DA:1,1
DA:2,1
DA:3,1
DA:4,1
DA:5,1
DA:6,1
DA:9,198
DA:11,198
DA:13,198
DA:15,175
DA:22,241
DA:29,241
DA:31,241
DA:34,266
DA:36,206
DA:38,205
DA:40,205
DA:49,205
DA:57,201
DA:58,200
DA:60,198
DA:64,129
DA:66,129
DA:68,129
DA:69,172
DA:71,159
DA:74,116
DA:78,3
DA:80,3
DA:81,1
DA:84,2
DA:86,2
DA:88,2
DA:90,2
DA:99,2
DA:103,2
DA:105,2
DA:106,2
DA:108,2
DA:112,241
DA:114,241
DA:115,241
DA:116,241
DA:117,241
DA:118,241
DA:119,241
DA:120,241
DA:121,241
DA:125,241
DA:128,1
LF:50
LH:50
BRDA:11,0,0,0
BRDA:11,0,1,198
BRDA:36,1,0,1
BRDA:36,1,1,205
BRDA:57,2,0,1
BRDA:57,2,1,200
BRDA:58,3,0,2
BRDA:58,3,1,198
BRDA:80,4,0,1
BRDA:80,4,1,2
BRDA:103,5,0,0
BRDA:103,5,1,2
BRDA:117,6,0,4
BRDA:117,6,1,1
BRF:14
BRH:12
end_of_record
TN:
SF:/var/www/gabriela/src/gabriela/module/dependencyInjection/_addDependencies.js
FN:6,_addDependencies
FN:14,_compileAddProxy
FN:15,(anonymous_2)
FN:22,_execCompilerPass
FN:26,(anonymous_4)
FN:28,(anonymous_5)
FN:50,_addDependency
FNF:7
FNH:7
FNDA:91,_addDependencies
FNDA:17,_compileAddProxy
FNDA:10,(anonymous_2)
FNDA:17,_execCompilerPass
FNDA:1,(anonymous_4)
FNDA:20,(anonymous_5)
FNDA:136,_addDependency
DA:1,1
DA:2,1
DA:3,1
DA:4,1
DA:7,91
DA:9,91
DA:10,126
DA:15,17
DA:16,10
DA:18,10
DA:23,17
DA:25,17
DA:26,1
DA:29,20
DA:31,19
DA:32,9
DA:36,17
DA:37,17
DA:38,1
DA:40,1
DA:43,17
DA:47,17
DA:51,136
DA:53,136
DA:54,115
DA:55,72
DA:56,72
DA:58,43
DA:59,11
DA:61,11
DA:62,10
DA:64,32
DA:65,32
DA:66,16
DA:70,115
DA:72,115
DA:73,17
DA:77,135
DA:78,21
DA:80,21
DA:81,16
DA:82,21
DA:86,21
DA:87,15
DA:88,19
DA:94,1
LF:46
LH:46
BRDA:29,0,0,1
BRDA:29,0,1,19
BRDA:31,1,0,10
BRDA:31,1,1,9
BRDA:37,2,0,1
BRDA:37,2,1,16
BRDA:38,3,0,0
BRDA:38,3,1,1
BRDA:51,4,0,64
BRDA:51,4,1,72
BRDA:51,5,0,136
BRDA:51,5,1,85
BRDA:53,6,0,115
BRDA:53,6,1,21
BRDA:54,7,0,72
BRDA:54,7,1,43
BRDA:55,8,0,72
BRDA:55,8,1,0
BRDA:58,9,0,11
BRDA:58,9,1,32
BRDA:59,10,0,0
BRDA:59,10,1,11
BRDA:61,11,0,10
BRDA:61,11,1,1
BRDA:64,12,0,32
BRDA:64,12,1,0
BRDA:65,13,0,16
BRDA:65,13,1,16
BRDA:72,14,0,17
BRDA:72,14,1,98
BRDA:77,15,0,21
BRDA:77,15,1,114
BRDA:80,16,0,16
BRDA:80,16,1,5
BRDA:82,17,0,11
BRDA:82,17,1,10
BRDA:86,18,0,15
BRDA:86,18,1,6
BRF:38
BRH:34
end_of_record
TN:
SF:/var/www/gabriela/src/gabriela/module/dependencyInjection/_definitionBuilder.js
FN:1,instance
FN:4,addName
FN:10,addScope
FN:16,addShared
FN:22,addCompilerPass
FN:28,addInit
FN:33,build
FN:45,factory
FN:46,(anonymous_8)
FNF:9
FNH:9
FNDA:18,instance
FNDA:3,addName
FNDA:3,addScope
FNDA:1,addShared
FNDA:1,addCompilerPass
FNDA:3,addInit
FNDA:3,build
FNDA:1,factory
FNDA:18,(anonymous_8)
DA:2,18
DA:5,3
DA:7,3
DA:11,3
DA:13,3
DA:17,1
DA:19,1
DA:23,1
DA:25,1
DA:29,3
DA:30,3
DA:34,3
DA:37,18
DA:38,18
DA:39,18
DA:40,18
DA:41,18
DA:42,18
DA:46,1
DA:47,18
DA:51,1
LF:21
LH:21
BRF:0
BRH:0
end_of_record
TN:
SF:/var/www/gabriela/src/gabriela/module/middleware/runMiddleware.js
FN:25,_resolveFunctionExpression
FN:84,recursiveMiddlewareExec
FN:113,(anonymous_2)
FN:136,(anonymous_3)
FN:175,runMiddleware
FNF:5
FNH:5
FNDA:15,_resolveFunctionExpression
FNDA:259,recursiveMiddlewareExec
FNDA:311,(anonymous_2)
FNDA:303,(anonymous_3)
FNDA:1027,runMiddleware
DA:1,1
DA:2,1
DA:3,1
DA:4,1
DA:5,1
DA:6,1
DA:8,1
DA:35,15
DA:42,15
DA:45,15
DA:48,15
DA:49,15
DA:50,33
DA:51,15
DA:55,18
DA:56,1
DA:60,17
DA:61,15
DA:67,2
DA:75,15
DA:77,15
DA:86,259
DA:92,15
DA:94,15
DA:95,15
DA:96,15
DA:102,259
DA:103,244
DA:113,259
DA:119,311
DA:121,99
DA:130,95
DA:132,2
DA:136,303
DA:137,107
DA:139,137
DA:142,244
DA:144,2
DA:146,2
DA:150,5
DA:152,5
DA:153,5
DA:155,5
DA:159,10
DA:160,10
DA:162,10
DA:166,227
DA:168,227
DA:170,227
DA:172,13
DA:176,1027
DA:177,246
DA:179,246
DA:181,246
DA:193,1
LF:55
LH:55
BRDA:45,0,0,0
BRDA:45,0,1,15
BRDA:50,1,0,15
BRDA:50,1,1,18
BRDA:55,2,0,1
BRDA:55,2,1,17
BRDA:60,3,0,15
BRDA:60,3,1,2
BRDA:86,4,0,15
BRDA:86,4,1,244
BRDA:102,5,0,244
BRDA:102,5,1,15
BRDA:119,6,0,212
BRDA:119,6,1,99
BRDA:130,7,0,93
BRDA:130,7,1,2
BRDA:132,8,0,2
BRDA:132,8,1,0
BRDA:136,9,0,107
BRDA:136,9,1,137
BRDA:142,10,0,2
BRDA:142,10,1,5
BRDA:142,10,2,10
BRDA:170,11,0,214
BRDA:170,11,1,13
BRDA:176,12,0,246
BRDA:176,12,1,781
BRDA:176,13,0,1027
BRDA:176,13,1,250
BRDA:182,14,0,246
BRDA:182,14,1,0
BRF:31
BRH:28
end_of_record
TN:
SF:/var/www/gabriela/src/gabriela/module/middlewareOverriding/_addNewMiddleware.js
FN:1,_addNewMiddleware
FNF:1
FNH:1
FNDA:1,_addNewMiddleware
DA:1,1
DA:2,1
LF:2
LH:2
BRF:0
BRH:0
end_of_record
TN:
SF:/var/www/gabriela/src/gabriela/module/middlewareOverriding/_overrideExistingMiddleware.js
FN:3,_overrideExistingMiddleware
FNF:1
FNH:1
FNDA:2,_overrideExistingMiddleware
DA:1,1
DA:3,1
DA:4,2
DA:6,2
DA:7,3
DA:9,3
DA:10,3
DA:12,3
DA:13,3
DA:14,4
DA:15,2
DA:17,2
DA:19,2
DA:23,3
DA:24,1
LF:15
LH:15
BRDA:9,0,0,3
BRDA:9,0,1,0
BRDA:14,1,0,2
BRDA:14,1,1,2
BRDA:23,2,0,1
BRDA:23,2,1,2
BRF:6
BRH:5
end_of_record
TN:
SF:/var/www/gabriela/src/gabriela/module/middlewareOverriding/overrideMiddleware.js
FN:5,_overrideMiddleware
FNF:1
FNH:1
FNDA:2,_overrideMiddleware
DA:1,1
DA:2,1
DA:3,1
DA:5,1
DA:6,2
DA:7,10
DA:8,2
DA:9,8
DA:10,1
LF:9
LH:9
BRDA:7,0,0,2
BRDA:7,0,1,8
BRDA:7,1,0,10
BRDA:7,1,1,3
BRDA:9,2,0,1
BRDA:9,2,1,7
BRDA:9,3,0,8
BRDA:9,3,1,1
BRF:8
BRH:8
end_of_record
TN:
SF:/var/www/gabriela/src/gabriela/plugin/executeFactory.js
FN:5,factory
FN:6,(anonymous_1)
FNF:2
FNH:2
FNDA:45,factory
FNDA:45,(anonymous_1)
DA:1,1
DA:2,1
DA:3,1
DA:6,45
DA:7,45
DA:14,45
DA:15,45
DA:16,79
DA:19,45
DA:21,45
DA:23,43
DA:26,2
DA:29,2
DA:31,2
DA:36,1
LF:15
LH:15
BRDA:26,0,0,0
BRDA:26,0,1,2
BRDA:29,1,0,0
BRDA:29,1,1,2
BRDA:29,2,0,2
BRDA:29,2,1,2
BRF:6
BRH:4
end_of_record
TN:
SF:/var/www/gabriela/src/gabriela/plugin/pluginFactory.js
FN:4,_createCompiler
FN:13,_adaptModulesToPlugin
FN:27,_bindEventSystem
FN:40,_createPluginObject
FN:45,(anonymous_4)
FN:48,(anonymous_5)
FN:53,(anonymous_6)
FN:66,factory
FNF:8
FNH:8
FNDA:47,_createCompiler
FNDA:47,_adaptModulesToPlugin
FNDA:47,_bindEventSystem
FNDA:47,_createPluginObject
FNDA:116,(anonymous_4)
FNDA:1,(anonymous_5)
FNDA:137,(anonymous_6)
FNDA:47,factory
DA:1,1
DA:2,1
DA:5,47
DA:6,47
DA:7,47
DA:9,47
DA:10,47
DA:14,47
DA:15,40
DA:17,40
DA:18,68
DA:28,47
DA:29,47
DA:31,47
DA:32,2
DA:34,2
DA:35,2
DA:41,47
DA:46,116
DA:49,1
DA:54,137
DA:59,47
DA:60,47
DA:61,47
DA:63,47
DA:67,47
DA:70,1
LF:27
LH:27
BRDA:14,0,0,40
BRDA:14,0,1,7
BRDA:14,1,0,47
BRDA:14,1,1,41
BRDA:31,2,0,2
BRDA:31,2,1,45
BRF:6
BRH:6
end_of_record
TN:
SF:/var/www/gabriela/src/gabriela/plugin/pluginRunner.js
FN:3,_assignMediatorEvents
FN:17,factory
FN:18,create
FN:25,run
FN:31,instance
FNF:5
FNH:5
FNDA:45,_assignMediatorEvents
FNDA:1,factory
FNDA:45,create
FNDA:45,run
FNDA:45,instance
DA:1,1
DA:4,45
DA:5,9
DA:7,9
DA:9,9
DA:10,14
DA:11,2
DA:19,45
DA:26,45
DA:27,45
DA:32,45
DA:35,45
DA:38,1
DA:41,1
LF:14
LH:14
BRDA:4,0,0,9
BRDA:4,0,1,36
BRDA:10,1,0,2
BRDA:10,1,1,12
BRDA:26,2,0,45
BRDA:26,2,1,0
BRDA:26,3,0,45
BRDA:26,3,1,45
BRF:8
BRH:7
end_of_record
TN:
SF:/var/www/gabriela/src/gabriela/plugin/pluginTree.js
FN:8,_createWorkingDataStructures
FN:18,_runConstructedPlugin
FN:24,instance
FN:27,addPlugin
FN:37,hasPlugin
FN:41,getPlugin
FN:47,getPlugins
FN:51,removePlugin
FN:61,runPlugin
FN:72,runTree
FN:89,factory
FNF:11
FNH:11
FNDA:196,_createWorkingDataStructures
FNDA:45,_runConstructedPlugin
FNDA:196,instance
FNDA:57,addPlugin
FNDA:52,hasPlugin
FNDA:3,getPlugin
FNDA:2,getPlugins
FNDA:1,removePlugin
FNDA:47,runPlugin
FNDA:55,runTree
FNDA:196,factory
DA:1,1
DA:2,1
DA:3,1
DA:4,1
DA:6,1
DA:12,196
DA:19,45
DA:21,45
DA:25,196
DA:28,57
DA:30,46
DA:32,45
DA:34,45
DA:38,52
DA:42,3
DA:44,2
DA:48,2
DA:52,1
DA:53,1
DA:55,1
DA:56,1
DA:58,1
DA:62,47
DA:63,46
DA:65,45
DA:66,45
DA:68,45
DA:73,55
DA:75,55
DA:76,30
DA:80,196
DA:81,196
DA:82,196
DA:83,196
DA:84,196
DA:85,196
DA:86,196
DA:90,196
DA:93,1
LF:39
LH:39
BRDA:30,0,0,1
BRDA:30,0,1,45
BRDA:42,1,0,1
BRDA:42,1,1,2
BRDA:52,2,0,0
BRDA:52,2,1,1
BRDA:53,3,0,0
BRDA:53,3,1,1
BRDA:62,4,0,1
BRDA:62,4,1,46
BRDA:63,5,0,1
BRDA:63,5,1,45
BRDA:65,6,0,45
BRDA:65,6,1,0
BRF:14
BRH:11
end_of_record
TN:
SF:/var/www/gabriela/src/gabriela/process/process.js
FN:6,runApp
FN:35,factory
FN:42,run
FN:53,close
FN:54,(anonymous_4)
FNF:5
FNH:5
FNDA:11,runApp
FNDA:11,factory
FNDA:11,run
FNDA:1,close
FNDA:1,(anonymous_4)
DA:1,1
DA:2,1
DA:3,1
DA:4,1
DA:13,11
DA:14,11
DA:15,11
DA:17,3
DA:18,2
DA:21,1
DA:23,1
DA:26,9
DA:30,9
DA:32,9
DA:43,11
DA:54,1
DA:55,1
DA:58,1
DA:60,1
DA:63,11
DA:64,11
DA:67,1
LF:22
LH:22
BRDA:17,0,0,2
BRDA:17,0,1,1
BRDA:17,1,0,3
BRDA:17,1,1,3
BRDA:55,2,0,1
BRDA:55,2,1,0
BRDA:55,3,0,1
BRDA:55,3,1,1
BRF:8
BRH:7
end_of_record
TN:
SF:/var/www/gabriela/src/gabriela/server/server.js
FN:10,_resolveOptions
FN:24,_runComponents
FN:29,_listenCallback
FN:43,Server
FN:59,run
FN:60,(anonymous_5)
FN:67,(anonymous_6)
FN:91,close
FNF:8
FNH:8
FNDA:29,_resolveOptions
FNDA:29,_runComponents
FNDA:27,_listenCallback
FNDA:32,Server
FNDA:29,run
FNDA:27,(anonymous_5)
FNDA:2,(anonymous_6)
FNDA:29,close
DA:1,1
DA:3,1
DA:4,1
DA:5,1
DA:6,1
DA:7,1
DA:8,1
DA:11,29
DA:13,29
DA:15,29
DA:25,29
DA:26,29
DA:34,27
DA:38,27
DA:40,27
DA:50,32
DA:51,31
DA:53,29
DA:55,29
DA:60,29
DA:61,27
DA:68,2
DA:72,2
DA:83,0
DA:85,0
DA:87,0
DA:92,29
DA:94,29
DA:96,29
DA:99,29
DA:100,29
DA:103,1
LF:32
LH:29
BRDA:11,0,0,29
BRDA:11,0,1,26
BRDA:13,1,0,3
BRDA:13,1,1,26
BRDA:72,2,0,2
BRDA:72,2,1,0
BRDA:72,3,0,2
BRDA:72,3,1,2
BRDA:96,4,0,1
BRDA:96,4,1,28
BRDA:96,5,0,29
BRDA:96,5,1,29
BRF:12
BRH:11
end_of_record
TN:
SF:/var/www/gabriela/src/gabriela/util/_waitCheck.js
FN:1,_waitCheck
FNF:1
FNH:1
FNDA:4616,_waitCheck
DA:1,1
DA:2,4616
DA:4,4616
DA:5,159
DA:11,4457
LF:5
LH:5
BRDA:4,0,0,159
BRDA:4,0,1,4457
BRF:2
BRH:2
end_of_record
TN:
SF:/var/www/gabriela/src/gabriela/util/util.js
FN:1,createGenerator
FN:7,ucFirst
FN:11,is
FN:29,inArray
FN:37,wait
FN:38,(anonymous_5)
FN:39,(anonymous_6)
FN:53,hasKey
FN:59,getArgNames
FN:73,getArgs
FN:96,(anonymous_10)
FN:104,(anonymous_11)
FN:109,isEnvExpression
FN:115,extractEnvExpression
FN:130,isIterable
FN:144,_getType
FN:158,mutate
FN:204,iterate
FN:225,(anonymous_18)
FNF:19
FNH:19
FNDA:246,createGenerator
FNDA:18623,ucFirst
FNDA:18623,is
FNDA:325,inArray
FNDA:137,wait
FNDA:137,(anonymous_5)
FNDA:3122,(anonymous_6)
FNDA:8883,hasKey
FNDA:542,getArgNames
FNDA:437,getArgs
FNDA:456,(anonymous_10)
FNDA:695,(anonymous_11)
FNDA:201,isEnvExpression
FNDA:5,extractEnvExpression
FNDA:683,isIterable
FNDA:456,_getType
FNDA:456,mutate
FNDA:217,iterate
FNDA:665,(anonymous_18)
DA:2,246
DA:3,259
DA:8,18623
DA:12,18623
DA:14,18623
DA:15,1
DA:18,18622
DA:19,1
DA:22,18621
DA:23,1
DA:26,18620
DA:30,325
DA:31,863
DA:34,169
DA:38,137
DA:39,137
DA:40,3122
DA:42,3122
DA:43,137
DA:46,2985
DA:49,137
DA:54,8883
DA:56,8782
DA:60,542
DA:61,542
DA:63,542
DA:64,542
DA:66,542
DA:67,236
DA:70,542
DA:74,437
DA:76,437
DA:78,437
DA:79,524
DA:80,193
DA:85,331
DA:92,437
DA:97,456
DA:99,456
DA:100,2032
DA:105,695
DA:110,201
DA:112,201
DA:116,5
DA:118,5
DA:120,5
DA:122,4
DA:131,683
DA:133,674
DA:135,673
DA:145,456
DA:146,452
DA:147,230
DA:148,222
DA:149,222
DA:159,456
DA:165,456
DA:166,230
DA:169,452
DA:170,226
DA:176,216
DA:178,216
DA:205,217
DA:207,216
DA:209,215
DA:211,211
DA:212,211
DA:213,214
DA:216,210
DA:225,209
DA:226,665
DA:227,431
DA:228,456
DA:230,456
DA:233,456
DA:238,209
DA:241,1
LF:77
LH:77
BRDA:14,0,0,1
BRDA:14,0,1,18622
BRDA:15,1,0,1
BRDA:15,1,1,1
BRDA:18,2,0,1
BRDA:18,2,1,18621
BRDA:22,3,0,1
BRDA:22,3,1,18620
BRDA:31,4,0,156
BRDA:31,4,1,707
BRDA:42,5,0,137
BRDA:42,5,1,2985
BRDA:54,6,0,101
BRDA:54,6,1,8782
BRDA:66,7,0,236
BRDA:66,7,1,306
BRDA:79,8,0,193
BRDA:79,8,1,331
BRDA:120,9,0,1
BRDA:120,9,1,4
BRDA:131,10,0,9
BRDA:131,10,1,674
BRDA:131,11,0,683
BRDA:131,11,1,10
BRDA:133,12,0,1
BRDA:133,12,1,673
BRDA:145,13,0,4
BRDA:145,13,1,452
BRDA:146,14,0,222
BRDA:146,14,1,230
BRDA:147,15,0,8
BRDA:147,15,1,222
BRDA:148,16,0,0
BRDA:148,16,1,222
BRDA:149,17,0,207
BRDA:149,17,1,15
BRDA:165,18,0,230
BRDA:165,18,1,226
BRDA:165,19,0,456
BRDA:165,19,1,234
BRDA:166,20,0,4
BRDA:166,20,1,226
BRDA:166,21,0,230
BRDA:166,21,1,226
BRDA:169,22,0,226
BRDA:169,22,1,226
BRDA:169,23,0,452
BRDA:169,23,1,232
BRDA:170,24,0,216
BRDA:170,24,1,10
BRDA:171,25,0,226
BRDA:171,25,1,10
BRDA:171,25,2,10
BRDA:205,26,0,1
BRDA:205,26,1,216
BRDA:207,27,0,1
BRDA:207,27,1,215
BRDA:209,28,0,4
BRDA:209,28,1,211
BRDA:213,29,0,1
BRDA:213,29,1,213
BRDA:216,30,0,1
BRDA:216,30,1,209
BRDA:226,31,0,431
BRDA:226,31,1,234
BRDA:233,32,0,456
BRDA:233,32,1,0
BRF:67
BRH:65
end_of_record
