TN:
SF:/var/www/gabriela/gabriela/_asProcess.js
FN:10,_asProcess
FN:23,(anonymous_1)
FN:37,(anonymous_2)
FN:52,(anonymous_3)
FN:87,(anonymous_4)
FNF:5
FNH:5
FNDA:138,_asProcess
FNDA:60,(anonymous_1)
FNDA:30,(anonymous_2)
FNDA:134,(anonymous_3)
FNDA:3,(anonymous_4)
DA:1,1
DA:2,1
DA:3,1
DA:4,1
DA:5,1
DA:6,1
DA:7,1
DA:8,1
DA:10,1
DA:11,138
DA:12,138
DA:14,138
DA:15,138
DA:16,138
DA:17,138
DA:18,138
DA:20,138
DA:21,138
DA:23,138
DA:26,60
DA:27,1
DA:29,59
DA:32,60
DA:34,35
DA:37,138
DA:40,30
DA:41,1
DA:43,29
DA:46,30
DA:48,13
DA:51,138
DA:53,134
DA:63,138
DA:72,138
DA:88,3
DA:90,3
DA:91,3
DA:93,3
DA:101,3
DA:105,138
LF:40
LH:40
BRDA:12,0,0,138
BRDA:12,0,1,136
BRDA:26,1,0,1
BRDA:26,1,1,59
BRDA:32,2,0,25
BRDA:32,2,1,35
BRDA:40,3,0,1
BRDA:40,3,1,29
BRDA:40,4,0,30
BRDA:40,4,1,1
BRDA:46,5,0,17
BRDA:46,5,1,13
BRF:12
BRH:12
end_of_record
TN:
SF:/var/www/gabriela/gabriela/_asServer.js
FN:13,_asServer
FN:28,runModule
FN:34,runPlugin
FN:41,(anonymous_3)
FN:74,(anonymous_4)
FNF:5
FNH:3
FNDA:20,_asServer
FNDA:0,runModule
FNDA:0,runPlugin
FNDA:13,(anonymous_3)
FNDA:16,(anonymous_4)
DA:3,1
DA:4,1
DA:5,1
DA:6,1
DA:7,1
DA:8,1
DA:9,1
DA:13,1
DA:14,20
DA:15,20
DA:17,20
DA:19,18
DA:20,18
DA:21,18
DA:22,18
DA:23,18
DA:25,18
DA:26,18
DA:29,0
DA:31,0
DA:35,0
DA:37,0
DA:40,18
DA:42,13
DA:52,18
DA:61,18
DA:75,16
DA:78,16
DA:79,16
DA:81,16
DA:89,13
DA:93,18
LF:32
LH:28
BRDA:15,0,0,20
BRDA:15,0,1,3
BRDA:29,1,0,0
BRDA:29,1,1,0
BRDA:35,2,0,0
BRDA:35,2,1,0
BRF:6
BRH:2
end_of_record
TN:
SF:/var/www/gabriela/gabriela/configFactory.js
FN:4,factory
FN:8,instance
FN:9,(anonymous_2)
FNF:3
FNH:3
FNDA:159,factory
FNDA:1,instance
FNDA:162,(anonymous_2)
DA:1,1
DA:2,1
DA:5,159
DA:9,1
DA:10,162
DA:12,161
DA:14,159
DA:16,159
DA:20,1
LF:9
LH:9
BRDA:10,0,0,1
BRDA:10,0,1,161
BRDA:12,1,0,2
BRDA:12,1,1,159
BRDA:14,2,0,0
BRDA:14,2,1,159
BRF:6
BRH:5
end_of_record
TN:
SF:/var/www/gabriela/gabriela/gabriela.js
FN:1,(anonymous_0)
FN:3,(anonymous_1)
FN:7,(anonymous_2)
FNF:3
FNH:3
FNDA:1,(anonymous_0)
FNDA:20,(anonymous_1)
FNDA:138,(anonymous_2)
DA:1,1
DA:2,1
DA:4,20
DA:8,138
LF:4
LH:4
BRF:0
BRH:0
end_of_record
TN:
SF:/var/www/gabriela/gabriela/dependencyInjection/_createDefinitionObject.js
FN:4,_createInitObject
FN:11,(anonymous_1)
FN:16,(anonymous_2)
FN:20,(anonymous_3)
FN:23,(anonymous_4)
FN:26,(anonymous_5)
FN:30,(anonymous_6)
FN:33,(anonymous_7)
FN:36,(anonymous_8)
FNF:9
FNH:9
FNDA:127,_createInitObject
FNDA:1,(anonymous_1)
FNDA:81,(anonymous_2)
FNDA:105,(anonymous_3)
FNDA:4,(anonymous_4)
FNDA:36,(anonymous_5)
FNDA:56,(anonymous_6)
FNDA:51,(anonymous_7)
FNDA:32,(anonymous_8)
DA:1,1
DA:2,1
DA:4,1
DA:5,127
DA:12,1
DA:14,1
DA:17,81
DA:21,105
DA:24,4
DA:27,36
DA:31,56
DA:34,51
DA:37,32
DA:39,28
DA:40,28
DA:42,28
DA:44,28
DA:46,28
DA:48,15
LF:19
LH:19
BRDA:10,0,0,106
BRDA:10,0,1,21
BRDA:21,1,0,105
BRDA:21,1,1,105
BRDA:24,2,0,2
BRDA:24,2,1,2
BRDA:27,3,0,30
BRDA:27,3,1,6
BRDA:31,4,0,55
BRDA:31,4,1,1
BRDA:34,5,0,45
BRDA:34,5,1,6
BRDA:37,6,0,4
BRDA:37,6,1,28
BRDA:39,7,0,22
BRDA:39,7,1,6
BRDA:40,8,0,27
BRDA:40,8,1,1
BRDA:46,9,0,13
BRDA:46,9,1,15
BRF:20
BRH:20
end_of_record
TN:
SF:/var/www/gabriela/gabriela/dependencyInjection/_resolveService.js
FN:4,_resolveService
FNF:1
FNH:1
FNDA:88,_resolveService
DA:1,1
DA:2,1
DA:4,1
DA:6,88
DA:7,4
DA:9,4
DA:10,733
DA:13,4
DA:15,4
DA:17,84
DA:19,84
DA:22,88
LF:12
LH:12
BRDA:6,0,0,4
BRDA:6,0,1,84
BRF:2
BRH:2
end_of_record
TN:
SF:/var/www/gabriela/gabriela/dependencyInjection/compiler.js
FN:11,_getDependencies
FN:30,_execCompilerPass
FN:34,(anonymous_2)
FN:36,(anonymous_3)
FN:65,factory
FN:90,add
FN:100,getOwnDefinition
FN:113,getDefinition
FN:137,hasOwn
FN:146,has
FN:154,isResolved
FN:162,compile
FN:215,instance
FN:216,(anonymous_13)
FNF:14
FNH:13
FNDA:65,_getDependencies
FNDA:7,_execCompilerPass
FNDA:0,(anonymous_2)
FNDA:9,(anonymous_3)
FNDA:544,factory
FNDA:111,add
FNDA:24,getOwnDefinition
FNDA:2,getDefinition
FNDA:91,hasOwn
FNDA:1380,has
FNDA:13,isResolved
FNDA:314,compile
FNDA:1,instance
FNDA:544,(anonymous_13)
DA:1,1
DA:3,1
DA:5,1
DA:6,1
DA:8,1
DA:9,1
DA:12,65
DA:14,65
DA:16,64
DA:17,64
DA:18,13
DA:19,15
DA:20,4
DA:22,11
DA:27,61
DA:31,7
DA:33,7
DA:34,0
DA:37,9
DA:39,7
DA:43,7
DA:44,7
DA:45,2
DA:47,1
DA:50,6
DA:70,544
DA:75,544
DA:76,544
DA:82,544
DA:88,544
DA:91,111
DA:101,24
DA:103,23
DA:114,2
DA:115,2
DA:116,2
DA:118,1
DA:119,1
DA:121,1
DA:124,1
DA:125,1
DA:127,1
DA:130,0
DA:133,0
DA:138,91
DA:147,1380
DA:148,1078
DA:149,1044
DA:151,974
DA:155,13
DA:156,7
DA:157,5
DA:159,2
DA:163,314
DA:164,313
DA:168,165
DA:169,79
DA:170,86
DA:171,38
DA:172,48
DA:173,43
DA:176,84
DA:178,79
DA:179,7
DA:182,76
DA:183,11
DA:185,11
DA:186,11
DA:188,11
DA:191,0
DA:194,65
DA:196,65
DA:197,61
DA:199,61
DA:201,60
DA:203,60
DA:206,544
DA:207,544
DA:208,544
DA:209,544
DA:210,544
DA:211,544
DA:212,544
DA:216,1
DA:217,544
DA:221,1
LF:86
LH:82
BRDA:14,0,0,1
BRDA:14,0,1,64
BRDA:14,1,0,65
BRDA:14,1,1,5
BRDA:17,2,0,13
BRDA:17,2,1,51
BRDA:19,3,0,4
BRDA:19,3,1,11
BRDA:37,4,0,2
BRDA:37,4,1,7
BRDA:44,5,0,2
BRDA:44,5,1,5
BRDA:45,6,0,1
BRDA:45,6,1,1
BRDA:101,7,0,1
BRDA:101,7,1,23
BRDA:116,8,0,1
BRDA:116,8,1,1
BRDA:118,9,0,1
BRDA:118,9,1,0
BRDA:121,10,0,0
BRDA:121,10,1,1
BRDA:124,11,0,1
BRDA:124,11,1,0
BRDA:127,12,0,1
BRDA:127,12,1,0
BRDA:147,13,0,302
BRDA:147,13,1,1078
BRDA:148,14,0,34
BRDA:148,14,1,1044
BRDA:148,15,0,1078
BRDA:148,15,1,119
BRDA:149,16,0,70
BRDA:149,16,1,974
BRDA:149,17,0,1044
BRDA:149,17,1,400
BRDA:155,18,0,6
BRDA:155,18,1,7
BRDA:156,19,0,2
BRDA:156,19,1,5
BRDA:156,20,0,7
BRDA:156,20,1,3
BRDA:157,21,0,3
BRDA:157,21,1,2
BRDA:157,22,0,5
BRDA:157,22,1,3
BRDA:163,23,0,1
BRDA:163,23,1,313
BRDA:164,24,0,148
BRDA:164,24,1,165
BRDA:168,25,0,79
BRDA:168,25,1,86
BRDA:170,26,0,38
BRDA:170,26,1,48
BRDA:170,27,0,86
BRDA:170,27,1,38
BRDA:172,28,0,43
BRDA:172,28,1,5
BRDA:172,29,0,48
BRDA:172,29,1,45
BRDA:176,30,0,5
BRDA:176,30,1,79
BRDA:178,31,0,7
BRDA:178,31,1,72
BRDA:182,32,0,11
BRDA:182,32,1,65
BRDA:183,33,0,0
BRDA:183,33,1,11
BRDA:185,34,0,11
BRDA:185,34,1,0
BRDA:199,35,0,1
BRDA:199,35,1,60
BRF:72
BRH:66
end_of_record
TN:
SF:/var/www/gabriela/gabriela/dependencyInjection/privateCompiler.js
FN:6,factory
FN:7,compile
FNF:2
FNH:2
FNDA:11,factory
FNDA:27,compile
DA:1,1
DA:3,1
DA:4,1
DA:8,27
DA:9,27
DA:11,27
DA:12,11
DA:13,16
DA:17,27
DA:20,11
DA:23,1
LF:11
LH:11
BRDA:11,0,0,11
BRDA:11,0,1,16
BRF:2
BRH:2
end_of_record
TN:
SF:/var/www/gabriela/gabriela/dependencyInjection/resolveDependencies.js
FN:1,resolveDependencies
FNF:1
FNH:1
FNDA:331,resolveDependencies
DA:1,1
DA:9,331
DA:10,86
DA:11,245
DA:12,18
DA:15,18
DA:16,12
DA:20,6
DA:21,6
LF:9
LH:9
BRDA:9,0,0,86
BRDA:9,0,1,245
BRDA:11,1,0,18
BRDA:11,1,1,227
BRDA:15,2,0,12
BRDA:15,2,1,6
BRDA:20,3,0,6
BRDA:20,3,1,0
BRDA:20,4,0,6
BRDA:20,4,1,6
BRF:10
BRH:9
end_of_record
TN:
SF:/var/www/gabriela/gabriela/events/emitter.js
FN:4,_sendEvent
FN:5,(anonymous_1)
FN:26,instance
FN:29,emit
FN:37,add
FN:47,factory
FN:48,(anonymous_6)
FNF:7
FNH:7
FNDA:15,_sendEvent
FNDA:15,(anonymous_1)
FNDA:160,instance
FNDA:5,emit
FNDA:7,add
FNDA:1,factory
FNDA:160,(anonymous_6)
DA:1,1
DA:2,1
DA:5,15
DA:6,15
DA:8,15
DA:9,6
DA:10,12
DA:11,12
DA:12,32
DA:17,6
DA:20,15
DA:22,15
DA:27,160
DA:30,5
DA:32,5
DA:33,15
DA:38,7
DA:40,6
DA:43,160
DA:44,160
DA:48,1
DA:49,160
DA:53,1
LF:23
LH:23
BRDA:8,0,0,6
BRDA:8,0,1,9
BRDA:8,1,0,15
BRDA:8,1,1,6
BRDA:10,2,0,12
BRDA:10,2,1,0
BRDA:12,3,0,12
BRDA:12,3,1,20
BRDA:38,4,0,1
BRDA:38,4,1,6
BRF:10
BRH:9
end_of_record
TN:
SF:/var/www/gabriela/gabriela/events/exposedMediator.js
FN:3,_callFn
FN:4,(anonymous_1)
FN:21,_isDefinitionComplete
FN:29,_callEvent
FN:49,factory
FN:52,emit
FN:78,isEmitted
FN:84,preBind
FN:99,add
FN:105,has
FNF:10
FNH:9
FNDA:82,_callFn
FNDA:160,(anonymous_1)
FNDA:0,_isDefinitionComplete
FNDA:82,_callEvent
FNDA:161,factory
FNDA:43,emit
FNDA:12,isEmitted
FNDA:6,preBind
FNDA:7,add
FNDA:83,has
DA:1,1
DA:4,82
DA:7,160
DA:8,80
DA:11,160
DA:13,80
DA:15,80
DA:18,82
DA:22,0
DA:24,0
DA:26,0
DA:30,82
DA:34,82
DA:35,82
DA:36,82
DA:37,82
DA:38,160
DA:43,82
DA:46,82
DA:50,161
DA:53,43
DA:55,42
DA:56,0
DA:64,42
DA:65,4
DA:66,4
DA:69,42
DA:70,42
DA:71,82
DA:74,42
DA:79,12
DA:81,8
DA:85,6
DA:86,4
DA:91,4
DA:93,4
DA:96,2
DA:100,7
DA:102,6
DA:106,83
DA:109,161
DA:110,161
DA:111,161
DA:112,161
DA:113,161
DA:116,1
LF:46
LH:42
BRDA:7,0,0,80
BRDA:7,0,1,80
BRDA:11,1,0,80
BRDA:11,1,1,80
BRDA:13,2,0,0
BRDA:13,2,1,80
BRDA:22,3,0,0
BRDA:22,3,1,0
BRDA:24,4,0,0
BRDA:24,4,1,0
BRDA:34,5,0,82
BRDA:34,5,1,0
BRDA:34,6,0,82
BRDA:34,6,1,82
BRDA:36,7,0,82
BRDA:36,7,1,0
BRDA:38,8,0,80
BRDA:38,8,1,80
BRDA:53,9,0,1
BRDA:53,9,1,42
BRDA:55,10,0,0
BRDA:55,10,1,42
BRDA:64,11,0,4
BRDA:64,11,1,38
BRDA:69,12,0,42
BRDA:69,12,1,0
BRDA:74,13,0,4
BRDA:74,13,1,38
BRDA:79,14,0,4
BRDA:79,14,1,8
BRDA:85,15,0,4
BRDA:85,15,1,2
BRDA:100,16,0,1
BRDA:100,16,1,6
BRF:34
BRH:25
end_of_record
TN:
SF:/var/www/gabriela/gabriela/events/genericMediator.js
FN:8,_callFn
FN:9,(anonymous_1)
FN:20,instance
FN:23,callEvent
FN:35,(anonymous_4)
FN:62,factory
FN:63,(anonymous_6)
FNF:7
FNH:6
FNDA:19,_callFn
FNDA:3,(anonymous_1)
FNDA:19,instance
FNDA:19,callEvent
FNDA:0,(anonymous_4)
FNDA:1,factory
FNDA:19,(anonymous_6)
DA:1,1
DA:3,1
DA:4,1
DA:5,1
DA:6,1
DA:9,19
DA:10,3
DA:12,2
DA:14,2
DA:17,18
DA:21,19
DA:24,19
DA:25,19
DA:27,19
DA:30,0
DA:35,0
DA:36,0
DA:38,0
DA:41,0
DA:43,0
DA:44,0
DA:47,0
DA:49,0
DA:50,0
DA:51,0
DA:53,0
DA:56,0
DA:59,19
DA:63,1
DA:64,19
DA:68,1
LF:31
LH:18
BRDA:12,0,0,0
BRDA:12,0,1,2
BRDA:17,1,0,16
BRDA:17,1,1,2
BRDA:20,2,0,19
BRDA:24,3,0,19
BRDA:24,3,1,0
BRDA:35,4,0,0
BRDA:35,4,1,0
BRDA:49,5,0,0
BRDA:49,5,1,0
BRF:11
BRH:5
end_of_record
TN:
SF:/var/www/gabriela/gabriela/events/mediator.js
FN:9,_callEvent
FN:31,(anonymous_1)
FN:55,instance
FN:58,emit
FN:66,has
FN:70,add
FN:76,runOnError
FN:83,once
FN:94,factory
FN:95,(anonymous_9)
FNF:10
FNH:10
FNDA:30,_callEvent
FNDA:41,(anonymous_1)
FNDA:201,instance
FNDA:6,emit
FNDA:324,has
FNDA:34,add
FNDA:5,runOnError
FNDA:24,once
FNDA:1,factory
FNDA:201,(anonymous_9)
DA:1,1
DA:3,1
DA:4,1
DA:5,1
DA:6,1
DA:7,1
DA:10,30
DA:12,30
DA:19,30
DA:20,5
DA:21,11
DA:22,11
DA:23,32
DA:28,5
DA:31,41
DA:32,14
DA:34,14
DA:37,16
DA:39,16
DA:40,3000
DA:43,16
DA:45,16
DA:46,3
DA:47,3
DA:49,3
DA:52,13
DA:56,201
DA:59,6
DA:61,6
DA:63,6
DA:67,324
DA:71,34
DA:73,33
DA:77,5
DA:78,5
DA:80,5
DA:84,24
DA:87,201
DA:88,201
DA:89,201
DA:90,201
DA:91,201
DA:95,1
DA:96,201
DA:100,1
LF:45
LH:45
BRDA:19,0,0,5
BRDA:19,0,1,25
BRDA:19,1,0,30
BRDA:19,1,1,5
BRDA:21,2,0,11
BRDA:21,2,1,0
BRDA:23,3,0,7
BRDA:23,3,1,25
BRDA:31,4,0,14
BRDA:31,4,1,16
BRDA:45,5,0,3
BRDA:45,5,1,13
BRDA:59,6,0,0
BRDA:59,6,1,6
BRDA:71,7,0,1
BRDA:71,7,1,33
BRF:16
BRH:14
end_of_record
TN:
SF:/var/www/gabriela/gabriela/events/util/_callFn.js
FN:4,_callFn
FN:5,(anonymous_1)
FNF:2
FNH:2
FNDA:50,_callFn
FNDA:65,(anonymous_1)
DA:1,1
DA:2,1
DA:4,1
DA:5,50
DA:6,65
DA:15,65
DA:17,42
DA:19,42
DA:22,50
LF:9
LH:9
BRDA:12,0,0,0
BRDA:12,0,1,65
BRDA:15,1,0,23
BRDA:15,1,1,42
BRDA:17,2,0,0
BRDA:17,2,1,42
BRF:6
BRH:4
end_of_record
TN:
SF:/var/www/gabriela/gabriela/events/util/callEvent.js
FN:1,callEvent
FNF:1
FNH:1
FNDA:89,callEvent
DA:1,1
DA:2,89
DA:3,24
DA:4,24
DA:6,3
DA:7,3
DA:9,0
LF:7
LH:6
BRDA:2,0,0,24
BRDA:2,0,1,65
BRDA:2,1,0,89
BRDA:2,1,1,29
BRDA:6,2,0,3
BRDA:6,2,1,0
BRF:6
BRH:5
end_of_record
TN:
SF:/var/www/gabriela/gabriela/events/util/gabrielaEventUtils.js
FN:6,_callSingleGabrielaEvent
FN:15,_runGabrielaEvents
FN:48,_callSingleHttpEvent
FN:54,_callHttpEvents
FNF:4
FNH:2
FNDA:15,_callSingleGabrielaEvent
FNDA:13,_runGabrielaEvents
FNDA:0,_callSingleHttpEvent
FNDA:0,_callHttpEvents
DA:1,1
DA:2,1
DA:3,1
DA:4,1
DA:7,15
DA:9,15
DA:16,13
DA:17,14
DA:18,13
DA:19,12
DA:20,12
DA:24,2
DA:25,1
DA:26,1
DA:27,1
DA:28,1
DA:31,2
DA:32,2
DA:34,0
DA:37,2
DA:40,12
DA:43,1
DA:49,0
DA:51,0
DA:55,0
DA:56,0
DA:57,0
DA:59,0
DA:64,1
LF:29
LH:22
BRDA:17,0,0,13
BRDA:17,0,1,1
BRDA:18,1,0,12
BRDA:18,1,1,1
BRDA:24,2,0,1
BRDA:24,2,1,1
BRDA:26,3,0,1
BRDA:26,3,1,0
BRDA:31,4,0,2
BRDA:31,4,1,0
BRDA:56,5,0,0
BRDA:56,5,1,0
BRF:12
BRH:8
end_of_record
TN:
SF:/var/www/gabriela/gabriela/expression/parse.js
FN:1,(anonymous_0)
FNF:1
FNH:1
FNDA:16,(anonymous_0)
DA:1,1
DA:2,16
DA:3,16
DA:5,16
DA:7,16
DA:9,15
DA:10,15
DA:13,15
DA:15,15
DA:17,15
LF:10
LH:10
BRDA:7,0,0,1
BRDA:7,0,1,15
BRDA:9,1,0,15
BRDA:9,1,1,0
BRDA:10,2,0,0
BRDA:10,2,1,15
BRDA:19,3,0,1
BRDA:19,3,1,14
BRF:8
BRH:6
end_of_record
TN:
SF:/var/www/gabriela/gabriela/misc/taskRunner.js
FN:1,TaskRunner
FN:5,next
FN:10,skip
FN:14,done
FN:18,throwException
FN:23,getValue
FN:27,resolve
FN:38,(anonymous_7)
FN:41,factory
FN:42,(anonymous_9)
FN:47,(anonymous_10)
FNF:11
FNH:11
FNDA:352,TaskRunner
FNDA:135,next
FNDA:2,skip
FNDA:5,done
FNDA:8,throwException
FNDA:12,getValue
FNDA:306,resolve
FNDA:7880,(anonymous_7)
FNDA:1,factory
FNDA:352,(anonymous_9)
FNDA:1,(anonymous_10)
DA:2,352
DA:3,352
DA:6,135
DA:7,135
DA:11,2
DA:15,5
DA:19,8
DA:20,8
DA:24,12
DA:28,306
DA:29,306
DA:32,352
DA:33,352
DA:34,352
DA:35,352
DA:36,352
DA:37,352
DA:38,7880
DA:42,1
DA:43,352
DA:47,1
DA:48,1
DA:50,1
LF:23
LH:23
BRF:0
BRH:0
end_of_record
TN:
SF:/var/www/gabriela/gabriela/misc/types.js
FN:3,_proxifyType
FN:5,(anonymous_1)
FN:14,(anonymous_2)
FN:26,(anonymous_3)
FN:37,(anonymous_4)
FN:49,(anonymous_5)
FN:62,(anonymous_6)
FN:72,(anonymous_7)
FN:81,(anonymous_8)
FNF:9
FNH:9
FNDA:7,_proxifyType
FNDA:2,(anonymous_1)
FNDA:1,(anonymous_2)
FNDA:1,(anonymous_3)
FNDA:1,(anonymous_4)
FNDA:1,(anonymous_5)
FNDA:1,(anonymous_6)
FNDA:1,(anonymous_7)
FNDA:1,(anonymous_8)
DA:1,1
DA:4,7
DA:6,2
DA:10,7
DA:15,1
DA:17,1
DA:18,1
DA:19,1
DA:20,1
DA:21,1
DA:27,1
DA:29,1
DA:30,1
DA:31,1
DA:32,1
DA:38,1
DA:40,1
DA:41,1
DA:42,1
DA:43,1
DA:44,1
DA:50,1
DA:52,1
DA:53,1
DA:54,1
DA:55,1
DA:56,1
DA:57,1
DA:63,1
DA:65,1
DA:66,1
DA:67,1
DA:73,1
DA:75,1
DA:76,1
DA:82,1
DA:84,1
DA:85,1
DA:89,1
LF:39
LH:39
BRF:0
BRH:0
end_of_record
TN:
SF:/var/www/gabriela/gabriela/misc/validator.js
FN:19,factory
FN:23,validateDependencies
FN:42,(anonymous_2)
FN:115,(anonymous_3)
FN:178,(anonymous_4)
FN:190,(anonymous_5)
FNF:6
FNH:6
FNDA:1,factory
FNDA:241,validateDependencies
FNDA:283,(anonymous_2)
FNDA:52,(anonymous_3)
FNDA:20,(anonymous_4)
FNDA:217,(anonymous_5)
DA:12,1
DA:14,1
DA:20,1
DA:27,241
DA:28,126
DA:30,124
DA:31,167
DA:33,165
DA:42,1
DA:43,283
DA:44,282
DA:50,281
DA:51,1354
DA:52,266
DA:53,4
DA:56,262
DA:58,262
DA:59,262
DA:60,255
DA:61,281
DA:62,35
DA:63,5
DA:65,31
DA:66,27
DA:68,23
DA:69,19
DA:71,246
DA:79,256
DA:80,28
DA:82,27
DA:83,27
DA:85,27
DA:86,37
DA:88,37
DA:92,249
DA:93,20
DA:95,20
DA:97,19
DA:99,18
DA:101,17
DA:102,51
DA:105,16
DA:106,15
DA:107,14
DA:109,13
DA:112,241
DA:115,1
DA:116,52
DA:117,51
DA:118,50
DA:120,49
DA:121,39
DA:123,37
DA:124,37
DA:125,64
DA:128,1
DA:132,46
DA:133,11
DA:135,10
DA:136,5
DA:139,9
DA:140,5
DA:143,8
DA:144,8
DA:145,8
DA:150,8
DA:151,13
DA:152,5
DA:154,5
DA:159,42
DA:160,4
DA:162,3
DA:163,3
DA:167,38
DA:168,2
DA:170,2
DA:172,2
DA:173,2
DA:178,1
DA:179,20
DA:180,5
DA:181,5
DA:184,3
DA:185,0
DA:190,1
DA:191,217
DA:192,217
DA:193,215
DA:195,213
DA:197,212
DA:198,91
DA:200,91
DA:202,91
DA:203,1
DA:207,211
DA:208,25
DA:209,24
DA:211,23
DA:212,18
DA:215,22
DA:216,18
DA:220,207
DA:221,6
DA:224,206
DA:225,33
DA:227,32
DA:228,51
DA:232,204
DA:233,9
DA:235,8
DA:237,8
DA:238,8
DA:240,7
DA:241,2
DA:246,1
LF:115
LH:114
BRDA:27,0,0,126
BRDA:27,0,1,115
BRDA:28,1,0,2
BRDA:28,1,1,124
BRDA:31,2,0,2
BRDA:31,2,1,165
BRDA:43,3,0,1
BRDA:43,3,1,282
BRDA:44,4,0,1
BRDA:44,4,1,281
BRDA:51,5,0,266
BRDA:51,5,1,1088
BRDA:52,6,0,4
BRDA:52,6,1,262
BRDA:52,7,0,266
BRDA:52,7,1,4
BRDA:58,8,0,262
BRDA:58,8,1,0
BRDA:59,9,0,255
BRDA:59,9,1,7
BRDA:61,10,0,35
BRDA:61,10,1,246
BRDA:62,11,0,5
BRDA:62,11,1,30
BRDA:63,12,0,4
BRDA:63,12,1,1
BRDA:65,13,0,4
BRDA:65,13,1,27
BRDA:66,14,0,4
BRDA:66,14,1,23
BRDA:68,15,0,4
BRDA:68,15,1,19
BRDA:69,16,0,4
BRDA:69,16,1,15
BRDA:71,17,0,1
BRDA:71,17,1,245
BRDA:71,18,0,246
BRDA:71,18,1,22
BRDA:79,19,0,28
BRDA:79,19,1,228
BRDA:80,20,0,1
BRDA:80,20,1,27
BRDA:88,21,0,6
BRDA:88,21,1,31
BRDA:92,22,0,20
BRDA:92,22,1,229
BRDA:95,23,0,1
BRDA:95,23,1,19
BRDA:97,24,0,1
BRDA:97,24,1,18
BRDA:99,25,0,1
BRDA:99,25,1,17
BRDA:102,26,0,1
BRDA:102,26,1,50
BRDA:105,27,0,1
BRDA:105,27,1,15
BRDA:106,28,0,1
BRDA:106,28,1,14
BRDA:107,29,0,1
BRDA:107,29,1,13
BRDA:109,30,0,1
BRDA:109,30,1,12
BRDA:116,31,0,1
BRDA:116,31,1,51
BRDA:117,32,0,1
BRDA:117,32,1,50
BRDA:118,33,0,1
BRDA:118,33,1,49
BRDA:120,34,0,39
BRDA:120,34,1,10
BRDA:121,35,0,2
BRDA:121,35,1,37
BRDA:132,36,0,11
BRDA:132,36,1,35
BRDA:133,37,0,1
BRDA:133,37,1,10
BRDA:135,38,0,5
BRDA:135,38,1,5
BRDA:136,39,0,1
BRDA:136,39,1,4
BRDA:139,40,0,5
BRDA:139,40,1,4
BRDA:140,41,0,1
BRDA:140,41,1,4
BRDA:151,42,0,5
BRDA:151,42,1,8
BRDA:154,43,0,1
BRDA:154,43,1,4
BRDA:159,44,0,4
BRDA:159,44,1,38
BRDA:160,45,0,1
BRDA:160,45,1,3
BRDA:167,46,0,2
BRDA:167,46,1,36
BRDA:168,47,0,0
BRDA:168,47,1,2
BRDA:173,48,0,0
BRDA:173,48,1,2
BRDA:179,49,0,5
BRDA:179,49,1,15
BRDA:180,50,0,5
BRDA:180,50,1,0
BRDA:181,51,0,2
BRDA:181,51,1,3
BRDA:184,52,0,0
BRDA:184,52,1,3
BRDA:185,53,0,0
BRDA:185,53,1,0
BRDA:191,54,0,0
BRDA:191,54,1,217
BRDA:192,55,0,2
BRDA:192,55,1,215
BRDA:193,56,0,2
BRDA:193,56,1,213
BRDA:195,57,0,1
BRDA:195,57,1,212
BRDA:195,58,0,213
BRDA:195,58,1,92
BRDA:197,59,0,91
BRDA:197,59,1,121
BRDA:198,60,0,0
BRDA:198,60,1,91
BRDA:202,61,0,1
BRDA:202,61,1,90
BRDA:207,62,0,25
BRDA:207,62,1,186
BRDA:208,63,0,1
BRDA:208,63,1,24
BRDA:209,64,0,1
BRDA:209,64,1,23
BRDA:209,65,0,24
BRDA:209,65,1,6
BRDA:211,66,0,18
BRDA:211,66,1,5
BRDA:212,67,0,1
BRDA:212,67,1,17
BRDA:215,68,0,18
BRDA:215,68,1,4
BRDA:216,69,0,1
BRDA:216,69,1,17
BRDA:220,70,0,6
BRDA:220,70,1,201
BRDA:221,71,0,1
BRDA:221,71,1,5
BRDA:224,72,0,33
BRDA:224,72,1,173
BRDA:225,73,0,1
BRDA:225,73,1,32
BRDA:232,74,0,9
BRDA:232,74,1,195
BRDA:233,75,0,1
BRDA:233,75,1,8
BRDA:237,76,0,0
BRDA:237,76,1,8
BRDA:238,77,0,1
BRDA:238,77,1,7
BRDA:240,78,0,2
BRDA:240,78,1,5
BRDA:241,79,0,1
BRDA:241,79,1,1
BRF:160
BRH:150
end_of_record
TN:
SF:/var/www/gabriela/gabriela/module/executeFactory.js
FN:6,_createResponseProxy
FN:9,(anonymous_1)
FN:12,(anonymous_2)
FN:15,(anonymous_3)
FN:18,(anonymous_4)
FN:21,(anonymous_5)
FN:24,(anonymous_6)
FN:27,(anonymous_7)
FN:34,(anonymous_8)
FN:37,(anonymous_9)
FN:40,(anonymous_10)
FN:43,(anonymous_11)
FN:49,_getResponseEvents
FN:60,_createWorkingDataStructures
FN:83,factory
FN:85,(anonymous_15)
FN:90,(anonymous_16)
FN:149,(anonymous_17)
FNF:18
FNH:8
FNDA:25,_createResponseProxy
FNDA:0,(anonymous_1)
FNDA:0,(anonymous_2)
FNDA:0,(anonymous_3)
FNDA:0,(anonymous_4)
FNDA:0,(anonymous_5)
FNDA:0,(anonymous_6)
FNDA:25,(anonymous_7)
FNDA:0,(anonymous_8)
FNDA:0,(anonymous_9)
FNDA:0,(anonymous_10)
FNDA:0,(anonymous_11)
FNDA:25,_getResponseEvents
FNDA:25,_createWorkingDataStructures
FNDA:150,factory
FNDA:8,(anonymous_15)
FNDA:25,(anonymous_16)
FNDA:142,(anonymous_17)
DA:1,1
DA:2,1
DA:3,1
DA:4,1
DA:7,25
DA:10,0
DA:13,0
DA:16,0
DA:19,0
DA:22,0
DA:25,0
DA:28,25
DA:30,25
DA:32,25
DA:35,0
DA:38,0
DA:41,0
DA:44,0
DA:50,25
DA:51,3
DA:57,22
DA:61,25
DA:63,25
DA:68,25
DA:76,25
DA:84,150
DA:85,8
DA:86,8
DA:87,8
DA:88,8
DA:90,8
DA:91,25
DA:93,25
DA:94,125
DA:97,25
DA:103,25
DA:104,0
DA:109,0
DA:115,25
DA:124,25
DA:125,1
DA:130,1
DA:137,24
DA:139,24
DA:144,24
DA:149,142
DA:150,142
DA:158,142
DA:159,678
DA:164,1
LF:50
LH:38
BRDA:50,0,0,3
BRDA:50,0,1,22
BRDA:84,1,0,8
BRDA:84,1,1,142
BRDA:103,2,0,0
BRDA:103,2,1,25
BRDA:104,3,0,0
BRDA:104,3,1,0
BRDA:115,4,0,2
BRDA:115,4,1,23
BRDA:124,5,0,1
BRDA:124,5,1,24
BRDA:125,6,0,1
BRDA:125,6,1,0
BRDA:139,7,0,1
BRDA:139,7,1,23
BRF:16
BRH:12
end_of_record
TN:
SF:/var/www/gabriela/gabriela/module/moduleFactory.js
FN:8,_addDependencies
FN:52,_createCompiler
FN:67,_resolveMiddleware
FN:99,_createModuleModel
FN:112,(anonymous_4)
FN:115,(anonymous_5)
FN:118,(anonymous_6)
FN:121,(anonymous_7)
FN:125,_bindEventSystem
FN:146,factory
FN:159,(anonymous_10)
FNF:11
FNH:11
FNDA:76,_addDependencies
FNDA:159,_createCompiler
FNDA:159,_resolveMiddleware
FNDA:159,_createModuleModel
FNDA:150,(anonymous_4)
FNDA:367,(anonymous_5)
FNDA:151,(anonymous_6)
FNDA:15,(anonymous_7)
FNDA:159,_bindEventSystem
FNDA:159,factory
FNDA:159,(anonymous_10)
DA:1,1
DA:2,1
DA:3,1
DA:4,1
DA:5,1
DA:6,1
DA:9,76
DA:11,76
DA:12,107
DA:14,107
DA:15,91
DA:16,56
DA:17,56
DA:19,35
DA:20,9
DA:22,9
DA:23,9
DA:25,26
DA:26,26
DA:27,12
DA:32,107
DA:33,16
DA:35,16
DA:36,14
DA:37,17
DA:41,16
DA:42,10
DA:43,12
DA:44,8
DA:53,159
DA:54,159
DA:55,159
DA:57,159
DA:59,159
DA:60,159
DA:62,159
DA:63,76
DA:68,159
DA:70,159
DA:71,795
DA:72,182
DA:73,182
DA:75,182
DA:76,194
DA:77,194
DA:78,13
DA:79,1
DA:82,12
DA:83,181
DA:84,13
DA:86,13
DA:88,13
DA:90,168
DA:94,182
DA:100,159
DA:113,150
DA:116,367
DA:119,151
DA:121,15
DA:126,159
DA:127,159
DA:128,159
DA:130,159
DA:131,20
DA:132,20
DA:134,20
DA:135,31
DA:136,4
DA:147,159
DA:151,159
DA:152,159
DA:154,159
DA:156,159
DA:159,1
DA:160,159
LF:75
LH:75
BRDA:12,0,0,49
BRDA:12,0,1,58
BRDA:12,1,0,107
BRDA:12,1,1,65
BRDA:14,2,0,91
BRDA:14,2,1,16
BRDA:15,3,0,56
BRDA:15,3,1,35
BRDA:16,4,0,56
BRDA:16,4,1,0
BRDA:19,5,0,9
BRDA:19,5,1,26
BRDA:20,6,0,0
BRDA:20,6,1,9
BRDA:22,7,0,9
BRDA:22,7,1,0
BRDA:25,8,0,26
BRDA:25,8,1,0
BRDA:26,9,0,12
BRDA:26,9,1,14
BRDA:32,10,0,16
BRDA:32,10,1,91
BRDA:35,11,0,14
BRDA:35,11,1,2
BRDA:37,12,0,9
BRDA:37,12,1,8
BRDA:41,13,0,10
BRDA:41,13,1,6
BRDA:41,14,0,16
BRDA:41,14,1,12
BRDA:43,15,0,8
BRDA:43,15,1,4
BRDA:57,16,0,71
BRDA:57,16,1,88
BRDA:62,17,0,76
BRDA:62,17,1,83
BRDA:62,18,0,159
BRDA:62,18,1,77
BRDA:71,19,0,182
BRDA:71,19,1,613
BRDA:77,20,0,13
BRDA:77,20,1,181
BRDA:78,21,0,1
BRDA:78,21,1,12
BRDA:78,22,0,13
BRDA:78,22,1,2
BRDA:83,23,0,13
BRDA:83,23,1,168
BRDA:86,24,0,0
BRDA:86,24,1,13
BRDA:119,25,0,4
BRDA:119,25,1,147
BRDA:130,26,0,20
BRDA:130,26,1,139
BRDA:135,27,0,4
BRDA:135,27,1,27
BRDA:135,28,0,31
BRDA:135,28,1,4
BRF:58
BRH:53
end_of_record
TN:
SF:/var/www/gabriela/gabriela/module/moduleRunner.js
FN:6,_assignMediatorEvents
FN:18,_assignEmitterEvents
FN:30,_createContext
FN:37,_handleError
FN:57,_emitImplementationFactory
FN:58,(anonymous_5)
FN:80,factory
FN:81,create
FN:85,(anonymous_8)
FN:88,run
FN:109,getResult
FN:113,instance
FNF:12
FNH:12
FNDA:150,_assignMediatorEvents
FNDA:150,_assignEmitterEvents
FNDA:150,_createContext
FNDA:19,_handleError
FNDA:150,_emitImplementationFactory
FNDA:46,(anonymous_5)
FNDA:1,factory
FNDA:150,create
FNDA:150,(anonymous_8)
FNDA:150,run
FNDA:137,getResult
FNDA:150,instance
DA:1,1
DA:2,1
DA:3,1
DA:4,1
DA:7,150
DA:8,19
DA:10,19
DA:12,19
DA:13,28
DA:19,150
DA:20,3
DA:22,3
DA:24,3
DA:25,5
DA:31,150
DA:38,19
DA:39,5
DA:40,5
DA:43,0
DA:44,0
DA:49,14
DA:52,2
DA:54,1
DA:58,150
DA:59,46
DA:61,45
DA:62,40
DA:65,5
DA:66,1
DA:67,1
DA:69,0
DA:72,4
DA:74,1
DA:76,0
DA:82,150
DA:83,150
DA:85,150
DA:86,150
DA:89,150
DA:91,150
DA:98,150
DA:99,150
DA:101,150
DA:103,131
DA:105,19
DA:110,137
DA:114,150
DA:115,150
DA:118,150
DA:122,1
DA:125,1
LF:51
LH:47
BRDA:7,0,0,19
BRDA:7,0,1,131
BRDA:19,1,0,3
BRDA:19,1,1,147
BRDA:38,2,0,5
BRDA:38,2,1,14
BRDA:39,3,0,5
BRDA:39,3,1,0
BRDA:43,4,0,0
BRDA:43,4,1,0
BRDA:49,5,0,12
BRDA:49,5,1,2
BRDA:52,6,0,1
BRDA:52,6,1,1
BRDA:52,7,0,2
BRDA:52,7,1,2
BRDA:58,8,0,44
BRDA:59,9,0,1
BRDA:59,9,1,45
BRDA:61,10,0,40
BRDA:61,10,1,5
BRDA:65,11,0,1
BRDA:65,11,1,4
BRDA:66,12,0,1
BRDA:66,12,1,0
BRDA:67,13,0,1
BRDA:67,13,1,0
BRDA:67,14,0,1
BRDA:67,14,1,1
BRDA:72,15,0,3
BRDA:72,15,1,1
BRDA:74,16,0,1
BRDA:74,16,1,0
BRDA:74,17,0,1
BRDA:74,17,1,1
BRDA:89,18,0,0
BRDA:89,18,1,150
BRDA:99,19,0,6
BRDA:99,19,1,144
BRDA:103,20,0,6
BRDA:103,20,1,125
BRF:41
BRH:34
end_of_record
TN:
SF:/var/www/gabriela/gabriela/module/moduleTree.js
FN:8,_overrideMiddleware
FN:43,_runConstructedModule
FN:53,_createWorkingDataStructures
FN:63,instance
FN:68,addModule
FN:91,runModule
FN:98,runTree
FN:112,overrideModule
FN:137,removeModule
FN:151,(anonymous_9)
FN:152,(anonymous_10)
FN:153,(anonymous_11)
FN:159,factory
FNF:13
FNH:12
FNDA:1,_overrideMiddleware
FNDA:150,_runConstructedModule
FNDA:193,_createWorkingDataStructures
FNDA:193,instance
FNDA:217,addModule
FNDA:153,runModule
FNDA:88,runTree
FNDA:2,overrideModule
FNDA:2,removeModule
FNDA:162,(anonymous_9)
FNDA:4,(anonymous_10)
FNDA:0,(anonymous_11)
FNDA:193,factory
DA:1,1
DA:2,1
DA:3,1
DA:4,1
DA:5,1
DA:6,1
DA:9,1
DA:10,5
DA:11,1
DA:13,1
DA:14,2
DA:16,2
DA:17,2
DA:18,0
DA:21,2
DA:23,2
DA:24,2
DA:25,2
DA:26,1
DA:28,1
DA:30,1
DA:34,2
DA:35,1
DA:44,150
DA:46,150
DA:48,150
DA:50,137
DA:57,193
DA:64,193
DA:66,193
DA:69,217
DA:71,157
DA:73,156
DA:75,156
DA:84,156
DA:92,153
DA:93,152
DA:95,150
DA:99,88
DA:101,88
DA:103,88
DA:104,128
DA:106,122
DA:109,82
DA:113,2
DA:115,2
DA:116,1
DA:119,1
DA:121,1
DA:123,1
DA:125,1
DA:134,1
DA:138,2
DA:140,2
DA:141,2
DA:143,2
DA:147,193
DA:149,193
DA:150,193
DA:151,193
DA:152,193
DA:153,193
DA:154,193
DA:155,193
DA:156,193
DA:160,193
DA:163,1
LF:67
LH:66
BRDA:10,0,0,1
BRDA:10,0,1,4
BRDA:16,1,0,2
BRDA:16,1,1,0
BRDA:17,2,0,0
BRDA:17,2,1,2
BRDA:25,3,0,1
BRDA:25,3,1,1
BRDA:34,4,0,1
BRDA:34,4,1,1
BRDA:46,5,0,0
BRDA:46,5,1,150
BRDA:71,6,0,1
BRDA:71,6,1,156
BRDA:92,7,0,1
BRDA:92,7,1,152
BRDA:93,8,0,2
BRDA:93,8,1,150
BRDA:115,9,0,1
BRDA:115,9,1,1
BRDA:138,10,0,0
BRDA:138,10,1,2
BRDA:152,11,0,3
BRDA:152,11,1,1
BRF:24
BRH:20
end_of_record
TN:
SF:/var/www/gabriela/gabriela/module/middleware/runMiddleware.js
FN:8,recursiveMiddlewareExec
FN:16,(anonymous_1)
FN:38,(anonymous_2)
FN:77,runMiddleware
FNF:4
FNH:4
FNDA:211,recursiveMiddlewareExec
FNDA:266,(anonymous_1)
FNDA:258,(anonymous_2)
FNDA:803,runMiddleware
DA:1,1
DA:2,1
DA:3,1
DA:4,1
DA:6,1
DA:9,211
DA:16,211
DA:17,266
DA:26,261
DA:28,185
DA:30,146
DA:32,144
DA:34,143
DA:38,258
DA:39,72
DA:41,130
DA:44,202
DA:46,2
DA:48,2
DA:52,5
DA:54,5
DA:55,5
DA:57,5
DA:61,5
DA:62,5
DA:64,5
DA:68,190
DA:70,190
DA:72,190
DA:74,12
DA:78,803
DA:79,199
DA:81,199
DA:83,199
DA:95,1
LF:35
LH:35
BRDA:26,0,0,76
BRDA:26,0,1,185
BRDA:28,1,0,39
BRDA:28,1,1,146
BRDA:30,2,0,2
BRDA:30,2,1,144
BRDA:32,3,0,1
BRDA:32,3,1,143
BRDA:38,4,0,72
BRDA:38,4,1,130
BRDA:44,5,0,2
BRDA:44,5,1,5
BRDA:44,5,2,5
BRDA:72,6,0,178
BRDA:72,6,1,12
BRDA:78,7,0,199
BRDA:78,7,1,604
BRDA:78,8,0,803
BRDA:78,8,1,203
BRDA:84,9,0,199
BRDA:84,9,1,0
BRF:21
BRH:20
end_of_record
TN:
SF:/var/www/gabriela/gabriela/plugin/executeFactory.js
FN:5,factory
FN:6,(anonymous_1)
FNF:2
FNH:2
FNDA:37,factory
FNDA:37,(anonymous_1)
DA:1,1
DA:2,1
DA:3,1
DA:6,37
DA:7,37
DA:14,37
DA:15,37
DA:16,70
DA:19,37
DA:21,37
DA:23,36
DA:26,1
DA:29,1
DA:31,1
DA:36,1
LF:15
LH:15
BRDA:26,0,0,0
BRDA:26,0,1,1
BRDA:29,1,0,0
BRDA:29,1,1,1
BRDA:29,2,0,1
BRDA:29,2,1,1
BRF:6
BRH:4
end_of_record
TN:
SF:/var/www/gabriela/gabriela/plugin/pluginFactory.js
FN:4,_createCompiler
FN:13,_adaptModulesToPlugin
FN:27,_bindEventSystem
FN:40,_createPluginObject
FN:45,(anonymous_4)
FN:48,(anonymous_5)
FN:53,(anonymous_6)
FN:66,factory
FNF:8
FNH:7
FNDA:39,_createCompiler
FNDA:39,_adaptModulesToPlugin
FNDA:39,_bindEventSystem
FNDA:39,_createPluginObject
FNDA:99,(anonymous_4)
FNDA:0,(anonymous_5)
FNDA:112,(anonymous_6)
FNDA:39,factory
DA:1,1
DA:2,1
DA:5,39
DA:6,39
DA:7,39
DA:9,39
DA:10,39
DA:14,39
DA:15,32
DA:17,32
DA:18,59
DA:28,39
DA:29,39
DA:31,39
DA:32,2
DA:34,2
DA:35,2
DA:41,39
DA:46,99
DA:49,0
DA:54,112
DA:59,39
DA:60,39
DA:61,39
DA:63,39
DA:67,39
DA:70,1
LF:27
LH:26
BRDA:14,0,0,32
BRDA:14,0,1,7
BRDA:14,1,0,39
BRDA:14,1,1,33
BRDA:31,2,0,2
BRDA:31,2,1,37
BRF:6
BRH:6
end_of_record
TN:
SF:/var/www/gabriela/gabriela/plugin/pluginRunner.js
FN:3,_assignMediatorEvents
FN:17,factory
FN:18,create
FN:25,run
FN:31,instance
FNF:5
FNH:5
FNDA:37,_assignMediatorEvents
FNDA:1,factory
FNDA:37,create
FNDA:37,run
FNDA:37,instance
DA:1,1
DA:4,37
DA:5,7
DA:7,7
DA:9,7
DA:10,12
DA:11,2
DA:19,37
DA:26,37
DA:27,37
DA:32,37
DA:35,37
DA:38,1
DA:41,1
LF:14
LH:14
BRDA:4,0,0,7
BRDA:4,0,1,30
BRDA:10,1,0,2
BRDA:10,1,1,10
BRDA:26,2,0,37
BRDA:26,2,1,0
BRDA:26,3,0,37
BRDA:26,3,1,37
BRF:8
BRH:7
end_of_record
TN:
SF:/var/www/gabriela/gabriela/plugin/pluginTree.js
FN:8,_createWorkingDataStructures
FN:18,_runConstructedPlugin
FN:24,instance
FN:27,addPlugin
FN:37,hasPlugin
FN:41,getPlugin
FN:47,getPlugins
FN:51,removePlugin
FN:61,runPlugin
FN:72,runTree
FN:89,factory
FNF:11
FNH:11
FNDA:156,_createWorkingDataStructures
FNDA:37,_runConstructedPlugin
FNDA:156,instance
FNDA:49,addPlugin
FNDA:44,hasPlugin
FNDA:3,getPlugin
FNDA:2,getPlugins
FNDA:1,removePlugin
FNDA:39,runPlugin
FNDA:29,runTree
FNDA:156,factory
DA:1,1
DA:2,1
DA:3,1
DA:4,1
DA:6,1
DA:12,156
DA:19,37
DA:21,37
DA:25,156
DA:28,49
DA:30,38
DA:32,37
DA:34,37
DA:38,44
DA:42,3
DA:44,2
DA:48,2
DA:52,1
DA:53,1
DA:55,1
DA:56,1
DA:58,1
DA:62,39
DA:63,38
DA:65,37
DA:66,37
DA:68,37
DA:73,29
DA:75,29
DA:76,22
DA:80,156
DA:81,156
DA:82,156
DA:83,156
DA:84,156
DA:85,156
DA:86,156
DA:90,156
DA:93,1
LF:39
LH:39
BRDA:30,0,0,1
BRDA:30,0,1,37
BRDA:42,1,0,1
BRDA:42,1,1,2
BRDA:52,2,0,0
BRDA:52,2,1,1
BRDA:53,3,0,0
BRDA:53,3,1,1
BRDA:62,4,0,1
BRDA:62,4,1,38
BRDA:63,5,0,1
BRDA:63,5,1,37
BRDA:65,6,0,37
BRDA:65,6,1,0
BRF:14
BRH:11
end_of_record
TN:
SF:/var/www/gabriela/gabriela/process/process.js
FN:5,runApp
FN:24,factory
FN:31,run
FNF:3
FNH:3
FNDA:3,runApp
FNDA:3,factory
FNDA:3,run
DA:1,1
DA:2,1
DA:3,1
DA:12,3
DA:13,3
DA:15,3
DA:16,2
DA:18,2
DA:21,3
DA:32,3
DA:41,3
DA:44,1
LF:12
LH:12
BRDA:15,0,0,2
BRDA:15,0,1,1
BRDA:15,1,0,3
BRDA:15,1,1,2
BRF:4
BRH:4
end_of_record
TN:
SF:/var/www/gabriela/gabriela/server/server.js
FN:9,_validateEvents
FN:27,_resolveOptions
FN:41,_runComponents
FN:46,_listenCallback
FN:56,Server
FN:71,run
FN:72,(anonymous_6)
FN:79,(anonymous_7)
FN:86,close
FNF:9
FNH:9
FNDA:16,_validateEvents
FNDA:13,_resolveOptions
FNDA:13,_runComponents
FNDA:11,_listenCallback
FNDA:16,Server
FNDA:13,run
FNDA:11,(anonymous_6)
FNDA:2,(anonymous_7)
FNDA:13,close
DA:1,1
DA:3,1
DA:4,1
DA:5,1
DA:6,1
DA:7,1
DA:10,16
DA:11,12
DA:14,16
DA:15,4
DA:18,15
DA:19,1
DA:22,14
DA:23,1
DA:28,13
DA:30,13
DA:32,13
DA:42,13
DA:43,13
DA:51,11
DA:53,11
DA:63,16
DA:65,13
DA:67,13
DA:72,13
DA:73,11
DA:80,2
DA:82,0
DA:87,13
DA:89,13
DA:92,13
DA:93,13
DA:96,1
LF:33
LH:32
BRDA:10,0,0,12
BRDA:10,0,1,4
BRDA:10,1,0,16
BRDA:10,1,1,16
BRDA:11,2,0,0
BRDA:11,2,1,12
BRDA:14,3,0,4
BRDA:14,3,1,12
BRDA:14,4,0,16
BRDA:14,4,1,16
BRDA:15,5,0,1
BRDA:15,5,1,3
BRDA:18,6,0,1
BRDA:18,6,1,14
BRDA:18,7,0,15
BRDA:18,7,1,15
BRDA:19,8,0,1
BRDA:19,8,1,0
BRDA:22,9,0,1
BRDA:22,9,1,13
BRDA:22,10,0,14
BRDA:22,10,1,14
BRDA:23,11,0,1
BRDA:23,11,1,0
BRDA:28,12,0,13
BRDA:28,12,1,10
BRDA:30,13,0,3
BRDA:30,13,1,10
BRDA:80,14,0,2
BRDA:80,14,1,0
BRF:30
BRH:26
end_of_record
TN:
SF:/var/www/gabriela/gabriela/util/_waitCheck.js
FN:1,_waitCheck
FNF:1
FNH:1
FNDA:7792,_waitCheck
DA:1,1
DA:2,7792
DA:4,7792
DA:5,150
DA:11,7642
LF:5
LH:5
BRDA:4,0,0,150
BRDA:4,0,1,7642
BRF:2
BRH:2
end_of_record
TN:
SF:/var/www/gabriela/gabriela/util/util.js
FN:1,createGenerator
FN:7,ucFirst
FN:11,is
FN:29,inArray
FN:37,wait
FN:38,(anonymous_5)
FN:39,(anonymous_6)
FN:53,hasKey
FN:59,getArgNames
FN:73,getArgs
FN:101,(anonymous_10)
FN:109,(anonymous_11)
FNF:12
FNH:12
FNDA:199,createGenerator
FNDA:11963,ucFirst
FNDA:11963,is
FNDA:234,inArray
FNDA:130,wait
FNDA:130,(anonymous_5)
FNDA:4039,(anonymous_6)
FNDA:7913,hasKey
FNDA:427,getArgNames
FNDA:362,getArgs
FNDA:343,(anonymous_10)
FNDA:376,(anonymous_11)
DA:2,199
DA:3,211
DA:8,11963
DA:12,11963
DA:14,11963
DA:15,1
DA:18,11962
DA:19,1
DA:22,11961
DA:23,1
DA:26,11960
DA:30,234
DA:31,508
DA:34,87
DA:38,130
DA:39,130
DA:40,4039
DA:42,4039
DA:43,130
DA:46,3909
DA:49,130
DA:54,7913
DA:56,7847
DA:60,427
DA:61,427
DA:63,427
DA:64,427
DA:66,427
DA:67,157
DA:70,427
DA:74,362
DA:76,362
DA:78,362
DA:79,499
DA:80,187
DA:84,312
DA:85,0
DA:90,312
DA:97,362
DA:102,343
DA:104,343
DA:105,1502
DA:110,376
DA:114,1
LF:44
LH:43
BRDA:14,0,0,1
BRDA:14,0,1,11962
BRDA:15,1,0,1
BRDA:15,1,1,1
BRDA:18,2,0,1
BRDA:18,2,1,11961
BRDA:22,3,0,1
BRDA:22,3,1,11960
BRDA:31,4,0,147
BRDA:31,4,1,361
BRDA:42,5,0,130
BRDA:42,5,1,3909
BRDA:54,6,0,66
BRDA:54,6,1,7847
BRDA:66,7,0,157
BRDA:66,7,1,270
BRDA:79,8,0,187
BRDA:79,8,1,312
BRDA:84,9,0,0
BRDA:84,9,1,312
BRDA:84,10,0,312
BRDA:84,10,1,146
BRF:22
BRH:21
end_of_record
TN:
SF:/var/www/gabriela/tests/mocha.js
FN:16,(anonymous_0)
FN:19,(anonymous_1)
FN:26,(anonymous_2)
FN:27,(anonymous_3)
FNF:4
FNH:4
FNDA:33,(anonymous_0)
FNDA:31,(anonymous_1)
FNDA:1,(anonymous_2)
FNDA:1,(anonymous_3)
DA:1,1
DA:2,1
DA:3,1
DA:5,1
DA:10,1
DA:12,1
DA:13,1
DA:15,1
DA:16,2
DA:17,33
DA:20,31
DA:26,1
DA:27,1
DA:28,1
LF:14
LH:14
BRF:0
BRH:0
end_of_record
TN:
SF:/var/www/gabriela/tests/config/config.js
FNF:0
FNH:0
DA:1,1
LF:1
LH:1
BRF:0
BRH:0
end_of_record
TN:
SF:/var/www/gabriela/tests/unit/compiler.spec.js
FN:10,(anonymous_0)
FN:11,(anonymous_1)
FN:19,(anonymous_2)
FN:24,(anonymous_3)
FN:34,(anonymous_4)
FN:35,userService
FN:36,(anonymous_6)
FN:37,(anonymous_7)
FN:107,(anonymous_8)
FN:122,(anonymous_9)
FN:123,UserService
FN:177,(anonymous_11)
FN:180,(anonymous_12)
FN:181,userService
FN:182,(anonymous_14)
FN:183,(anonymous_15)
FN:205,(anonymous_16)
FN:208,(anonymous_17)
FN:209,commentService
FN:210,(anonymous_19)
FN:211,(anonymous_20)
FN:220,(anonymous_21)
FN:221,userService
FN:222,(anonymous_23)
FN:223,(anonymous_24)
FN:258,(anonymous_25)
FN:273,(anonymous_26)
FN:274,UserService
FN:292,(anonymous_28)
FN:297,(anonymous_29)
FN:298,UserService
FN:318,(anonymous_31)
FN:326,(anonymous_32)
FN:327,UserService
FN:346,(anonymous_34)
FN:356,(anonymous_35)
FN:357,UserService
FN:380,(anonymous_37)
FN:385,(anonymous_38)
FN:386,UserRepository
FN:395,(anonymous_40)
FN:396,FriendsRepository
FN:406,(anonymous_42)
FN:407,UserService
FNF:44
FNH:31
FNDA:1,(anonymous_0)
FNDA:1,(anonymous_1)
FNDA:1,(anonymous_2)
FNDA:0,(anonymous_3)
FNDA:0,(anonymous_4)
FNDA:0,userService
FNDA:0,(anonymous_6)
FNDA:0,(anonymous_7)
FNDA:1,(anonymous_8)
FNDA:0,(anonymous_9)
FNDA:0,UserService
FNDA:1,(anonymous_11)
FNDA:1,(anonymous_12)
FNDA:1,userService
FNDA:0,(anonymous_14)
FNDA:0,(anonymous_15)
FNDA:1,(anonymous_16)
FNDA:1,(anonymous_17)
FNDA:1,commentService
FNDA:0,(anonymous_19)
FNDA:0,(anonymous_20)
FNDA:1,(anonymous_21)
FNDA:1,userService
FNDA:0,(anonymous_23)
FNDA:0,(anonymous_24)
FNDA:1,(anonymous_25)
FNDA:1,(anonymous_26)
FNDA:1,UserService
FNDA:1,(anonymous_28)
FNDA:1,(anonymous_29)
FNDA:1,UserService
FNDA:1,(anonymous_31)
FNDA:1,(anonymous_32)
FNDA:1,UserService
FNDA:1,(anonymous_34)
FNDA:1,(anonymous_35)
FNDA:1,UserService
FNDA:1,(anonymous_37)
FNDA:1,(anonymous_38)
FNDA:1,UserRepository
FNDA:1,(anonymous_40)
FNDA:1,FriendsRepository
FNDA:1,(anonymous_42)
FNDA:1,UserService
DA:1,1
DA:2,1
DA:4,1
DA:5,1
DA:6,1
DA:8,1
DA:10,1
DA:11,1
DA:12,1
DA:13,1
DA:15,1
DA:16,1
DA:19,1
DA:20,1
DA:36,0
DA:37,0
DA:40,0
DA:44,1
DA:46,1
DA:48,1
DA:50,1
DA:51,1
DA:52,1
DA:54,1
DA:55,1
DA:57,1
DA:58,1
DA:60,1
DA:61,1
DA:63,1
DA:64,1
DA:66,1
DA:67,1
DA:69,1
DA:70,1
DA:72,1
DA:73,1
DA:75,1
DA:76,1
DA:78,1
DA:80,1
DA:81,1
DA:83,1
DA:85,1
DA:86,1
DA:87,1
DA:89,1
DA:90,1
DA:92,1
DA:93,1
DA:94,1
DA:96,1
DA:98,1
DA:100,1
DA:101,1
DA:102,1
DA:103,1
DA:104,1
DA:107,1
DA:108,1
DA:109,1
DA:110,1
DA:111,1
DA:113,1
DA:115,1
DA:116,1
DA:117,1
DA:118,1
DA:120,1
DA:125,0
DA:129,1
DA:131,1
DA:133,1
DA:134,1
DA:135,1
DA:137,1
DA:138,1
DA:140,1
DA:141,1
DA:143,1
DA:144,1
DA:146,1
DA:147,1
DA:149,1
DA:150,1
DA:152,1
DA:153,1
DA:155,1
DA:157,1
DA:158,1
DA:160,1
DA:161,1
DA:163,1
DA:164,1
DA:165,1
DA:167,1
DA:168,1
DA:170,1
DA:171,1
DA:172,1
DA:174,1
DA:177,1
DA:178,1
DA:182,1
DA:183,1
DA:186,1
DA:190,1
DA:192,1
DA:194,1
DA:196,1
DA:197,1
DA:199,1
DA:201,1
DA:202,1
DA:205,1
DA:206,1
DA:210,1
DA:211,1
DA:214,1
DA:218,1
DA:222,1
DA:223,1
DA:225,1
DA:228,1
DA:232,1
DA:233,1
DA:235,1
DA:236,1
DA:238,1
DA:240,1
DA:241,1
DA:242,1
DA:244,1
DA:246,1
DA:247,1
DA:249,1
DA:251,1
DA:255,1
DA:258,1
DA:259,1
DA:260,1
DA:261,1
DA:262,1
DA:264,1
DA:266,1
DA:267,1
DA:268,1
DA:269,1
DA:271,1
DA:276,1
DA:280,1
DA:282,1
DA:284,1
DA:285,1
DA:287,1
DA:289,1
DA:292,1
DA:293,1
DA:295,1
DA:300,1
DA:304,1
DA:306,1
DA:308,1
DA:309,1
DA:311,1
DA:313,1
DA:314,1
DA:315,1
DA:318,1
DA:319,1
DA:320,1
DA:322,1
DA:324,1
DA:329,1
DA:333,1
DA:335,1
DA:337,1
DA:339,1
DA:341,1
DA:343,1
DA:346,1
DA:347,1
DA:348,1
DA:349,1
DA:351,1
DA:352,1
DA:354,1
DA:359,1
DA:363,1
DA:365,1
DA:367,1
DA:369,1
DA:370,1
DA:371,1
DA:373,1
DA:375,1
DA:376,1
DA:377,1
DA:380,1
DA:381,1
DA:383,1
DA:388,1
DA:392,1
DA:398,1
DA:402,1
DA:408,1
DA:409,1
DA:412,1
DA:416,1
DA:418,1
DA:419,1
DA:421,1
DA:422,1
DA:424,1
DA:426,1
DA:427,1
DA:429,1
DA:431,1
DA:432,1
LF:219
LH:215
BRF:0
BRH:0
end_of_record
TN:
SF:/var/www/gabriela/tests/unit/compilerPass.spec.js
FN:11,(anonymous_0)
FN:12,(anonymous_1)
FN:19,(anonymous_2)
FN:24,(anonymous_3)
FN:25,PrivateDependency
FN:34,(anonymous_5)
FN:35,UserService
FN:48,(anonymous_7)
FN:59,(anonymous_8)
FNF:9
FNH:9
FNDA:1,(anonymous_0)
FNDA:1,(anonymous_1)
FNDA:1,(anonymous_2)
FNDA:1,(anonymous_3)
FNDA:1,PrivateDependency
FNDA:1,(anonymous_5)
FNDA:1,UserService
FNDA:1,(anonymous_7)
FNDA:1,(anonymous_8)
DA:1,1
DA:2,1
DA:4,1
DA:5,1
DA:6,1
DA:8,1
DA:9,1
DA:11,1
DA:12,1
DA:13,1
DA:14,1
DA:16,1
DA:20,1
DA:22,1
DA:26,1
DA:29,1
DA:36,1
DA:39,1
DA:43,1
DA:45,1
DA:49,1
DA:51,1
DA:52,1
DA:53,1
DA:54,1
DA:59,1
DA:60,1
DA:61,1
LF:28
LH:28
BRF:0
BRH:0
end_of_record
TN:
SF:/var/www/gabriela/tests/unit/config.spec.js
FN:11,(anonymous_0)
FN:12,(anonymous_1)
FNF:2
FNH:2
FNDA:1,(anonymous_0)
FNDA:1,(anonymous_1)
DA:1,1
DA:2,1
DA:4,1
DA:5,1
DA:6,1
DA:8,1
DA:9,1
DA:11,1
DA:12,1
DA:13,1
DA:19,1
DA:20,1
DA:21,1
LF:13
LH:13
BRF:0
BRH:0
end_of_record
TN:
SF:/var/www/gabriela/tests/unit/dependencyInjectionExpressions.spec.js
FN:11,(anonymous_0)
FN:12,(anonymous_1)
FN:17,(anonymous_2)
FN:18,validate
FN:38,(anonymous_4)
FN:45,(anonymous_5)
FN:51,(anonymous_6)
FN:52,validate
FN:66,(anonymous_8)
FN:67,validate
FN:89,(anonymous_10)
FN:103,(anonymous_11)
FN:109,(anonymous_12)
FN:110,validate
FN:122,(anonymous_14)
FN:123,validate
FN:158,(anonymous_16)
FN:164,(anonymous_17)
FN:171,(anonymous_18)
FN:172,UserRepository
FN:181,(anonymous_20)
FN:182,validate
FN:196,(anonymous_22)
FN:197,validate
FN:234,(anonymous_24)
FN:240,(anonymous_25)
FN:250,(anonymous_26)
FN:251,UserRepository
FN:260,(anonymous_28)
FN:279,(anonymous_29)
FN:280,validate
FN:295,(anonymous_31)
FN:311,(anonymous_32)
FN:312,validate
FN:342,(anonymous_34)
FNF:35
FNH:35
FNDA:1,(anonymous_0)
FNDA:1,(anonymous_1)
FNDA:1,(anonymous_2)
FNDA:1,validate
FNDA:1,(anonymous_4)
FNDA:1,(anonymous_5)
FNDA:1,(anonymous_6)
FNDA:1,validate
FNDA:1,(anonymous_8)
FNDA:1,validate
FNDA:1,(anonymous_10)
FNDA:1,(anonymous_11)
FNDA:2,(anonymous_12)
FNDA:2,validate
FNDA:2,(anonymous_14)
FNDA:2,validate
FNDA:1,(anonymous_16)
FNDA:1,(anonymous_17)
FNDA:3,(anonymous_18)
FNDA:3,UserRepository
FNDA:2,(anonymous_20)
FNDA:2,validate
FNDA:2,(anonymous_22)
FNDA:2,validate
FNDA:1,(anonymous_24)
FNDA:1,(anonymous_25)
FNDA:2,(anonymous_26)
FNDA:2,UserRepository
FNDA:1,(anonymous_28)
FNDA:1,(anonymous_29)
FNDA:1,validate
FNDA:1,(anonymous_31)
FNDA:1,(anonymous_32)
FNDA:1,validate
FNDA:1,(anonymous_34)
DA:1,1
DA:2,1
DA:4,1
DA:5,1
DA:6,1
DA:8,1
DA:9,1
DA:11,1
DA:12,1
DA:13,1
DA:15,1
DA:19,1
DA:21,1
DA:24,1
DA:28,1
DA:34,1
DA:36,1
DA:38,1
DA:39,1
DA:41,1
DA:45,1
DA:46,1
DA:47,1
DA:49,1
DA:53,1
DA:55,1
DA:57,1
DA:60,1
DA:64,1
DA:68,1
DA:70,1
DA:72,1
DA:75,1
DA:79,1
DA:85,1
DA:87,1
DA:89,1
DA:90,1
DA:91,1
DA:93,1
DA:94,1
DA:96,1
DA:97,1
DA:99,1
DA:103,1
DA:104,1
DA:105,1
DA:107,1
DA:111,2
DA:113,2
DA:116,2
DA:120,1
DA:124,2
DA:126,2
DA:129,2
DA:133,1
DA:139,1
DA:145,1
DA:151,1
DA:153,1
DA:158,1
DA:159,1
DA:160,1
DA:164,1
DA:165,1
DA:166,1
DA:168,1
DA:174,3
DA:178,1
DA:183,2
DA:185,2
DA:187,2
DA:190,2
DA:194,1
DA:198,2
DA:200,2
DA:202,2
DA:205,2
DA:209,1
DA:215,1
DA:221,1
DA:227,1
DA:229,1
DA:234,1
DA:235,1
DA:236,1
DA:240,1
DA:241,1
DA:242,1
DA:244,1
DA:245,1
DA:247,1
DA:253,2
DA:257,1
DA:261,1
DA:263,1
DA:264,1
DA:265,1
DA:267,1
DA:269,1
DA:270,1
DA:271,1
DA:273,1
DA:274,1
DA:275,1
DA:281,1
DA:283,1
DA:285,1
DA:288,1
DA:292,1
DA:296,1
DA:298,1
DA:299,1
DA:301,1
DA:302,1
DA:303,1
DA:305,1
DA:306,1
DA:307,1
DA:313,1
DA:315,1
DA:317,1
DA:320,1
DA:324,1
DA:330,1
DA:340,1
DA:342,1
DA:343,1
DA:344,1
LF:129
LH:129
BRF:0
BRH:0
end_of_record
TN:
SF:/var/www/gabriela/tests/unit/dependencyInjectionModule.spec.js
FN:12,(anonymous_0)
FN:15,(anonymous_1)
FN:18,(anonymous_2)
FN:19,FriendsRepository
FN:29,(anonymous_4)
FN:30,UserRepository
FN:42,(anonymous_6)
FN:43,UserRepository
FN:57,(anonymous_8)
FN:76,(anonymous_9)
FN:81,(anonymous_10)
FN:86,(anonymous_11)
FN:87,UserService
FN:92,(anonymous_13)
FN:93,(anonymous_14)
FN:104,(anonymous_15)
FN:119,(anonymous_16)
FN:124,(anonymous_17)
FN:128,(anonymous_18)
FN:129,FriendsRepository
FN:133,(anonymous_20)
FN:135,(anonymous_21)
FN:145,(anonymous_22)
FN:146,UserRepository
FN:152,(anonymous_24)
FN:153,(anonymous_25)
FN:164,(anonymous_26)
FN:165,UserService
FN:172,(anonymous_28)
FN:173,(anonymous_29)
FN:184,(anonymous_30)
FN:203,(anonymous_31)
FN:208,(anonymous_32)
FN:219,(anonymous_33)
FN:230,(anonymous_34)
FN:241,(anonymous_35)
FN:257,(anonymous_36)
FN:285,(anonymous_37)
FN:296,(anonymous_38)
FN:297,(anonymous_39)
FN:309,(anonymous_40)
FN:310,(anonymous_41)
FN:322,(anonymous_42)
FN:323,(anonymous_43)
FN:341,(anonymous_44)
FN:369,(anonymous_45)
FN:378,(anonymous_46)
FN:379,(anonymous_47)
FN:396,(anonymous_48)
FN:397,(anonymous_49)
FN:405,(anonymous_50)
FN:406,(anonymous_51)
FN:415,(anonymous_52)
FN:422,(anonymous_53)
FN:432,(anonymous_54)
FN:439,(anonymous_55)
FN:447,(anonymous_56)
FN:459,(anonymous_57)
FN:468,(anonymous_58)
FN:476,(anonymous_59)
FN:483,(anonymous_60)
FN:489,(anonymous_61)
FN:495,(anonymous_62)
FN:507,(anonymous_63)
FNF:64
FNH:61
FNDA:1,(anonymous_0)
FNDA:1,(anonymous_1)
FNDA:1,(anonymous_2)
FNDA:1,FriendsRepository
FNDA:1,(anonymous_4)
FNDA:1,UserRepository
FNDA:1,(anonymous_6)
FNDA:1,UserRepository
FNDA:1,(anonymous_8)
FNDA:1,(anonymous_9)
FNDA:1,(anonymous_10)
FNDA:1,(anonymous_11)
FNDA:1,UserService
FNDA:1,(anonymous_13)
FNDA:1,(anonymous_14)
FNDA:1,(anonymous_15)
FNDA:1,(anonymous_16)
FNDA:1,(anonymous_17)
FNDA:1,(anonymous_18)
FNDA:1,FriendsRepository
FNDA:1,(anonymous_20)
FNDA:1,(anonymous_21)
FNDA:1,(anonymous_22)
FNDA:1,UserRepository
FNDA:1,(anonymous_24)
FNDA:1,(anonymous_25)
FNDA:1,(anonymous_26)
FNDA:1,UserService
FNDA:1,(anonymous_28)
FNDA:1,(anonymous_29)
FNDA:1,(anonymous_30)
FNDA:1,(anonymous_31)
FNDA:1,(anonymous_32)
FNDA:1,(anonymous_33)
FNDA:1,(anonymous_34)
FNDA:1,(anonymous_35)
FNDA:1,(anonymous_36)
FNDA:1,(anonymous_37)
FNDA:1,(anonymous_38)
FNDA:1,(anonymous_39)
FNDA:1,(anonymous_40)
FNDA:1,(anonymous_41)
FNDA:1,(anonymous_42)
FNDA:1,(anonymous_43)
FNDA:1,(anonymous_44)
FNDA:1,(anonymous_45)
FNDA:0,(anonymous_46)
FNDA:0,(anonymous_47)
FNDA:1,(anonymous_48)
FNDA:1,(anonymous_49)
FNDA:1,(anonymous_50)
FNDA:1,(anonymous_51)
FNDA:1,(anonymous_52)
FNDA:1,(anonymous_53)
FNDA:0,(anonymous_54)
FNDA:1,(anonymous_55)
FNDA:1,(anonymous_56)
FNDA:1,(anonymous_57)
FNDA:1,(anonymous_58)
FNDA:1,(anonymous_59)
FNDA:1,(anonymous_60)
FNDA:1,(anonymous_61)
FNDA:1,(anonymous_62)
FNDA:1,(anonymous_63)
DA:1,1
DA:2,1
DA:3,1
DA:5,1
DA:6,1
DA:7,1
DA:9,1
DA:10,1
DA:12,1
DA:13,1
DA:15,1
DA:16,1
DA:20,1
DA:23,1
DA:27,1
DA:31,1
DA:33,1
DA:36,1
DA:40,1
DA:44,1
DA:46,1
DA:49,1
DA:53,1
DA:54,1
DA:58,1
DA:60,1
DA:61,1
DA:63,1
DA:64,1
DA:66,1
DA:68,1
DA:72,1
DA:74,1
DA:76,1
DA:77,1
DA:81,1
DA:82,1
DA:88,1
DA:89,1
DA:92,1
DA:93,1
DA:94,1
DA:100,1
DA:101,1
DA:105,1
DA:107,1
DA:108,1
DA:109,1
DA:111,1
DA:115,1
DA:117,1
DA:119,1
DA:120,1
DA:124,1
DA:125,1
DA:130,1
DA:133,1
DA:135,1
DA:136,1
DA:142,1
DA:147,1
DA:149,1
DA:152,1
DA:153,1
DA:154,1
DA:160,1
DA:166,1
DA:167,1
DA:169,1
DA:172,1
DA:173,1
DA:174,1
DA:180,1
DA:181,1
DA:185,1
DA:187,1
DA:188,1
DA:190,1
DA:191,1
DA:193,1
DA:195,1
DA:199,1
DA:201,1
DA:203,1
DA:204,1
DA:208,1
DA:209,1
DA:210,1
DA:211,1
DA:213,1
DA:214,1
DA:215,1
DA:217,1
DA:220,1
DA:222,1
DA:224,1
DA:228,1
DA:231,1
DA:233,1
DA:235,1
DA:239,1
DA:242,1
DA:244,1
DA:246,1
DA:250,1
DA:252,1
DA:253,1
DA:254,1
DA:256,1
DA:257,1
DA:258,1
DA:259,1
DA:260,1
DA:262,1
DA:263,1
DA:264,1
DA:266,1
DA:267,1
DA:268,1
DA:270,1
DA:271,1
DA:272,1
DA:274,1
DA:275,1
DA:276,1
DA:278,1
DA:281,0
DA:285,1
DA:286,1
DA:287,1
DA:288,1
DA:290,1
DA:291,1
DA:292,1
DA:294,1
DA:297,1
DA:298,1
DA:300,1
DA:302,1
DA:307,1
DA:310,1
DA:311,1
DA:313,1
DA:315,1
DA:320,1
DA:323,1
DA:325,1
DA:327,1
DA:329,1
DA:334,1
DA:336,1
DA:337,1
DA:338,1
DA:340,1
DA:341,1
DA:342,1
DA:343,1
DA:344,1
DA:346,1
DA:347,1
DA:348,1
DA:350,1
DA:351,1
DA:352,1
DA:354,1
DA:355,1
DA:356,1
DA:358,1
DA:359,1
DA:360,1
DA:362,1
DA:365,0
DA:369,1
DA:370,1
DA:371,1
DA:372,1
DA:374,1
DA:379,0
DA:380,0
DA:382,0
DA:388,1
DA:390,1
DA:392,1
DA:397,1
DA:398,1
DA:400,1
DA:406,1
DA:407,1
DA:409,1
DA:415,1
DA:416,1
DA:417,1
DA:418,1
DA:422,1
DA:423,1
DA:424,1
DA:425,1
DA:427,1
DA:433,0
DA:435,0
DA:440,1
DA:442,1
DA:448,1
DA:450,1
DA:455,1
DA:457,1
DA:459,1
DA:460,1
DA:461,1
DA:462,1
DA:464,1
DA:468,1
DA:469,1
DA:470,1
DA:471,1
DA:472,1
DA:474,1
DA:477,1
DA:479,1
DA:484,1
DA:486,1
DA:490,1
DA:492,1
DA:496,1
DA:498,1
DA:503,1
DA:505,1
DA:507,1
DA:508,1
DA:509,1
DA:510,1
DA:511,1
DA:513,1
LF:233
LH:226
BRF:0
BRH:0
end_of_record
TN:
SF:/var/www/gabriela/tests/unit/dependencyInjectionPrivate.spec.js
FN:11,(anonymous_0)
FN:12,(anonymous_1)
FN:15,(anonymous_2)
FN:16,UserRepository
FN:24,(anonymous_4)
FN:25,FriendsRepository
FN:34,(anonymous_6)
FN:35,UserService
FN:48,(anonymous_8)
FN:59,(anonymous_9)
FN:69,(anonymous_10)
FN:72,(anonymous_11)
FN:73,UserRepository
FN:82,(anonymous_13)
FN:83,FriendsRepository
FN:96,(anonymous_15)
FN:97,UserService
FN:111,(anonymous_17)
FN:122,(anonymous_18)
FN:136,(anonymous_19)
FN:148,(anonymous_20)
FN:164,(anonymous_21)
FN:180,(anonymous_22)
FN:183,(anonymous_23)
FN:184,UserRepository
FN:193,(anonymous_25)
FN:194,FriendsRepository
FN:204,(anonymous_27)
FN:205,UserService
FN:222,(anonymous_29)
FN:237,(anonymous_30)
FN:246,(anonymous_31)
FN:255,(anonymous_32)
FN:276,(anonymous_33)
FN:279,(anonymous_34)
FN:291,(anonymous_35)
FN:314,(anonymous_36)
FN:317,(anonymous_37)
FN:318,UserRepository
FN:327,(anonymous_39)
FN:328,FriendsRepository
FN:338,(anonymous_41)
FN:339,UserService
FN:356,(anonymous_43)
FN:371,(anonymous_44)
FN:380,(anonymous_45)
FN:389,(anonymous_46)
FN:410,(anonymous_47)
FN:413,(anonymous_48)
FN:435,(anonymous_49)
FN:442,(anonymous_50)
FN:443,(anonymous_51)
FN:446,(anonymous_52)
FN:456,(anonymous_53)
FN:460,(anonymous_54)
FN:461,(anonymous_55)
FN:470,(anonymous_56)
FN:477,(anonymous_57)
FNF:58
FNH:55
FNDA:1,(anonymous_0)
FNDA:1,(anonymous_1)
FNDA:1,(anonymous_2)
FNDA:1,UserRepository
FNDA:1,(anonymous_4)
FNDA:1,FriendsRepository
FNDA:1,(anonymous_6)
FNDA:1,UserService
FNDA:1,(anonymous_8)
FNDA:1,(anonymous_9)
FNDA:1,(anonymous_10)
FNDA:1,(anonymous_11)
FNDA:1,UserRepository
FNDA:2,(anonymous_13)
FNDA:2,FriendsRepository
FNDA:1,(anonymous_15)
FNDA:1,UserService
FNDA:3,(anonymous_17)
FNDA:3,(anonymous_18)
FNDA:1,(anonymous_19)
FNDA:1,(anonymous_20)
FNDA:1,(anonymous_21)
FNDA:1,(anonymous_22)
FNDA:1,(anonymous_23)
FNDA:1,UserRepository
FNDA:1,(anonymous_25)
FNDA:1,FriendsRepository
FNDA:1,(anonymous_27)
FNDA:1,UserService
FNDA:3,(anonymous_29)
FNDA:2,(anonymous_30)
FNDA:1,(anonymous_31)
FNDA:1,(anonymous_32)
FNDA:1,(anonymous_33)
FNDA:1,(anonymous_34)
FNDA:1,(anonymous_35)
FNDA:1,(anonymous_36)
FNDA:1,(anonymous_37)
FNDA:1,UserRepository
FNDA:1,(anonymous_39)
FNDA:1,FriendsRepository
FNDA:1,(anonymous_41)
FNDA:1,UserService
FNDA:3,(anonymous_43)
FNDA:2,(anonymous_44)
FNDA:1,(anonymous_45)
FNDA:1,(anonymous_46)
FNDA:1,(anonymous_47)
FNDA:1,(anonymous_48)
FNDA:1,(anonymous_49)
FNDA:1,(anonymous_50)
FNDA:0,(anonymous_51)
FNDA:0,(anonymous_52)
FNDA:1,(anonymous_53)
FNDA:1,(anonymous_54)
FNDA:0,(anonymous_55)
FNDA:1,(anonymous_56)
FNDA:1,(anonymous_57)
DA:1,1
DA:2,1
DA:4,1
DA:5,1
DA:6,1
DA:8,1
DA:9,1
DA:11,1
DA:12,1
DA:13,1
DA:18,1
DA:22,1
DA:27,1
DA:31,1
DA:36,1
DA:37,1
DA:40,1
DA:45,1
DA:49,1
DA:51,1
DA:55,1
DA:57,1
DA:59,1
DA:60,1
DA:61,1
DA:62,1
DA:64,1
DA:65,1
DA:69,1
DA:70,1
DA:75,1
DA:79,1
DA:85,2
DA:89,1
DA:98,1
DA:99,1
DA:102,1
DA:108,1
DA:112,3
DA:113,3
DA:115,3
DA:119,1
DA:123,3
DA:125,3
DA:129,1
DA:131,1
DA:136,1
DA:137,1
DA:138,1
DA:140,1
DA:141,1
DA:143,1
DA:144,1
DA:146,1
DA:148,1
DA:149,1
DA:150,1
DA:152,1
DA:153,1
DA:155,1
DA:156,1
DA:158,1
DA:160,1
DA:164,1
DA:165,1
DA:166,1
DA:168,1
DA:169,1
DA:171,1
DA:172,1
DA:174,1
DA:177,1
DA:180,1
DA:181,1
DA:186,1
DA:190,1
DA:196,1
DA:200,1
DA:206,1
DA:207,1
DA:210,1
DA:217,1
DA:219,1
DA:223,3
DA:224,1
DA:225,2
DA:226,1
DA:227,1
DA:228,1
DA:231,3
DA:235,1
DA:238,2
DA:240,2
DA:244,1
DA:247,1
DA:249,1
DA:253,1
DA:256,1
DA:258,1
DA:262,1
DA:264,1
DA:266,1
DA:271,1
DA:276,1
DA:277,1
DA:279,1
DA:280,1
DA:281,1
DA:282,1
DA:284,1
DA:286,1
DA:287,1
DA:288,1
DA:291,1
DA:292,1
DA:294,1
DA:295,1
DA:296,1
DA:298,1
DA:299,1
DA:300,1
DA:302,1
DA:303,4
DA:304,4
DA:305,4
DA:308,1
DA:314,1
DA:315,1
DA:320,1
DA:324,1
DA:330,1
DA:334,1
DA:340,1
DA:341,1
DA:344,1
DA:351,1
DA:353,1
DA:357,3
DA:358,1
DA:359,2
DA:360,1
DA:361,1
DA:362,1
DA:365,3
DA:369,1
DA:372,2
DA:374,2
DA:378,1
DA:381,1
DA:383,1
DA:387,1
DA:390,1
DA:392,1
DA:396,1
DA:398,1
DA:400,1
DA:405,1
DA:410,1
DA:411,1
DA:413,1
DA:414,1
DA:416,1
DA:417,1
DA:418,1
DA:420,1
DA:421,1
DA:422,1
DA:424,1
DA:425,4
DA:426,4
DA:427,4
DA:430,1
DA:435,1
DA:436,1
DA:437,1
DA:438,1
DA:440,1
DA:443,1
DA:447,0
DA:452,1
DA:457,1
DA:461,1
DA:465,1
DA:467,1
DA:471,1
DA:473,1
DA:477,1
DA:478,1
DA:479,1
DA:480,1
LF:190
LH:189
BRDA:223,0,0,1
BRDA:223,0,1,2
BRDA:225,1,0,1
BRDA:225,1,1,1
BRDA:227,2,0,1
BRDA:227,2,1,0
BRDA:357,3,0,1
BRDA:357,3,1,2
BRDA:359,4,0,1
BRDA:359,4,1,1
BRDA:361,5,0,1
BRDA:361,5,1,0
BRF:12
BRH:10
end_of_record
TN:
SF:/var/www/gabriela/tests/unit/dependencyInjectionScope.spec.js
FN:11,(anonymous_0)
FN:12,(anonymous_1)
FN:15,(anonymous_2)
FN:16,UserService
FN:28,(anonymous_4)
FN:38,(anonymous_5)
FN:48,(anonymous_6)
FN:61,(anonymous_7)
FN:73,(anonymous_8)
FN:77,(anonymous_9)
FN:78,UserService
FN:88,(anonymous_11)
FN:97,(anonymous_12)
FN:119,(anonymous_13)
FN:126,(anonymous_14)
FN:139,(anonymous_15)
FN:143,(anonymous_16)
FN:144,PublicDep
FN:154,(anonymous_18)
FN:164,(anonymous_19)
FN:173,(anonymous_20)
FN:205,(anonymous_21)
FN:206,(anonymous_22)
FN:207,(anonymous_23)
FN:218,(anonymous_24)
FN:219,(anonymous_25)
FN:220,(anonymous_26)
FN:238,(anonymous_27)
FN:243,(anonymous_28)
FN:244,UserRepository
FN:253,(anonymous_30)
FN:254,UserService
FN:266,(anonymous_32)
FN:267,UserService
FN:280,(anonymous_34)
FN:281,UserService
FN:293,(anonymous_36)
FN:306,(anonymous_37)
FNF:38
FNH:34
FNDA:1,(anonymous_0)
FNDA:1,(anonymous_1)
FNDA:3,(anonymous_2)
FNDA:3,UserService
FNDA:1,(anonymous_4)
FNDA:1,(anonymous_5)
FNDA:1,(anonymous_6)
FNDA:1,(anonymous_7)
FNDA:1,(anonymous_8)
FNDA:2,(anonymous_9)
FNDA:2,UserService
FNDA:2,(anonymous_11)
FNDA:2,(anonymous_12)
FNDA:1,(anonymous_13)
FNDA:1,(anonymous_14)
FNDA:1,(anonymous_15)
FNDA:1,(anonymous_16)
FNDA:1,PublicDep
FNDA:2,(anonymous_18)
FNDA:4,(anonymous_19)
FNDA:4,(anonymous_20)
FNDA:1,(anonymous_21)
FNDA:1,(anonymous_22)
FNDA:1,(anonymous_23)
FNDA:1,(anonymous_24)
FNDA:1,(anonymous_25)
FNDA:1,(anonymous_26)
FNDA:1,(anonymous_27)
FNDA:1,(anonymous_28)
FNDA:1,UserRepository
FNDA:0,(anonymous_30)
FNDA:0,UserService
FNDA:0,(anonymous_32)
FNDA:0,UserService
FNDA:1,(anonymous_34)
FNDA:1,UserService
FNDA:1,(anonymous_36)
FNDA:1,(anonymous_37)
DA:1,1
DA:2,1
DA:4,1
DA:5,1
DA:6,1
DA:8,1
DA:9,1
DA:11,1
DA:12,1
DA:13,1
DA:18,3
DA:25,1
DA:29,1
DA:31,1
DA:35,1
DA:39,1
DA:41,1
DA:45,1
DA:49,1
DA:51,1
DA:55,1
DA:57,1
DA:58,1
DA:59,1
DA:61,1
DA:62,1
DA:63,1
DA:65,1
DA:66,1
DA:67,1
DA:69,1
DA:73,1
DA:74,1
DA:80,2
DA:84,1
DA:85,1
DA:89,2
DA:91,2
DA:95,1
DA:98,2
DA:100,2
DA:104,1
DA:109,1
DA:114,1
DA:116,1
DA:117,1
DA:119,1
DA:120,1
DA:121,1
DA:123,1
DA:124,1
DA:126,1
DA:127,1
DA:128,1
DA:130,1
DA:131,1
DA:132,1
DA:134,1
DA:139,1
DA:140,1
DA:146,1
DA:150,1
DA:151,1
DA:155,2
DA:157,2
DA:161,1
DA:165,4
DA:167,4
DA:171,1
DA:174,4
DA:176,4
DA:180,1
DA:185,1
DA:190,1
DA:192,1
DA:193,1
DA:194,1
DA:205,1
DA:206,1
DA:207,1
DA:208,1
DA:210,1
DA:211,5
DA:212,25
DA:216,1
DA:218,1
DA:219,1
DA:220,1
DA:221,1
DA:223,1
DA:224,5
DA:225,25
DA:229,1
DA:238,1
DA:241,1
DA:246,1
DA:250,1
DA:255,0
DA:258,0
DA:262,1
DA:268,0
DA:269,0
DA:272,0
DA:276,1
DA:282,1
DA:283,1
DA:286,1
DA:290,1
DA:294,1
DA:295,1
DA:299,1
DA:301,1
DA:306,1
DA:307,1
DA:309,1
LF:115
LH:110
BRF:0
BRH:0
end_of_record
TN:
SF:/var/www/gabriela/tests/unit/dependencyInjectionSharedScope.spec.js
FN:11,(anonymous_0)
FN:12,(anonymous_1)
FN:19,(anonymous_2)
FN:20,UserService
FN:29,(anonymous_4)
FN:30,UserRepository
FN:38,(anonymous_6)
FN:39,UserService
FN:53,(anonymous_8)
FN:62,(anonymous_9)
FN:73,(anonymous_10)
FN:93,(anonymous_11)
FN:94,(anonymous_12)
FN:110,(anonymous_13)
FN:111,(anonymous_14)
FN:129,(anonymous_15)
FN:137,(anonymous_16)
FN:138,PluginDep
FN:146,(anonymous_18)
FN:147,SharedDep
FN:159,(anonymous_20)
FN:168,(anonymous_21)
FN:191,(anonymous_22)
FN:192,(anonymous_23)
FNF:24
FNH:24
FNDA:1,(anonymous_0)
FNDA:1,(anonymous_1)
FNDA:1,(anonymous_2)
FNDA:1,UserService
FNDA:1,(anonymous_4)
FNDA:1,UserRepository
FNDA:3,(anonymous_6)
FNDA:3,UserService
FNDA:4,(anonymous_8)
FNDA:4,(anonymous_9)
FNDA:4,(anonymous_10)
FNDA:1,(anonymous_11)
FNDA:1,(anonymous_12)
FNDA:1,(anonymous_13)
FNDA:1,(anonymous_14)
FNDA:1,(anonymous_15)
FNDA:1,(anonymous_16)
FNDA:1,PluginDep
FNDA:1,(anonymous_18)
FNDA:1,SharedDep
FNDA:2,(anonymous_20)
FNDA:1,(anonymous_21)
FNDA:1,(anonymous_22)
FNDA:1,(anonymous_23)
DA:1,1
DA:2,1
DA:4,1
DA:5,1
DA:6,1
DA:8,1
DA:9,1
DA:11,1
DA:12,1
DA:13,1
DA:22,1
DA:26,1
DA:32,1
DA:36,1
DA:41,3
DA:45,1
DA:50,1
DA:54,4
DA:56,4
DA:60,1
DA:63,4
DA:64,4
DA:66,4
DA:70,1
DA:74,4
DA:75,4
DA:77,4
DA:81,1
DA:86,1
DA:88,1
DA:89,1
DA:90,1
DA:91,1
DA:93,1
DA:94,1
DA:95,1
DA:97,1
DA:98,4
DA:100,4
DA:101,16
DA:105,1
DA:106,1
DA:107,1
DA:108,1
DA:110,1
DA:111,1
DA:112,1
DA:114,1
DA:115,4
DA:117,4
DA:118,16
DA:122,1
DA:129,1
DA:134,1
DA:140,1
DA:144,1
DA:149,1
DA:156,1
DA:160,2
DA:162,2
DA:166,1
DA:169,1
DA:170,1
DA:172,1
DA:176,1
DA:181,1
DA:186,1
DA:188,1
DA:189,1
DA:191,1
DA:192,1
DA:193,1
DA:194,1
DA:195,1
LF:74
LH:74
BRF:0
BRH:0
end_of_record
TN:
SF:/var/www/gabriela/tests/unit/exposedEvents.spec.js
FN:12,(anonymous_0)
FN:13,(anonymous_1)
FN:18,(anonymous_2)
FN:19,UserService
FN:36,(anonymous_4)
FN:40,(anonymous_5)
FNF:6
FNH:4
FNDA:1,(anonymous_0)
FNDA:1,(anonymous_1)
FNDA:0,(anonymous_2)
FNDA:0,UserService
FNDA:1,(anonymous_4)
FNDA:1,(anonymous_5)
DA:1,1
DA:2,1
DA:4,1
DA:5,1
DA:6,1
DA:7,1
DA:9,1
DA:10,1
DA:12,1
DA:13,1
DA:14,1
DA:16,1
DA:21,0
DA:25,1
DA:27,1
DA:28,1
DA:30,1
DA:31,1
DA:33,1
DA:34,1
DA:36,1
DA:37,1
DA:40,1
DA:41,1
DA:44,1
DA:45,1
DA:47,1
DA:49,1
DA:50,1
DA:52,1
DA:54,1
DA:55,1
DA:57,1
DA:58,1
LF:34
LH:33
BRF:0
BRH:0
end_of_record
TN:
SF:/var/www/gabriela/tests/unit/expressions.spec.js
FN:10,(anonymous_0)
FN:11,(anonymous_1)
FN:25,(anonymous_2)
FNF:3
FNH:3
FNDA:1,(anonymous_0)
FNDA:1,(anonymous_1)
FNDA:1,(anonymous_2)
DA:1,1
DA:2,1
DA:4,1
DA:5,1
DA:6,1
DA:8,1
DA:10,1
DA:11,1
DA:12,1
DA:14,1
DA:16,1
DA:17,1
DA:19,1
DA:20,1
DA:22,1
DA:25,1
DA:26,1
DA:28,1
DA:30,1
DA:31,1
DA:33,1
DA:34,1
DA:36,1
LF:23
LH:23
BRF:0
BRH:0
end_of_record
TN:
SF:/var/www/gabriela/tests/unit/failingConfig.spec.js
FN:10,(anonymous_0)
FN:11,(anonymous_1)
FN:24,(anonymous_2)
FN:37,(anonymous_3)
FNF:4
FNH:4
FNDA:1,(anonymous_0)
FNDA:1,(anonymous_1)
FNDA:1,(anonymous_2)
FNDA:1,(anonymous_3)
DA:1,1
DA:2,1
DA:4,1
DA:5,1
DA:6,1
DA:8,1
DA:10,1
DA:11,1
DA:12,1
DA:13,1
DA:14,1
DA:16,1
DA:18,1
DA:21,1
DA:24,1
DA:25,1
DA:26,1
DA:27,1
DA:29,1
DA:31,1
DA:34,1
DA:37,1
DA:38,1
DA:39,1
DA:40,1
DA:42,1
DA:44,1
DA:47,1
LF:28
LH:28
BRF:0
BRH:0
end_of_record
TN:
SF:/var/www/gabriela/tests/unit/failingDependencyInjection.spec.js
FN:14,(anonymous_0)
FN:15,(anonymous_1)
FN:18,(anonymous_2)
FN:39,(anonymous_3)
FN:42,(anonymous_4)
FN:63,(anonymous_5)
FN:79,(anonymous_6)
FN:98,(anonymous_7)
FN:119,(anonymous_8)
FN:141,(anonymous_9)
FN:162,(anonymous_10)
FN:170,(anonymous_11)
FN:171,initService
FN:191,(anonymous_13)
FN:195,(anonymous_14)
FN:196,(anonymous_15)
FN:217,(anonymous_16)
FN:222,(anonymous_17)
FN:223,constructor
FN:228,(anonymous_19)
FN:238,(anonymous_20)
FN:249,(anonymous_21)
FN:251,(anonymous_22)
FN:258,(anonymous_23)
FN:266,(anonymous_24)
FN:267,initService
FN:286,(anonymous_26)
FN:302,(anonymous_27)
FN:309,(anonymous_28)
FN:310,UserService
FN:331,(anonymous_30)
FN:335,(anonymous_31)
FN:336,UserService
FN:359,(anonymous_33)
FN:363,(anonymous_34)
FN:364,UserService
FN:387,(anonymous_36)
FN:393,(anonymous_37)
FN:394,UserService
FN:417,(anonymous_39)
FN:423,(anonymous_40)
FN:424,UserService
FN:447,(anonymous_42)
FN:450,(anonymous_43)
FN:451,(anonymous_44)
FN:457,(anonymous_45)
FN:458,(anonymous_46)
FN:464,(anonymous_47)
FN:465,(anonymous_48)
FN:471,(anonymous_49)
FN:472,(anonymous_50)
FN:484,(anonymous_51)
FN:492,(anonymous_52)
FN:497,(anonymous_53)
FN:499,(anonymous_54)
FN:506,(anonymous_55)
FN:510,(anonymous_56)
FN:515,(anonymous_57)
FN:518,(anonymous_58)
FN:525,(anonymous_59)
FN:530,(anonymous_60)
FN:531,(anonymous_61)
FN:540,(anonymous_62)
FN:541,(anonymous_63)
FN:554,(anonymous_64)
FN:563,(anonymous_65)
FN:567,(anonymous_66)
FN:574,(anonymous_67)
FN:578,(anonymous_68)
FN:579,(anonymous_69)
FN:589,(anonymous_70)
FN:603,(anonymous_71)
FN:607,(anonymous_72)
FN:608,(anonymous_73)
FN:629,(anonymous_74)
FN:635,(anonymous_75)
FN:636,(anonymous_76)
FN:657,(anonymous_77)
FN:661,(anonymous_78)
FN:666,(anonymous_79)
FN:667,(anonymous_80)
FN:688,(anonymous_81)
FN:692,(anonymous_82)
FN:697,(anonymous_83)
FN:698,(anonymous_84)
FN:718,(anonymous_85)
FN:722,(anonymous_86)
FN:726,(anonymous_87)
FN:727,(anonymous_88)
FN:749,(anonymous_89)
FN:753,(anonymous_90)
FN:757,(anonymous_91)
FN:758,(anonymous_92)
FN:767,(anonymous_93)
FN:772,(anonymous_94)
FN:774,(anonymous_95)
FNF:96
FNH:36
FNDA:1,(anonymous_0)
FNDA:1,(anonymous_1)
FNDA:1,(anonymous_2)
FNDA:1,(anonymous_3)
FNDA:0,(anonymous_4)
FNDA:1,(anonymous_5)
FNDA:1,(anonymous_6)
FNDA:1,(anonymous_7)
FNDA:1,(anonymous_8)
FNDA:1,(anonymous_9)
FNDA:1,(anonymous_10)
FNDA:0,(anonymous_11)
FNDA:0,initService
FNDA:1,(anonymous_13)
FNDA:0,(anonymous_14)
FNDA:0,(anonymous_15)
FNDA:1,(anonymous_16)
FNDA:0,(anonymous_17)
FNDA:0,constructor
FNDA:0,(anonymous_19)
FNDA:0,(anonymous_20)
FNDA:0,(anonymous_21)
FNDA:1,(anonymous_22)
FNDA:1,(anonymous_23)
FNDA:0,(anonymous_24)
FNDA:0,initService
FNDA:1,(anonymous_26)
FNDA:1,(anonymous_27)
FNDA:0,(anonymous_28)
FNDA:0,UserService
FNDA:1,(anonymous_30)
FNDA:0,(anonymous_31)
FNDA:0,UserService
FNDA:1,(anonymous_33)
FNDA:0,(anonymous_34)
FNDA:0,UserService
FNDA:1,(anonymous_36)
FNDA:0,(anonymous_37)
FNDA:0,UserService
FNDA:1,(anonymous_39)
FNDA:0,(anonymous_40)
FNDA:0,UserService
FNDA:1,(anonymous_42)
FNDA:0,(anonymous_43)
FNDA:0,(anonymous_44)
FNDA:0,(anonymous_45)
FNDA:0,(anonymous_46)
FNDA:0,(anonymous_47)
FNDA:0,(anonymous_48)
FNDA:0,(anonymous_49)
FNDA:0,(anonymous_50)
FNDA:0,(anonymous_51)
FNDA:0,(anonymous_52)
FNDA:0,(anonymous_53)
FNDA:1,(anonymous_54)
FNDA:1,(anonymous_55)
FNDA:0,(anonymous_56)
FNDA:0,(anonymous_57)
FNDA:1,(anonymous_58)
FNDA:1,(anonymous_59)
FNDA:0,(anonymous_60)
FNDA:0,(anonymous_61)
FNDA:0,(anonymous_62)
FNDA:0,(anonymous_63)
FNDA:0,(anonymous_64)
FNDA:0,(anonymous_65)
FNDA:1,(anonymous_66)
FNDA:1,(anonymous_67)
FNDA:0,(anonymous_68)
FNDA:0,(anonymous_69)
FNDA:0,(anonymous_70)
FNDA:1,(anonymous_71)
FNDA:0,(anonymous_72)
FNDA:0,(anonymous_73)
FNDA:1,(anonymous_74)
FNDA:0,(anonymous_75)
FNDA:0,(anonymous_76)
FNDA:1,(anonymous_77)
FNDA:0,(anonymous_78)
FNDA:0,(anonymous_79)
FNDA:0,(anonymous_80)
FNDA:1,(anonymous_81)
FNDA:1,(anonymous_82)
FNDA:0,(anonymous_83)
FNDA:0,(anonymous_84)
FNDA:1,(anonymous_85)
FNDA:0,(anonymous_86)
FNDA:0,(anonymous_87)
FNDA:0,(anonymous_88)
FNDA:1,(anonymous_89)
FNDA:1,(anonymous_90)
FNDA:0,(anonymous_91)
FNDA:0,(anonymous_92)
FNDA:0,(anonymous_93)
FNDA:0,(anonymous_94)
FNDA:1,(anonymous_95)
DA:1,1
DA:2,1
DA:3,1
DA:4,1
DA:6,1
DA:7,1
DA:8,1
DA:10,1
DA:11,1
DA:12,1
DA:14,1
DA:15,1
DA:16,1
DA:23,1
DA:25,1
DA:27,1
DA:28,1
DA:29,1
DA:31,1
DA:33,1
DA:36,1
DA:39,1
DA:40,1
DA:47,1
DA:49,1
DA:51,1
DA:52,1
DA:53,1
DA:55,1
DA:57,1
DA:60,1
DA:63,1
DA:64,1
DA:66,1
DA:68,1
DA:69,1
DA:71,1
DA:73,1
DA:76,1
DA:79,1
DA:80,1
DA:82,1
DA:84,1
DA:85,1
DA:90,1
DA:92,1
DA:95,1
DA:98,1
DA:99,1
DA:101,1
DA:103,1
DA:104,1
DA:111,1
DA:113,1
DA:116,1
DA:119,1
DA:120,1
DA:122,1
DA:124,1
DA:125,1
DA:133,1
DA:135,1
DA:138,1
DA:141,1
DA:142,1
DA:144,1
DA:146,1
DA:147,1
DA:154,1
DA:156,1
DA:159,1
DA:162,1
DA:163,1
DA:165,1
DA:167,1
DA:173,0
DA:177,1
DA:178,1
DA:183,1
DA:185,1
DA:188,1
DA:191,1
DA:192,1
DA:196,0
DA:200,1
DA:202,1
DA:203,1
DA:204,1
DA:209,1
DA:211,1
DA:214,1
DA:217,1
DA:218,1
DA:224,0
DA:225,0
DA:228,0
DA:229,0
DA:234,1
DA:235,1
DA:239,0
DA:241,0
DA:245,1
DA:247,1
DA:249,1
DA:250,0
DA:252,1
DA:254,1
DA:258,1
DA:259,1
DA:261,1
DA:263,1
DA:269,0
DA:273,1
DA:275,1
DA:276,1
DA:278,1
DA:280,1
DA:283,1
DA:286,1
DA:287,1
DA:289,1
DA:290,1
DA:291,1
DA:296,1
DA:299,1
DA:302,1
DA:303,1
DA:312,0
DA:316,1
DA:318,1
DA:319,1
DA:320,1
DA:325,1
DA:328,1
DA:331,1
DA:332,1
DA:338,0
DA:342,1
DA:344,1
DA:345,1
DA:346,1
DA:351,1
DA:353,1
DA:356,1
DA:359,1
DA:360,1
DA:366,0
DA:370,1
DA:372,1
DA:373,1
DA:374,1
DA:379,1
DA:381,1
DA:384,1
DA:387,1
DA:388,1
DA:396,0
DA:400,1
DA:402,1
DA:403,1
DA:404,1
DA:409,1
DA:411,1
DA:414,1
DA:417,1
DA:418,1
DA:426,0
DA:430,1
DA:432,1
DA:433,1
DA:434,1
DA:439,1
DA:441,1
DA:444,1
DA:447,1
DA:448,1
DA:451,0
DA:455,1
DA:458,0
DA:462,1
DA:465,0
DA:469,1
DA:472,0
DA:479,1
DA:481,1
DA:485,0
DA:489,1
DA:493,0
DA:497,1
DA:498,0
DA:500,1
DA:502,1
DA:506,1
DA:507,1
DA:508,1
DA:511,0
DA:515,1
DA:516,0
DA:517,0
DA:519,1
DA:521,1
DA:525,1
DA:526,1
DA:528,1
DA:531,0
DA:538,1
DA:541,0
DA:548,1
DA:552,1
DA:555,0
DA:560,1
DA:561,1
DA:563,1
DA:564,0
DA:566,0
DA:568,1
DA:570,1
DA:574,1
DA:575,1
DA:579,0
DA:583,1
DA:585,1
DA:586,1
DA:587,1
DA:590,0
DA:595,1
DA:597,1
DA:600,1
DA:603,1
DA:604,1
DA:608,0
DA:612,1
DA:614,1
DA:615,1
DA:616,1
DA:621,1
DA:623,1
DA:626,1
DA:629,1
DA:630,1
DA:636,0
DA:640,1
DA:642,1
DA:643,1
DA:644,1
DA:649,1
DA:651,1
DA:654,1
DA:657,1
DA:658,1
DA:667,0
DA:671,1
DA:673,1
DA:674,1
DA:675,1
DA:680,1
DA:682,1
DA:685,1
DA:688,1
DA:689,1
DA:693,1
DA:698,0
DA:702,1
DA:704,1
DA:706,1
DA:707,1
DA:708,1
DA:710,1
DA:712,1
DA:715,1
DA:718,1
DA:719,1
DA:727,0
DA:731,1
DA:733,1
DA:735,1
DA:736,1
DA:737,1
DA:741,1
DA:743,1
DA:746,1
DA:749,1
DA:750,1
DA:754,1
DA:758,0
DA:762,1
DA:764,1
DA:772,1
DA:773,0
DA:775,1
DA:777,1
LF:291
LH:252
BRF:0
BRH:0
end_of_record
TN:
SF:/var/www/gabriela/tests/unit/failingEvents.spec.js
FN:17,(anonymous_0)
FN:18,(anonymous_1)
FN:27,(anonymous_2)
FN:35,(anonymous_3)
FN:38,(anonymous_4)
FN:42,(anonymous_5)
FN:52,(anonymous_6)
FN:55,(anonymous_7)
FN:59,(anonymous_8)
FN:69,(anonymous_9)
FN:89,(anonymous_10)
FN:111,(anonymous_11)
FN:133,(anonymous_12)
FN:155,(anonymous_13)
FN:177,(anonymous_14)
FN:199,(anonymous_15)
FN:222,(anonymous_16)
FN:226,(anonymous_17)
FN:230,(anonymous_18)
FN:239,(anonymous_19)
FN:241,(anonymous_20)
FN:246,(anonymous_21)
FN:271,(anonymous_22)
FN:297,(anonymous_23)
FN:319,(anonymous_24)
FN:345,(anonymous_25)
FN:363,(anonymous_26)
FNF:27
FNH:20
FNDA:1,(anonymous_0)
FNDA:1,(anonymous_1)
FNDA:0,(anonymous_2)
FNDA:1,(anonymous_3)
FNDA:0,(anonymous_4)
FNDA:0,(anonymous_5)
FNDA:1,(anonymous_6)
FNDA:0,(anonymous_7)
FNDA:0,(anonymous_8)
FNDA:1,(anonymous_9)
FNDA:1,(anonymous_10)
FNDA:1,(anonymous_11)
FNDA:1,(anonymous_12)
FNDA:1,(anonymous_13)
FNDA:1,(anonymous_14)
FNDA:1,(anonymous_15)
FNDA:1,(anonymous_16)
FNDA:0,(anonymous_17)
FNDA:1,(anonymous_18)
FNDA:0,(anonymous_19)
FNDA:1,(anonymous_20)
FNDA:1,(anonymous_21)
FNDA:1,(anonymous_22)
FNDA:1,(anonymous_23)
FNDA:1,(anonymous_24)
FNDA:1,(anonymous_25)
FNDA:1,(anonymous_26)
DA:1,1
DA:2,1
DA:3,1
DA:5,1
DA:6,1
DA:7,1
DA:9,1
DA:10,1
DA:11,1
DA:12,1
DA:13,1
DA:14,1
DA:15,1
DA:17,1
DA:18,1
DA:19,1
DA:21,1
DA:23,1
DA:25,1
DA:26,1
DA:27,1
DA:29,1
DA:32,1
DA:35,1
DA:36,1
DA:38,1
DA:40,1
DA:41,1
DA:42,1
DA:44,1
DA:46,1
DA:49,1
DA:52,1
DA:53,1
DA:55,1
DA:57,1
DA:58,1
DA:59,1
DA:61,1
DA:63,1
DA:66,1
DA:69,1
DA:70,1
DA:75,1
DA:77,1
DA:78,1
DA:79,1
DA:81,1
DA:83,1
DA:86,1
DA:89,1
DA:90,1
DA:97,1
DA:99,1
DA:100,1
DA:101,1
DA:103,1
DA:105,1
DA:108,1
DA:111,1
DA:112,1
DA:119,1
DA:121,1
DA:122,1
DA:123,1
DA:125,1
DA:127,1
DA:130,1
DA:133,1
DA:134,1
DA:141,1
DA:143,1
DA:144,1
DA:145,1
DA:147,1
DA:149,1
DA:152,1
DA:155,1
DA:156,1
DA:163,1
DA:165,1
DA:166,1
DA:167,1
DA:169,1
DA:171,1
DA:174,1
DA:177,1
DA:178,1
DA:185,1
DA:187,1
DA:188,1
DA:189,1
DA:191,1
DA:193,1
DA:196,1
DA:199,1
DA:200,1
DA:204,1
DA:206,1
DA:207,1
DA:208,1
DA:214,1
DA:216,1
DA:219,1
DA:222,1
DA:223,1
DA:231,1
DA:235,1
DA:237,1
DA:239,1
DA:240,0
DA:242,1
DA:246,1
DA:247,1
DA:251,1
DA:253,1
DA:254,1
DA:255,1
DA:263,1
DA:265,1
DA:268,1
DA:271,1
DA:272,1
DA:276,1
DA:278,1
DA:280,1
DA:281,1
DA:289,1
DA:291,1
DA:294,1
DA:297,1
DA:298,1
DA:305,1
DA:307,1
DA:308,1
DA:309,1
DA:311,1
DA:313,1
DA:316,1
DA:319,1
DA:320,1
DA:324,1
DA:326,1
DA:328,1
DA:329,1
DA:337,1
DA:339,1
DA:342,1
DA:345,1
DA:346,1
DA:348,1
DA:349,1
DA:351,1
DA:352,1
DA:353,1
DA:355,1
DA:357,1
DA:360,1
DA:363,1
DA:364,1
DA:366,1
DA:367,1
DA:368,1
DA:370,1
DA:372,1
DA:375,1
LF:166
LH:165
BRF:0
BRH:0
end_of_record
TN:
SF:/var/www/gabriela/tests/unit/failingExpressionParsing.spec.js
FN:10,(anonymous_0)
FN:11,(anonymous_1)
FNF:2
FNH:2
FNDA:1,(anonymous_0)
FNDA:1,(anonymous_1)
DA:1,1
DA:2,1
DA:4,1
DA:5,1
DA:6,1
DA:8,1
DA:10,1
DA:11,1
DA:12,1
DA:14,1
DA:15,1
DA:16,1
DA:18,1
DA:20,1
DA:23,1
LF:15
LH:15
BRF:0
BRH:0
end_of_record
TN:
SF:/var/www/gabriela/tests/unit/failingHttpModule.spec.js
FN:13,(anonymous_0)
FN:14,(anonymous_1)
FN:34,(anonymous_2)
FN:54,(anonymous_3)
FN:76,(anonymous_4)
FN:101,(anonymous_5)
FN:138,(anonymous_6)
FNF:7
FNH:7
FNDA:1,(anonymous_0)
FNDA:1,(anonymous_1)
FNDA:1,(anonymous_2)
FNDA:1,(anonymous_3)
FNDA:1,(anonymous_4)
FNDA:1,(anonymous_5)
FNDA:1,(anonymous_6)
DA:1,1
DA:2,1
DA:3,1
DA:5,1
DA:6,1
DA:7,1
DA:9,1
DA:10,1
DA:11,1
DA:13,1
DA:14,1
DA:15,1
DA:20,1
DA:22,1
DA:23,1
DA:24,1
DA:26,1
DA:28,1
DA:31,1
DA:34,1
DA:35,1
DA:40,1
DA:42,1
DA:43,1
DA:44,1
DA:46,1
DA:48,1
DA:51,1
DA:54,1
DA:55,1
DA:62,1
DA:64,1
DA:65,1
DA:66,1
DA:68,1
DA:70,1
DA:73,1
DA:76,1
DA:77,1
DA:87,1
DA:89,1
DA:90,1
DA:91,1
DA:93,1
DA:95,1
DA:98,1
DA:101,1
DA:102,1
DA:115,1
DA:116,1
DA:117,3
DA:118,3
DA:119,3
DA:121,3
DA:123,3
DA:125,3
DA:127,3
DA:129,3
DA:131,3
DA:134,3
DA:138,1
DA:139,1
DA:150,1
DA:152,1
DA:153,1
DA:154,1
DA:156,1
DA:158,1
DA:161,1
LF:69
LH:69
BRDA:121,0,0,2
BRDA:121,0,1,1
BRF:2
BRH:2
end_of_record
TN:
SF:/var/www/gabriela/tests/unit/failingInternals.spec.js
FN:11,(anonymous_0)
FN:12,(anonymous_1)
FN:30,(anonymous_2)
FNF:3
FNH:3
FNDA:1,(anonymous_0)
FNDA:1,(anonymous_1)
FNDA:1,(anonymous_2)
DA:1,1
DA:2,1
DA:4,1
DA:5,1
DA:6,1
DA:8,1
DA:9,1
DA:11,1
DA:12,1
DA:13,1
DA:17,1
DA:21,1
DA:23,1
DA:24,1
DA:26,0
DA:30,1
DA:31,1
DA:35,1
DA:37,1
DA:38,1
DA:40,0
LF:21
LH:19
BRF:0
BRH:0
end_of_record
TN:
SF:/var/www/gabriela/tests/unit/failingModuleDefinition.spec.js
FN:13,(anonymous_0)
FN:14,(anonymous_1)
FN:34,(anonymous_2)
FN:51,(anonymous_3)
FN:70,(anonymous_4)
FN:98,(anonymous_5)
FN:117,(anonymous_6)
FN:145,(anonymous_7)
FN:175,(anonymous_8)
FN:206,(anonymous_9)
FN:237,(anonymous_10)
FN:260,(anonymous_11)
FN:276,(anonymous_12)
FN:292,(anonymous_13)
FN:301,(anonymous_14)
FN:303,(anonymous_15)
FN:308,(anonymous_16)
FN:317,(anonymous_17)
FN:319,(anonymous_18)
FN:324,(anonymous_19)
FNF:20
FNH:17
FNDA:1,(anonymous_0)
FNDA:1,(anonymous_1)
FNDA:1,(anonymous_2)
FNDA:1,(anonymous_3)
FNDA:1,(anonymous_4)
FNDA:1,(anonymous_5)
FNDA:1,(anonymous_6)
FNDA:1,(anonymous_7)
FNDA:1,(anonymous_8)
FNDA:1,(anonymous_9)
FNDA:1,(anonymous_10)
FNDA:1,(anonymous_11)
FNDA:0,(anonymous_12)
FNDA:1,(anonymous_13)
FNDA:0,(anonymous_14)
FNDA:1,(anonymous_15)
FNDA:1,(anonymous_16)
FNDA:0,(anonymous_17)
FNDA:1,(anonymous_18)
FNDA:1,(anonymous_19)
DA:1,1
DA:2,1
DA:3,1
DA:4,1
DA:6,1
DA:7,1
DA:8,1
DA:10,1
DA:11,1
DA:13,1
DA:14,1
DA:15,1
DA:20,1
DA:22,1
DA:23,1
DA:24,1
DA:26,1
DA:28,1
DA:31,1
DA:34,1
DA:35,1
DA:37,1
DA:39,1
DA:40,1
DA:41,1
DA:43,1
DA:45,1
DA:48,1
DA:51,1
DA:52,1
DA:56,1
DA:58,1
DA:59,1
DA:60,1
DA:62,1
DA:64,1
DA:67,1
DA:70,1
DA:71,1
DA:73,1
DA:77,1
DA:79,1
DA:80,1
DA:81,4
DA:82,4
DA:83,4
DA:85,4
DA:86,4
DA:87,4
DA:89,4
DA:91,4
DA:94,4
DA:98,1
DA:99,1
DA:100,1
DA:101,1
DA:103,1
DA:105,1
DA:106,1
DA:107,1
DA:109,1
DA:111,1
DA:114,1
DA:117,1
DA:118,1
DA:120,1
DA:124,1
DA:126,1
DA:127,1
DA:128,4
DA:129,4
DA:130,4
DA:132,4
DA:133,4
DA:134,4
DA:136,4
DA:138,4
DA:141,4
DA:145,1
DA:146,1
DA:148,1
DA:152,1
DA:154,1
DA:155,1
DA:156,4
DA:157,4
DA:158,4
DA:162,4
DA:163,4
DA:164,4
DA:166,4
DA:168,4
DA:171,4
DA:175,1
DA:176,1
DA:178,1
DA:182,1
DA:184,1
DA:185,1
DA:186,4
DA:187,4
DA:188,4
DA:193,4
DA:194,4
DA:195,4
DA:197,4
DA:199,4
DA:202,4
DA:206,1
DA:207,1
DA:209,1
DA:213,1
DA:215,1
DA:216,1
DA:217,4
DA:218,4
DA:219,4
DA:224,4
DA:225,4
DA:226,4
DA:228,4
DA:230,4
DA:233,4
DA:237,1
DA:238,1
DA:242,1
DA:244,1
DA:246,1
DA:247,1
DA:248,1
DA:252,1
DA:254,1
DA:257,1
DA:260,1
DA:261,1
DA:263,1
DA:267,1
DA:269,1
DA:270,1
DA:271,4
DA:272,4
DA:273,4
DA:279,4
DA:280,4
DA:281,4
DA:283,4
DA:285,4
DA:288,4
DA:292,1
DA:293,1
DA:297,1
DA:299,1
DA:301,1
DA:302,0
DA:304,1
DA:308,1
DA:309,1
DA:313,1
DA:315,1
DA:317,1
DA:318,0
DA:320,1
DA:324,1
DA:325,1
DA:329,1
DA:333,1
DA:335,1
DA:337,1
DA:338,1
DA:339,1
DA:341,1
DA:343,1
DA:346,1
LF:173
LH:171
BRF:0
BRH:0
end_of_record
TN:
SF:/var/www/gabriela/tests/unit/failingPluginDefinition.spec.js
FN:12,(anonymous_0)
FN:13,(anonymous_1)
FN:30,(anonymous_2)
FN:47,(anonymous_3)
FN:66,(anonymous_4)
FN:94,(anonymous_5)
FN:114,(anonymous_6)
FN:139,(anonymous_7)
FN:148,(anonymous_8)
FN:150,(anonymous_9)
FN:157,(anonymous_10)
FN:166,(anonymous_11)
FN:168,(anonymous_12)
FN:175,(anonymous_13)
FN:205,(anonymous_14)
FNF:15
FNH:13
FNDA:1,(anonymous_0)
FNDA:1,(anonymous_1)
FNDA:1,(anonymous_2)
FNDA:1,(anonymous_3)
FNDA:1,(anonymous_4)
FNDA:1,(anonymous_5)
FNDA:1,(anonymous_6)
FNDA:1,(anonymous_7)
FNDA:0,(anonymous_8)
FNDA:1,(anonymous_9)
FNDA:1,(anonymous_10)
FNDA:0,(anonymous_11)
FNDA:1,(anonymous_12)
FNDA:1,(anonymous_13)
FNDA:1,(anonymous_14)
DA:1,1
DA:2,1
DA:3,1
DA:5,1
DA:6,1
DA:7,1
DA:9,1
DA:10,1
DA:12,1
DA:13,1
DA:14,1
DA:16,1
DA:18,1
DA:19,1
DA:20,1
DA:22,1
DA:24,1
DA:27,1
DA:30,1
DA:31,1
DA:33,1
DA:35,1
DA:36,1
DA:37,1
DA:39,1
DA:41,1
DA:44,1
DA:47,1
DA:48,1
DA:50,1
DA:54,1
DA:55,1
DA:56,1
DA:58,1
DA:60,1
DA:63,1
DA:66,1
DA:67,1
DA:69,1
DA:73,1
DA:77,1
DA:78,1
DA:80,1
DA:81,1
DA:82,1
DA:86,1
DA:88,1
DA:91,1
DA:94,1
DA:95,1
DA:97,1
DA:102,1
DA:103,1
DA:104,1
DA:106,1
DA:108,1
DA:111,1
DA:114,1
DA:115,1
DA:117,1
DA:125,1
DA:126,1
DA:127,1
DA:129,1
DA:131,1
DA:133,1
DA:136,1
DA:139,1
DA:140,1
DA:142,1
DA:146,1
DA:148,1
DA:149,0
DA:151,1
DA:153,1
DA:157,1
DA:158,1
DA:160,1
DA:164,1
DA:166,1
DA:167,0
DA:169,1
DA:171,1
DA:175,1
DA:176,1
DA:181,1
DA:186,1
DA:191,1
DA:193,1
DA:194,1
DA:195,1
DA:197,1
DA:199,1
DA:202,1
DA:205,1
DA:206,1
DA:211,1
DA:216,1
DA:221,1
DA:223,1
DA:224,1
DA:225,1
DA:227,1
DA:229,1
DA:232,1
LF:105
LH:103
BRF:0
BRH:0
end_of_record
TN:
SF:/var/www/gabriela/tests/unit/failingPrivateCompiler.spec.js
FN:12,(anonymous_0)
FN:13,(anonymous_1)
FN:17,(anonymous_2)
FN:18,(anonymous_3)
FN:27,(anonymous_4)
FN:32,(anonymous_5)
FN:34,(anonymous_6)
FN:39,(anonymous_7)
FN:48,(anonymous_8)
FN:49,(anonymous_9)
FN:59,(anonymous_10)
FNF:11
FNH:4
FNDA:1,(anonymous_0)
FNDA:1,(anonymous_1)
FNDA:0,(anonymous_2)
FNDA:0,(anonymous_3)
FNDA:0,(anonymous_4)
FNDA:0,(anonymous_5)
FNDA:1,(anonymous_6)
FNDA:1,(anonymous_7)
FNDA:0,(anonymous_8)
FNDA:0,(anonymous_9)
FNDA:0,(anonymous_10)
DA:1,1
DA:2,1
DA:3,1
DA:5,1
DA:6,1
DA:7,1
DA:9,1
DA:10,1
DA:12,1
DA:13,1
DA:14,1
DA:18,0
DA:22,1
DA:24,1
DA:28,0
DA:32,1
DA:33,0
DA:35,1
DA:39,1
DA:40,1
DA:45,1
DA:49,0
DA:53,1
DA:55,1
DA:56,1
DA:60,0
DA:64,1
LF:27
LH:22
BRF:0
BRH:0
end_of_record
TN:
SF:/var/www/gabriela/tests/unit/failingServer.spec.js
FN:10,(anonymous_0)
FN:11,(anonymous_1)
FN:31,(anonymous_2)
FN:55,(anonymous_3)
FN:76,(anonymous_4)
FN:97,(anonymous_5)
FN:118,(anonymous_6)
FN:123,(anonymous_7)
FN:126,(anonymous_8)
FN:138,(anonymous_9)
FN:143,(anonymous_10)
FN:146,(anonymous_11)
FN:157,(anonymous_12)
FNF:13
FNH:13
FNDA:1,(anonymous_0)
FNDA:1,(anonymous_1)
FNDA:1,(anonymous_2)
FNDA:1,(anonymous_3)
FNDA:1,(anonymous_4)
FNDA:1,(anonymous_5)
FNDA:1,(anonymous_6)
FNDA:1,(anonymous_7)
FNDA:1,(anonymous_8)
FNDA:1,(anonymous_9)
FNDA:1,(anonymous_10)
FNDA:1,(anonymous_11)
FNDA:1,(anonymous_12)
DA:1,1
DA:2,1
DA:4,1
DA:5,1
DA:6,1
DA:8,1
DA:10,1
DA:11,1
DA:13,1
DA:14,1
DA:15,1
DA:23,1
DA:25,1
DA:28,1
DA:31,1
DA:32,1
DA:33,1
DA:34,1
DA:47,1
DA:49,1
DA:52,1
DA:55,1
DA:56,1
DA:64,1
DA:65,1
DA:66,1
DA:68,1
DA:70,1
DA:73,1
DA:76,1
DA:77,1
DA:85,1
DA:86,1
DA:87,1
DA:89,1
DA:91,1
DA:94,1
DA:97,1
DA:98,1
DA:106,1
DA:107,1
DA:108,1
DA:110,1
DA:112,1
DA:115,1
DA:118,1
DA:119,1
DA:124,1
DA:127,1
DA:128,1
DA:130,1
DA:135,1
DA:138,1
DA:139,1
DA:144,1
DA:147,1
DA:148,1
DA:150,1
DA:155,1
DA:158,1
DA:162,1
LF:61
LH:61
BRF:0
BRH:0
end_of_record
TN:
SF:/var/www/gabriela/tests/unit/failingStaticValidator.spec.js
FN:10,(anonymous_0)
FN:11,(anonymous_1)
FNF:2
FNH:2
FNDA:1,(anonymous_0)
FNDA:1,(anonymous_1)
DA:1,1
DA:2,1
DA:4,1
DA:5,1
DA:6,1
DA:8,1
DA:10,1
DA:11,1
DA:12,1
DA:13,1
DA:14,1
DA:16,1
DA:18,1
DA:21,1
LF:14
LH:14
BRF:0
BRH:0
end_of_record
TN:
SF:/var/www/gabriela/tests/unit/frameworkEvents.spec.js
FN:17,(anonymous_0)
FN:20,(anonymous_1)
FN:23,(anonymous_2)
FN:24,UserService
FN:37,(anonymous_4)
FN:48,(anonymous_5)
FN:53,(anonymous_6)
FN:54,(anonymous_7)
FN:60,(anonymous_8)
FN:66,(anonymous_9)
FN:67,UserService
FN:76,(anonymous_11)
FN:81,(anonymous_12)
FN:94,(anonymous_13)
FN:100,(anonymous_14)
FN:106,(anonymous_15)
FN:107,UserService
FN:116,(anonymous_17)
FN:117,(anonymous_18)
FN:125,(anonymous_19)
FN:126,(anonymous_20)
FN:142,(anonymous_21)
FN:148,(anonymous_22)
FN:156,(anonymous_23)
FN:157,UserService
FN:167,(anonymous_25)
FN:168,(anonymous_26)
FN:177,(anonymous_27)
FN:178,(anonymous_28)
FN:188,(anonymous_29)
FN:189,(anonymous_30)
FN:195,(anonymous_31)
FN:196,(anonymous_32)
FN:202,(anonymous_33)
FN:203,(anonymous_34)
FN:211,(anonymous_35)
FN:212,(anonymous_36)
FN:218,(anonymous_37)
FN:219,(anonymous_38)
FN:233,(anonymous_39)
FN:239,(anonymous_40)
FN:246,(anonymous_41)
FN:247,UserService
FN:257,(anonymous_43)
FN:258,(anonymous_44)
FN:264,(anonymous_45)
FN:265,(anonymous_46)
FN:271,(anonymous_47)
FN:286,(anonymous_48)
FN:293,(anonymous_49)
FN:300,(anonymous_50)
FN:301,UserService
FN:311,(anonymous_52)
FN:312,(anonymous_53)
FN:318,(anonymous_54)
FN:319,(anonymous_55)
FN:325,(anonymous_56)
FN:338,(anonymous_57)
FN:340,(anonymous_58)
FN:347,(anonymous_59)
FN:352,(anonymous_60)
FN:368,(anonymous_61)
FN:373,(anonymous_62)
FN:379,(anonymous_63)
FN:383,(anonymous_64)
FN:392,(anonymous_65)
FN:397,(anonymous_66)
FN:402,(anonymous_67)
FN:403,UserService
FN:412,(anonymous_69)
FN:418,(anonymous_70)
FN:428,(anonymous_71)
FN:433,(anonymous_72)
FN:439,(anonymous_73)
FN:440,UserService
FN:455,(anonymous_75)
FN:458,(anonymous_76)
FN:468,(anonymous_77)
FN:474,(anonymous_78)
FN:481,(anonymous_79)
FN:482,UserService
FN:499,(anonymous_81)
FN:500,(anonymous_82)
FN:508,(anonymous_83)
FN:509,(anonymous_84)
FN:520,(anonymous_85)
FN:526,(anonymous_86)
FN:536,(anonymous_87)
FN:537,UserService
FN:547,(anonymous_89)
FN:548,(anonymous_90)
FN:557,(anonymous_91)
FN:558,(anonymous_92)
FN:568,(anonymous_93)
FN:569,(anonymous_94)
FN:575,(anonymous_95)
FN:576,(anonymous_96)
FN:582,(anonymous_97)
FN:583,(anonymous_98)
FN:591,(anonymous_99)
FN:592,(anonymous_100)
FN:598,(anonymous_101)
FN:599,(anonymous_102)
FN:615,(anonymous_103)
FN:618,(anonymous_104)
FN:624,(anonymous_105)
FN:632,(anonymous_106)
FN:640,(anonymous_107)
FN:641,UserService
FN:658,(anonymous_109)
FN:663,(anonymous_110)
FN:666,(anonymous_111)
FN:673,(anonymous_112)
FN:675,(anonymous_113)
FN:682,(anonymous_114)
FN:687,(anonymous_115)
FN:688,UserService
FN:698,(anonymous_117)
FN:705,(anonymous_118)
FN:714,(anonymous_119)
FN:719,(anonymous_120)
FN:725,(anonymous_121)
FN:726,UserService
FN:735,(anonymous_123)
FN:745,(anonymous_124)
FN:756,(anonymous_125)
FN:763,(anonymous_126)
FN:769,(anonymous_127)
FN:770,UserService
FN:779,(anonymous_129)
FN:789,(anonymous_130)
FN:798,(anonymous_131)
FN:803,(anonymous_132)
FN:808,(anonymous_133)
FN:809,UserService
FN:819,(anonymous_135)
FN:828,(anonymous_136)
FN:841,(anonymous_137)
FN:846,(anonymous_138)
FN:848,(anonymous_139)
FN:850,(anonymous_140)
FN:853,(anonymous_141)
FN:863,(anonymous_142)
FN:873,(anonymous_143)
FN:876,(anonymous_144)
FN:879,(anonymous_145)
FN:884,(anonymous_146)
FN:896,(anonymous_147)
FN:897,(anonymous_148)
FN:899,(anonymous_149)
FN:902,(anonymous_150)
FN:914,(anonymous_151)
FN:924,(anonymous_152)
FN:938,(anonymous_153)
FN:941,(anonymous_154)
FN:944,(anonymous_155)
FN:949,(anonymous_156)
FN:952,(anonymous_157)
FN:955,(anonymous_158)
FN:960,(anonymous_159)
FN:973,(anonymous_160)
FN:976,(anonymous_161)
FN:977,UserService
FN:983,(anonymous_163)
FN:985,(anonymous_164)
FN:988,(anonymous_165)
FN:1000,(anonymous_166)
FN:1010,(anonymous_167)
FN:1025,(anonymous_168)
FN:1031,(anonymous_169)
FN:1039,(anonymous_170)
FN:1049,(anonymous_171)
FN:1055,(anonymous_172)
FN:1063,(anonymous_173)
FN:1073,(anonymous_174)
FN:1086,(anonymous_175)
FN:1093,(anonymous_176)
FN:1097,(anonymous_177)
FN:1105,(anonymous_178)
FN:1116,(anonymous_179)
FN:1124,(anonymous_180)
FN:1133,(anonymous_181)
FN:1140,(anonymous_182)
FN:1158,(anonymous_183)
FN:1159,UserService
FN:1176,(anonymous_185)
FN:1179,(anonymous_186)
FN:1187,(anonymous_187)
FN:1201,(anonymous_188)
FN:1224,(anonymous_189)
FN:1233,(anonymous_190)
FN:1241,(anonymous_191)
FN:1259,(anonymous_192)
FN:1260,UserService
FN:1276,(anonymous_194)
FN:1279,(anonymous_195)
FN:1287,(anonymous_196)
FN:1301,(anonymous_197)
FN:1324,(anonymous_198)
FN:1327,(anonymous_199)
FN:1339,(anonymous_200)
FN:1346,(anonymous_201)
FN:1357,(anonymous_202)
FN:1361,(anonymous_203)
FN:1362,(anonymous_204)
FN:1376,(anonymous_205)
FN:1377,UserService
FN:1387,(anonymous_207)
FN:1388,(anonymous_208)
FN:1410,(anonymous_209)
FN:1418,(anonymous_210)
FN:1422,(anonymous_211)
FN:1423,(anonymous_212)
FN:1426,(anonymous_213)
FN:1442,(anonymous_214)
FN:1443,UserService
FN:1453,(anonymous_216)
FN:1454,(anonymous_217)
FN:1476,(anonymous_218)
FN:1484,(anonymous_219)
FN:1489,(anonymous_220)
FN:1490,(anonymous_221)
FN:1494,(anonymous_222)
FN:1510,(anonymous_223)
FN:1511,UserService
FN:1521,(anonymous_225)
FN:1526,(anonymous_226)
FN:1527,(anonymous_227)
FN:1549,(anonymous_228)
FNF:229
FNH:220
FNDA:1,(anonymous_0)
FNDA:1,(anonymous_1)
FNDA:1,(anonymous_2)
FNDA:1,UserService
FNDA:1,(anonymous_4)
FNDA:1,(anonymous_5)
FNDA:0,(anonymous_6)
FNDA:0,(anonymous_7)
FNDA:1,(anonymous_8)
FNDA:1,(anonymous_9)
FNDA:1,UserService
FNDA:1,(anonymous_11)
FNDA:1,(anonymous_12)
FNDA:1,(anonymous_13)
FNDA:1,(anonymous_14)
FNDA:1,(anonymous_15)
FNDA:1,UserService
FNDA:1,(anonymous_17)
FNDA:1,(anonymous_18)
FNDA:1,(anonymous_19)
FNDA:1,(anonymous_20)
FNDA:1,(anonymous_21)
FNDA:1,(anonymous_22)
FNDA:1,(anonymous_23)
FNDA:1,UserService
FNDA:1,(anonymous_25)
FNDA:1,(anonymous_26)
FNDA:1,(anonymous_27)
FNDA:1,(anonymous_28)
FNDA:1,(anonymous_29)
FNDA:1,(anonymous_30)
FNDA:1,(anonymous_31)
FNDA:1,(anonymous_32)
FNDA:1,(anonymous_33)
FNDA:1,(anonymous_34)
FNDA:1,(anonymous_35)
FNDA:1,(anonymous_36)
FNDA:1,(anonymous_37)
FNDA:1,(anonymous_38)
FNDA:1,(anonymous_39)
FNDA:1,(anonymous_40)
FNDA:1,(anonymous_41)
FNDA:1,UserService
FNDA:1,(anonymous_43)
FNDA:1,(anonymous_44)
FNDA:1,(anonymous_45)
FNDA:1,(anonymous_46)
FNDA:1,(anonymous_47)
FNDA:1,(anonymous_48)
FNDA:1,(anonymous_49)
FNDA:0,(anonymous_50)
FNDA:0,UserService
FNDA:1,(anonymous_52)
FNDA:1,(anonymous_53)
FNDA:1,(anonymous_54)
FNDA:1,(anonymous_55)
FNDA:1,(anonymous_56)
FNDA:1,(anonymous_57)
FNDA:1,(anonymous_58)
FNDA:1,(anonymous_59)
FNDA:1,(anonymous_60)
FNDA:1,(anonymous_61)
FNDA:1,(anonymous_62)
FNDA:1,(anonymous_63)
FNDA:1,(anonymous_64)
FNDA:1,(anonymous_65)
FNDA:1,(anonymous_66)
FNDA:1,(anonymous_67)
FNDA:1,UserService
FNDA:1,(anonymous_69)
FNDA:1,(anonymous_70)
FNDA:1,(anonymous_71)
FNDA:1,(anonymous_72)
FNDA:0,(anonymous_73)
FNDA:0,UserService
FNDA:1,(anonymous_75)
FNDA:1,(anonymous_76)
FNDA:1,(anonymous_77)
FNDA:1,(anonymous_78)
FNDA:1,(anonymous_79)
FNDA:1,UserService
FNDA:1,(anonymous_81)
FNDA:1,(anonymous_82)
FNDA:1,(anonymous_83)
FNDA:1,(anonymous_84)
FNDA:1,(anonymous_85)
FNDA:1,(anonymous_86)
FNDA:1,(anonymous_87)
FNDA:1,UserService
FNDA:1,(anonymous_89)
FNDA:1,(anonymous_90)
FNDA:1,(anonymous_91)
FNDA:1,(anonymous_92)
FNDA:1,(anonymous_93)
FNDA:1,(anonymous_94)
FNDA:1,(anonymous_95)
FNDA:1,(anonymous_96)
FNDA:1,(anonymous_97)
FNDA:1,(anonymous_98)
FNDA:1,(anonymous_99)
[...]
DA:199,1
DA:203,1
DA:204,1
DA:206,1
DA:208,1
DA:212,1
DA:213,1
DA:215,1
DA:219,1
DA:220,1
DA:222,1
DA:224,1
DA:229,1
DA:231,1
DA:233,1
DA:234,1
DA:235,1
DA:239,1
DA:240,1
DA:241,1
DA:242,1
DA:244,1
DA:249,1
DA:253,1
DA:258,1
DA:259,1
DA:261,1
DA:265,1
DA:266,1
DA:268,1
DA:272,1
DA:274,1
DA:276,1
DA:277,1
DA:282,1
DA:284,1
DA:286,1
DA:287,1
DA:288,1
DA:289,1
DA:293,1
DA:294,1
DA:295,1
DA:296,1
DA:298,1
DA:303,0
DA:307,1
DA:312,1
DA:313,1
DA:315,1
DA:319,1
DA:320,1
DA:322,1
DA:326,1
DA:328,1
DA:329,1
DA:334,1
DA:336,1
DA:338,1
DA:339,1
DA:341,1
DA:342,1
DA:343,1
DA:347,1
DA:348,1
DA:350,1
DA:353,1
DA:355,1
DA:356,1
DA:357,1
DA:359,1
DA:360,1
DA:364,1
DA:366,1
DA:368,1
DA:369,1
DA:373,1
DA:374,1
DA:376,1
DA:380,1
DA:384,1
DA:388,1
DA:390,1
DA:392,1
DA:393,1
DA:397,1
DA:398,1
DA:400,1
DA:405,1
DA:409,1
DA:413,1
DA:415,1
DA:419,1
DA:424,1
DA:426,1
DA:428,1
DA:429,1
DA:433,1
DA:434,1
DA:435,1
DA:437,1
DA:442,0
DA:446,1
DA:451,1
DA:456,1
DA:459,1
DA:464,1
DA:466,1
DA:468,1
DA:469,1
DA:470,1
DA:474,1
DA:475,1
DA:476,1
DA:478,1
DA:484,1
DA:488,1
DA:493,1
DA:495,1
DA:500,1
DA:501,1
DA:503,1
DA:505,1
DA:509,1
DA:510,1
DA:512,1
DA:514,1
DA:520,1
DA:521,1
DA:522,1
DA:526,1
DA:527,1
DA:528,1
DA:529,1
DA:530,1
DA:532,1
DA:534,1
DA:539,1
DA:543,1
DA:548,1
DA:549,1
DA:551,1
DA:552,1
DA:554,1
DA:558,1
DA:559,1
DA:561,1
DA:562,1
DA:564,1
DA:569,1
DA:570,1
DA:572,1
DA:576,1
DA:577,1
DA:579,1
DA:583,1
DA:584,1
DA:586,1
DA:588,1
DA:592,1
DA:593,1
DA:595,1
DA:599,1
DA:600,1
DA:602,1
DA:604,1
DA:609,1
DA:611,1
DA:616,1
DA:619,1
DA:624,1
DA:625,1
DA:626,1
DA:627,1
DA:628,1
DA:632,1
DA:633,1
DA:634,1
DA:635,1
DA:637,1
DA:643,0
DA:647,1
DA:652,1
DA:654,1
DA:659,1
DA:661,1
DA:664,1
DA:667,1
DA:668,1
DA:673,1
DA:674,1
DA:676,1
DA:677,1
DA:678,1
DA:682,1
DA:683,1
DA:685,1
DA:690,1
DA:694,1
DA:699,1
DA:701,1
DA:702,1
DA:706,1
DA:710,1
DA:712,1
DA:714,1
DA:715,1
DA:719,1
DA:720,1
DA:722,1
DA:728,1
DA:732,1
DA:736,1
DA:740,1
DA:742,1
DA:746,1
DA:748,1
DA:749,1
DA:750,1
DA:756,1
DA:757,1
DA:759,1
DA:763,1
DA:764,1
DA:766,1
DA:772,1
DA:776,1
DA:780,1
DA:784,1
DA:786,1
DA:790,1
DA:792,1
DA:798,1
DA:799,1
DA:803,1
DA:804,1
DA:806,1
DA:811,1
DA:815,1
DA:820,1
DA:822,1
DA:823,1
DA:824,1
DA:825,1
DA:829,1
DA:837,1
DA:839,1
DA:841,1
DA:842,1
DA:846,1
DA:848,1
DA:849,1
DA:851,3
DA:854,3
DA:856,3
DA:860,1
DA:863,1
DA:864,3
DA:865,1
DA:869,1
DA:874,1
DA:877,1
DA:880,1
DA:885,1
DA:889,1
DA:891,1
DA:893,1
DA:896,1
DA:897,1
DA:898,2
DA:900,6
DA:903,6
DA:905,6
DA:909,2
DA:912,1
DA:914,1
DA:915,3
DA:916,0
DA:919,3
DA:920,1
DA:924,1
DA:925,3
DA:926,1
DA:929,3
DA:930,0
DA:934,1
DA:939,1
DA:942,1
DA:945,1
DA:950,1
DA:953,1
DA:956,1
DA:961,1
DA:962,1
DA:966,1
DA:968,1
DA:970,1
DA:973,1
DA:974,1
DA:979,1
DA:983,1
DA:984,2
DA:986,6
DA:989,6
DA:991,6
DA:995,2
DA:998,1
DA:1000,1
DA:1001,3
DA:1002,0
DA:1005,3
DA:1006,1
DA:1010,1
DA:1011,3
DA:1012,1
DA:1015,3
DA:1016,0
DA:1020,1
DA:1026,1
DA:1028,1
DA:1029,1
DA:1032,1
DA:1034,1
DA:1036,1
DA:1037,1
DA:1040,1
DA:1042,1
DA:1044,1
DA:1045,1
DA:1050,1
DA:1052,1
DA:1053,1
DA:1056,1
DA:1058,1
DA:1060,1
DA:1061,1
DA:1064,1
DA:1066,1
DA:1068,1
DA:1069,1
DA:1074,1
DA:1075,1
DA:1079,1
DA:1081,1
DA:1083,1
DA:1086,1
DA:1087,1
DA:1088,1
DA:1090,1
DA:1094,1
DA:1098,1
DA:1102,1
DA:1106,1
DA:1112,1
DA:1114,1
DA:1116,1
DA:1117,1
DA:1118,1
DA:1120,1
DA:1124,1
DA:1125,1
DA:1126,1
DA:1128,1
DA:1129,1
DA:1131,1
DA:1134,1
DA:1136,1
DA:1137,10
DA:1140,1
DA:1141,1
DA:1142,1
DA:1144,1
DA:1145,1
DA:1147,1
DA:1149,1
DA:1155,1
DA:1162,1
DA:1166,1
DA:1177,10
DA:1180,10
DA:1184,1
DA:1188,20
DA:1189,20
DA:1191,20
DA:1193,20
DA:1198,1
DA:1202,20
DA:1203,20
DA:1205,20
DA:1207,20
DA:1212,1
DA:1218,1
DA:1219,1
DA:1221,1
DA:1224,1
DA:1225,1
DA:1226,1
DA:1228,1
DA:1229,1
DA:1231,1
DA:1235,1
DA:1237,1
DA:1238,10
DA:1241,1
DA:1242,1
DA:1243,1
DA:1245,1
DA:1246,1
DA:1248,1
DA:1250,1
DA:1256,1
DA:1262,1
DA:1266,1
DA:1277,10
DA:1280,10
DA:1284,1
DA:1288,20
DA:1289,20
DA:1291,20
DA:1293,20
DA:1298,1
DA:1302,20
DA:1303,20
DA:1305,20
DA:1307,20
DA:1312,1
DA:1318,1
DA:1319,1
DA:1321,1
DA:1324,1
DA:1325,1
DA:1328,1
DA:1330,1
DA:1332,1
DA:1337,1
DA:1340,1
DA:1344,1
DA:1347,0
DA:1351,1
DA:1352,1
DA:1354,1
DA:1357,1
DA:1358,1
DA:1359,1
DA:1362,1
DA:1363,1
DA:1365,1
DA:1367,1
DA:1373,1
DA:1379,1
DA:1383,1
DA:1388,1
DA:1389,1
DA:1391,1
DA:1392,1
DA:1393,1
DA:1394,1
DA:1395,1
DA:1397,1
DA:1399,1
DA:1415,1
DA:1418,1
DA:1419,1
DA:1420,1
DA:1423,1
DA:1426,1
DA:1427,1
DA:1429,1
DA:1431,1
DA:1439,1
DA:1445,1
DA:1449,1
DA:1454,1
DA:1455,1
DA:1457,1
DA:1458,1
DA:1459,1
DA:1460,1
DA:1461,1
DA:1463,1
DA:1465,1
DA:1481,1
DA:1484,1
DA:1485,1
DA:1486,1
DA:1487,1
DA:1490,1
DA:1491,1
DA:1494,1
DA:1495,1
DA:1497,1
DA:1499,1
DA:1507,1
DA:1513,1
DA:1517,1
DA:1522,1
DA:1524,1
DA:1527,1
DA:1528,1
DA:1530,1
DA:1531,1
DA:1532,1
DA:1533,1
DA:1534,1
DA:1536,1
DA:1538,1
DA:1554,1
LF:598
LH:590
BRDA:864,0,0,1
BRDA:864,0,1,2
BRDA:915,1,0,0
BRDA:915,1,1,3
BRDA:915,2,0,3
BRDA:915,2,1,1
BRDA:919,3,0,1
BRDA:919,3,1,2
BRDA:919,4,0,3
BRDA:919,4,1,1
BRDA:925,5,0,1
BRDA:925,5,1,2
BRDA:925,6,0,3
BRDA:925,6,1,1
BRDA:929,7,0,0
BRDA:929,7,1,3
BRDA:929,8,0,3
BRDA:929,8,1,1
BRDA:1001,9,0,0
BRDA:1001,9,1,3
BRDA:1001,10,0,3
BRDA:1001,10,1,1
BRDA:1005,11,0,1
BRDA:1005,11,1,2
BRDA:1005,12,0,3
BRDA:1005,12,1,1
BRDA:1011,13,0,1
BRDA:1011,13,1,2
BRDA:1011,14,0,3
BRDA:1011,14,1,1
BRDA:1015,15,0,0
BRDA:1015,15,1,3
BRDA:1015,16,0,3
BRDA:1015,16,1,1
BRF:34
BRH:30
end_of_record
TN:
SF:/var/www/gabriela/tests/unit/gabriealAsProcess.spec.js
FN:16,(anonymous_0)
FN:17,(anonymous_1)
FN:20,(anonymous_2)
FN:25,(anonymous_3)
FN:28,(anonymous_4)
FN:35,(anonymous_5)
FN:42,(anonymous_6)
FN:50,(anonymous_7)
FN:57,(anonymous_8)
FN:64,(anonymous_9)
FN:76,(anonymous_10)
FN:85,(anonymous_11)
FN:95,(anonymous_12)
FN:99,(anonymous_13)
FN:99,(anonymous_14)
FN:100,(anonymous_15)
FN:101,(anonymous_16)
FN:101,(anonymous_17)
FN:101,(anonymous_18)
FN:145,(anonymous_19)
FN:148,(anonymous_20)
FN:159,(anonymous_21)
FN:161,(anonymous_22)
FN:164,(anonymous_23)
FN:170,(anonymous_24)
FN:180,(anonymous_25)
FN:183,(anonymous_26)
FN:186,(anonymous_27)
FN:189,(anonymous_28)
FN:198,(anonymous_29)
FN:206,(anonymous_30)
FN:216,(anonymous_31)
FN:221,(anonymous_32)
FN:226,(anonymous_33)
FN:231,(anonymous_34)
FN:242,(anonymous_35)
FN:250,(anonymous_36)
FN:263,(anonymous_37)
FN:270,(anonymous_38)
FN:271,(anonymous_39)
FN:280,(anonymous_40)
FN:286,(anonymous_41)
FN:291,(anonymous_42)
FN:302,(anonymous_43)
FN:311,(anonymous_44)
FN:319,(anonymous_45)
FN:325,(anonymous_46)
FN:329,(anonymous_47)
FN:335,(anonymous_48)
FN:341,(anonymous_49)
FN:359,(anonymous_50)
FN:369,(anonymous_51)
FN:377,(anonymous_52)
FN:383,(anonymous_53)
FN:387,(anonymous_54)
FN:393,(anonymous_55)
FN:399,(anonymous_56)
FN:416,(anonymous_57)
FN:428,(anonymous_58)
FN:436,(anonymous_59)
FN:442,(anonymous_60)
FN:459,(anonymous_61)
FN:466,(anonymous_62)
FN:474,(anonymous_63)
FN:480,(anonymous_64)
FN:499,(anonymous_65)
FN:499,(anonymous_66)
FN:504,(anonymous_67)
FN:512,(anonymous_68)
FN:518,(anonymous_69)
FN:535,(anonymous_70)
FN:544,(anonymous_71)
FN:545,(anonymous_72)
FN:558,(anonymous_73)
FN:565,(anonymous_74)
FN:572,(anonymous_75)
FN:579,(anonymous_76)
FN:586,(anonymous_77)
FN:593,(anonymous_78)
FN:603,(anonymous_79)
FNF:80
FNH:66
FNDA:1,(anonymous_0)
FNDA:1,(anonymous_1)
FNDA:1,(anonymous_2)
FNDA:1,(anonymous_3)
FNDA:1,(anonymous_4)
FNDA:1,(anonymous_5)
FNDA:1,(anonymous_6)
FNDA:1,(anonymous_7)
FNDA:1,(anonymous_8)
FNDA:1,(anonymous_9)
FNDA:1,(anonymous_10)
FNDA:1,(anonymous_11)
FNDA:1,(anonymous_12)
FNDA:0,(anonymous_13)
FNDA:0,(anonymous_14)
FNDA:0,(anonymous_15)
FNDA:0,(anonymous_16)
FNDA:0,(anonymous_17)
FNDA:0,(anonymous_18)
FNDA:1,(anonymous_19)
FNDA:1,(anonymous_20)
FNDA:0,(anonymous_21)
FNDA:1,(anonymous_22)
FNDA:1,(anonymous_23)
FNDA:1,(anonymous_24)
FNDA:1,(anonymous_25)
FNDA:1,(anonymous_26)
FNDA:1,(anonymous_27)
FNDA:1,(anonymous_28)
FNDA:1,(anonymous_29)
FNDA:1,(anonymous_30)
FNDA:1,(anonymous_31)
FNDA:1,(anonymous_32)
FNDA:1,(anonymous_33)
FNDA:1,(anonymous_34)
FNDA:1,(anonymous_35)
FNDA:1,(anonymous_36)
FNDA:1,(anonymous_37)
FNDA:1,(anonymous_38)
FNDA:1,(anonymous_39)
FNDA:1,(anonymous_40)
FNDA:1,(anonymous_41)
FNDA:1,(anonymous_42)
FNDA:1,(anonymous_43)
FNDA:1,(anonymous_44)
FNDA:1,(anonymous_45)
FNDA:1,(anonymous_46)
FNDA:0,(anonymous_47)
FNDA:0,(anonymous_48)
FNDA:1,(anonymous_49)
FNDA:1,(anonymous_50)
FNDA:1,(anonymous_51)
FNDA:1,(anonymous_52)
FNDA:0,(anonymous_53)
FNDA:0,(anonymous_54)
FNDA:0,(anonymous_55)
FNDA:0,(anonymous_56)
FNDA:1,(anonymous_57)
FNDA:1,(anonymous_58)
FNDA:1,(anonymous_59)
FNDA:1,(anonymous_60)
FNDA:1,(anonymous_61)
FNDA:1,(anonymous_62)
FNDA:1,(anonymous_63)
FNDA:1,(anonymous_64)
FNDA:0,(anonymous_65)
FNDA:1,(anonymous_66)
FNDA:1,(anonymous_67)
FNDA:1,(anonymous_68)
FNDA:1,(anonymous_69)
FNDA:1,(anonymous_70)
FNDA:1,(anonymous_71)
FNDA:1,(anonymous_72)
FNDA:1,(anonymous_73)
FNDA:1,(anonymous_74)
FNDA:1,(anonymous_75)
FNDA:1,(anonymous_76)
FNDA:1,(anonymous_77)
FNDA:1,(anonymous_78)
FNDA:1,(anonymous_79)
DA:1,1
DA:2,1
DA:3,1
DA:4,1
DA:6,1
DA:7,1
DA:8,1
DA:9,1
DA:10,1
DA:11,1
DA:12,1
DA:14,1
DA:16,1
DA:17,1
DA:18,1
DA:20,1
DA:21,1
DA:25,1
DA:26,1
DA:29,1
DA:33,1
DA:35,1
DA:36,1
DA:38,1
DA:42,1
DA:43,1
DA:44,1
DA:45,1
DA:46,1
DA:48,1
DA:51,1
DA:55,1
DA:58,1
DA:62,1
DA:65,1
DA:69,1
DA:74,1
DA:77,1
DA:82,1
DA:83,1
DA:85,1
DA:86,1
DA:87,1
DA:88,1
DA:89,1
DA:91,1
DA:95,1
DA:96,1
DA:97,1
DA:104,1
DA:106,1
DA:108,1
DA:109,1
DA:111,1
DA:113,1
DA:115,1
DA:117,1
DA:118,1
DA:119,1
DA:121,1
DA:123,1
DA:124,2
DA:127,1
DA:129,1
DA:130,1
DA:133,1
DA:135,1
DA:136,3
DA:139,1
DA:141,1
DA:142,1
DA:145,1
DA:146,1
DA:153,1
DA:155,1
DA:157,1
DA:159,1
DA:160,0
DA:162,1
DA:164,1
DA:165,1
DA:170,1
DA:171,1
DA:172,1
DA:173,1
DA:174,1
DA:176,1
DA:178,1
DA:181,1
DA:184,1
DA:187,1
DA:190,1
DA:194,1
DA:196,1
DA:198,1
DA:199,1
DA:200,1
DA:201,1
DA:202,1
DA:206,1
DA:207,1
DA:208,1
DA:209,1
DA:210,1
DA:212,1
DA:214,1
DA:217,1
DA:219,1
DA:222,1
DA:224,1
DA:227,1
DA:229,1
DA:232,1
DA:234,1
DA:238,1
DA:240,1
DA:242,1
DA:243,1
DA:244,1
DA:245,1
DA:246,1
DA:250,1
DA:251,1
DA:252,1
DA:253,1
DA:254,1
DA:255,1
DA:257,1
DA:259,1
DA:264,1
DA:266,1
DA:271,1
DA:272,1
DA:274,1
DA:281,1
DA:283,1
DA:287,1
DA:289,1
DA:292,1
DA:294,1
DA:298,1
DA:300,1
DA:302,1
DA:303,1
DA:304,1
DA:305,1
DA:306,1
DA:307,1
DA:311,1
DA:312,1
DA:313,1
DA:319,1
DA:320,1
DA:322,1
DA:325,1
DA:326,1
DA:329,1
DA:330,0
DA:332,0
DA:335,1
DA:336,0
DA:338,0
DA:341,1
DA:342,1
DA:344,1
DA:347,1
DA:354,1
DA:356,1
DA:358,1
DA:360,1
DA:361,1
DA:362,1
DA:363,1
DA:365,1
DA:369,1
DA:370,1
DA:371,1
DA:377,1
DA:378,1
DA:380,1
DA:383,1
DA:384,0
DA:387,1
DA:388,0
DA:390,0
DA:393,1
DA:394,0
DA:396,0
DA:399,1
DA:400,0
DA:402,0
DA:405,1
DA:412,1
DA:414,1
DA:416,1
DA:417,1
DA:418,1
DA:419,1
DA:420,1
DA:421,1
DA:422,1
DA:424,1
DA:428,1
DA:429,1
DA:430,1
DA:436,1
DA:437,1
DA:439,1
DA:442,1
DA:443,1
DA:445,1
DA:448,1
DA:455,1
DA:457,1
DA:459,1
DA:460,1
DA:461,1
DA:462,1
DA:466,1
DA:467,1
DA:468,1
DA:474,1
DA:475,1
DA:477,1
DA:480,1
DA:481,1
DA:482,1
DA:485,0
DA:488,1
DA:495,1
DA:497,1
DA:499,1
DA:500,1
DA:504,1
DA:505,1
DA:506,1
DA:512,1
DA:513,1
DA:515,1
DA:518,1
DA:519,1
DA:521,1
DA:524,1
DA:531,1
DA:533,1
DA:535,1
DA:536,1
DA:537,1
DA:538,1
DA:539,1
DA:540,1
DA:544,1
DA:545,1
DA:546,1
DA:549,1
DA:554,1
DA:556,1
DA:558,1
DA:559,1
DA:561,1
DA:565,1
DA:566,1
DA:568,1
DA:570,1
DA:573,1
DA:577,1
DA:579,1
DA:580,1
DA:582,1
DA:586,1
DA:587,1
DA:589,1
DA:591,1
DA:594,1
DA:598,1
DA:603,1
DA:604,1
DA:606,1
LF:278
LH:265
BRDA:481,0,0,1
BRDA:481,0,1,0
BRF:2
BRH:1
end_of_record
TN:
SF:/var/www/gabriela/tests/unit/gabrielaAsServer.spec.js
FN:13,(anonymous_0)
FN:16,(anonymous_1)
FN:25,(anonymous_2)
FN:36,(anonymous_3)
FN:43,(anonymous_4)
FN:50,(anonymous_5)
FN:57,(anonymous_6)
FN:75,(anonymous_7)
FN:93,(anonymous_8)
FN:101,(anonymous_9)
FN:102,UserService
FN:111,(anonymous_11)
FN:118,(anonymous_12)
FN:125,(anonymous_13)
FN:143,(anonymous_14)
FN:163,(anonymous_15)
FN:167,(anonymous_16)
FN:168,UserRepository
FN:169,(anonymous_18)
FN:203,(anonymous_19)
FN:225,(anonymous_20)
FN:233,(anonymous_21)
FN:234,(anonymous_22)
FN:261,(anonymous_23)
FN:272,(anonymous_24)
FN:287,(anonymous_25)
FN:288,(anonymous_26)
FNF:27
FNH:26
FNDA:1,(anonymous_0)
FNDA:1,(anonymous_1)
FNDA:1,(anonymous_2)
FNDA:1,(anonymous_3)
FNDA:1,(anonymous_4)
FNDA:1,(anonymous_5)
FNDA:1,(anonymous_6)
FNDA:1,(anonymous_7)
FNDA:1,(anonymous_8)
FNDA:1,(anonymous_9)
FNDA:1,UserService
FNDA:1,(anonymous_11)
FNDA:1,(anonymous_12)
FNDA:1,(anonymous_13)
FNDA:1,(anonymous_14)
FNDA:1,(anonymous_15)
FNDA:1,(anonymous_16)
FNDA:1,UserRepository
FNDA:1,(anonymous_18)
FNDA:1,(anonymous_19)
FNDA:0,(anonymous_20)
FNDA:1,(anonymous_21)
FNDA:1,(anonymous_22)
FNDA:1,(anonymous_23)
FNDA:1,(anonymous_24)
FNDA:1,(anonymous_25)
FNDA:1,(anonymous_26)
DA:1,1
DA:2,1
DA:3,1
DA:4,1
DA:6,1
DA:7,1
DA:8,1
DA:10,1
DA:11,1
DA:13,1
DA:14,1
DA:16,1
DA:17,1
DA:26,1
DA:28,1
DA:33,1
DA:36,1
DA:37,1
DA:38,1
DA:39,1
DA:41,1
DA:44,1
DA:48,1
DA:51,1
DA:55,1
DA:58,1
DA:62,1
DA:67,1
DA:76,1
DA:77,1
DA:78,1
DA:80,1
DA:82,1
DA:87,1
DA:88,1
DA:90,1
DA:93,1
DA:94,1
DA:95,1
DA:96,1
DA:98,1
DA:104,1
DA:108,1
DA:112,1
DA:116,1
DA:119,1
DA:123,1
DA:126,1
DA:130,1
DA:135,1
DA:144,1
DA:146,1
DA:147,1
DA:148,1
DA:150,1
DA:152,1
DA:157,1
DA:158,1
DA:160,1
DA:163,1
DA:164,1
DA:169,1
DA:170,1
DA:187,1
DA:191,1
DA:204,1
DA:205,1
DA:206,1
DA:208,1
DA:213,1
DA:226,0
DA:231,1
DA:234,1
DA:235,1
DA:237,1
DA:238,1
DA:240,1
DA:242,1
DA:243,1
DA:245,1
DA:247,1
DA:253,1
DA:258,1
DA:261,1
DA:262,1
DA:263,1
DA:273,1
DA:275,1
DA:276,1
DA:277,1
DA:278,1
DA:279,1
DA:283,1
DA:288,1
DA:289,1
DA:291,1
DA:293,1
DA:299,1
DA:301,1
LF:99
LH:98
BRF:0
BRH:0
end_of_record
TN:
SF:/var/www/gabriela/tests/unit/gabrielaInterface.spec.js
FN:12,(anonymous_0)
FN:13,(anonymous_1)
FN:44,(anonymous_2)
FN:90,(anonymous_3)
FN:119,(anonymous_4)
FNF:5
FNH:5
FNDA:1,(anonymous_0)
FNDA:1,(anonymous_1)
FNDA:1,(anonymous_2)
FNDA:1,(anonymous_3)
FNDA:1,(anonymous_4)
DA:1,1
DA:2,1
DA:3,1
DA:5,1
DA:6,1
DA:7,1
DA:9,1
DA:10,1
DA:12,1
DA:13,1
DA:14,1
DA:31,1
DA:33,1
DA:34,14
DA:37,1
DA:39,1
DA:40,14
DA:44,1
DA:45,1
DA:47,1
DA:48,1
DA:50,1
DA:51,1
DA:53,1
DA:54,1
DA:56,1
DA:57,1
DA:59,1
DA:60,1
DA:62,1
DA:63,1
DA:65,1
DA:66,1
DA:68,1
DA:69,1
DA:71,1
DA:72,1
DA:74,1
DA:75,1
DA:77,1
DA:78,1
DA:80,1
DA:81,1
DA:83,1
DA:84,1
DA:86,1
DA:87,1
DA:90,1
DA:91,1
DA:106,1
DA:108,1
DA:109,12
DA:112,1
DA:114,1
DA:115,12
DA:119,1
DA:120,1
DA:122,1
DA:123,1
DA:125,1
DA:126,1
DA:128,1
DA:129,1
DA:131,1
DA:132,1
DA:134,1
DA:135,1
DA:137,1
DA:138,1
DA:140,1
DA:141,1
DA:143,1
DA:144,1
DA:146,1
DA:147,1
DA:149,1
DA:150,1
DA:152,1
DA:153,1
DA:155,1
DA:156,1
LF:81
LH:81
BRF:0
BRH:0
end_of_record
TN:
SF:/var/www/gabriela/tests/unit/internals.spec.js
FN:14,(anonymous_0)
FN:15,(anonymous_1)
FN:51,(anonymous_2)
FN:52,(anonymous_3)
FN:53,(anonymous_4)
FN:56,(anonymous_5)
FN:58,(anonymous_6)
FN:106,(anonymous_7)
FN:153,(anonymous_8)
FNF:9
FNH:4
FNDA:1,(anonymous_0)
FNDA:1,(anonymous_1)
FNDA:0,(anonymous_2)
FNDA:0,(anonymous_3)
FNDA:0,(anonymous_4)
FNDA:0,(anonymous_5)
FNDA:0,(anonymous_6)
FNDA:1,(anonymous_7)
FNDA:1,(anonymous_8)
DA:1,1
DA:2,1
DA:4,1
DA:5,1
DA:6,1
DA:8,1
DA:9,1
DA:10,1
DA:11,1
DA:12,1
DA:14,1
DA:15,1
DA:16,1
DA:39,1
DA:64,1
DA:65,1
DA:66,1
DA:67,1
DA:68,1
DA:70,1
DA:79,1
DA:81,1
DA:84,1
DA:86,1
DA:87,1
DA:88,1
DA:89,1
DA:90,1
DA:91,1
DA:92,1
DA:93,1
DA:94,1
DA:95,1
DA:96,1
DA:97,1
DA:98,1
DA:99,1
DA:100,1
DA:101,1
DA:102,1
DA:103,1
DA:106,1
DA:107,1
DA:121,1
DA:127,1
DA:135,1
DA:137,1
DA:139,1
DA:140,1
DA:141,1
DA:142,1
DA:143,1
DA:144,1
DA:145,1
DA:146,1
DA:147,1
DA:148,1
DA:149,1
DA:150,1
DA:153,1
DA:154,1
DA:158,1
DA:160,1
DA:162,1
DA:164,1
DA:165,1
DA:166,1
DA:167,1
DA:168,1
LF:69
LH:69
BRF:0
BRH:0
end_of_record
TN:
SF:/var/www/gabriela/tests/unit/middleware.spec.js
FN:12,(anonymous_0)
FN:13,(anonymous_1)
FN:16,(anonymous_2)
FN:17,(anonymous_3)
FN:33,(anonymous_4)
FN:40,(anonymous_5)
FN:43,(anonymous_6)
FN:44,(anonymous_7)
FN:60,(anonymous_8)
FN:67,(anonymous_9)
FN:70,(anonymous_10)
FN:71,(anonymous_11)
FN:78,(anonymous_12)
FN:79,(anonymous_13)
FN:86,(anonymous_14)
FN:87,(anonymous_15)
FN:94,(anonymous_16)
FN:110,(anonymous_17)
FN:120,(anonymous_18)
FN:123,(anonymous_19)
FN:124,(anonymous_20)
FN:131,(anonymous_21)
FN:132,(anonymous_22)
FN:139,(anonymous_23)
FN:140,(anonymous_24)
FN:147,(anonymous_25)
FN:163,(anonymous_26)
FN:173,(anonymous_27)
FN:176,(anonymous_28)
FN:177,(anonymous_29)
FN:184,(anonymous_30)
FN:185,(anonymous_31)
FN:202,(anonymous_32)
FN:203,(anonymous_33)
FNF:34
FNH:26
FNDA:1,(anonymous_0)
FNDA:1,(anonymous_1)
FNDA:1,(anonymous_2)
FNDA:1,(anonymous_3)
FNDA:1,(anonymous_4)
FNDA:1,(anonymous_5)
FNDA:1,(anonymous_6)
FNDA:1,(anonymous_7)
FNDA:1,(anonymous_8)
FNDA:1,(anonymous_9)
FNDA:1,(anonymous_10)
FNDA:1,(anonymous_11)
FNDA:1,(anonymous_12)
FNDA:1,(anonymous_13)
FNDA:0,(anonymous_14)
FNDA:0,(anonymous_15)
FNDA:1,(anonymous_16)
FNDA:1,(anonymous_17)
FNDA:1,(anonymous_18)
FNDA:1,(anonymous_19)
FNDA:1,(anonymous_20)
FNDA:1,(anonymous_21)
FNDA:1,(anonymous_22)
FNDA:0,(anonymous_23)
FNDA:0,(anonymous_24)
FNDA:0,(anonymous_25)
FNDA:1,(anonymous_26)
FNDA:1,(anonymous_27)
FNDA:1,(anonymous_28)
FNDA:1,(anonymous_29)
FNDA:0,(anonymous_30)
FNDA:0,(anonymous_31)
FNDA:0,(anonymous_32)
FNDA:1,(anonymous_33)
DA:1,1
DA:2,1
DA:3,1
DA:5,1
DA:6,1
DA:7,1
DA:9,1
DA:10,1
DA:12,1
DA:13,1
DA:14,1
DA:16,1
DA:17,1
DA:18,1
DA:20,1
DA:24,1
DA:29,1
DA:31,1
DA:33,1
DA:34,1
DA:36,1
DA:40,1
DA:41,1
DA:43,1
DA:44,1
DA:45,1
DA:47,1
DA:51,1
DA:56,1
DA:58,1
DA:60,1
DA:61,1
DA:63,1
DA:67,1
DA:68,1
DA:70,1
DA:71,1
DA:72,1
DA:74,1
DA:78,1
DA:79,1
DA:80,1
DA:82,1
DA:86,1
DA:87,0
DA:88,0
DA:90,0
DA:94,1
DA:95,1
DA:97,1
DA:100,1
DA:106,1
DA:108,1
DA:110,1
DA:111,1
DA:112,1
DA:113,1
DA:114,1
DA:116,1
DA:120,1
DA:121,1
DA:123,1
DA:124,1
DA:125,1
DA:127,1
DA:131,1
DA:132,1
DA:133,1
DA:135,1
DA:139,1
DA:140,0
DA:141,0
DA:143,0
DA:147,1
DA:148,0
DA:150,0
DA:153,1
DA:159,1
DA:161,1
DA:163,1
DA:164,1
DA:165,1
DA:166,1
DA:167,1
DA:169,1
DA:173,1
DA:174,1
DA:176,1
DA:177,1
DA:178,1
DA:180,1
DA:184,1
DA:185,0
DA:186,0
DA:188,0
DA:192,1
DA:198,1
DA:200,1
DA:202,1
DA:204,1
DA:206,1
LF:101
LH:90
BRF:0
BRH:0
end_of_record
TN:
SF:/var/www/gabriela/tests/unit/plugin.spec.js
FN:13,(anonymous_0)
FN:14,(anonymous_1)
FN:24,(anonymous_2)
FN:54,(anonymous_3)
FN:61,(anonymous_4)
FN:70,(anonymous_5)
FN:79,(anonymous_6)
FN:103,(anonymous_7)
FNF:8
FNH:8
FNDA:1,(anonymous_0)
FNDA:1,(anonymous_1)
FNDA:1,(anonymous_2)
FNDA:1,(anonymous_3)
FNDA:2,(anonymous_4)
FNDA:2,(anonymous_5)
FNDA:2,(anonymous_6)
FNDA:1,(anonymous_7)
DA:1,1
DA:2,1
DA:3,1
DA:5,1
DA:6,1
DA:7,1
DA:8,1
DA:10,1
DA:11,1
DA:13,1
DA:14,1
DA:15,1
DA:17,1
DA:18,1
DA:19,1
DA:20,1
DA:21,1
DA:24,1
DA:25,1
DA:27,1
DA:31,1
DA:32,1
DA:33,1
DA:35,1
DA:37,1
DA:38,1
DA:40,1
DA:42,1
DA:43,1
DA:45,1
DA:47,1
DA:49,1
DA:51,1
DA:54,1
DA:55,1
DA:56,1
DA:57,1
DA:59,1
DA:62,2
DA:64,2
DA:68,1
DA:71,2
DA:73,2
DA:77,1
DA:80,2
DA:82,2
DA:86,1
DA:88,1
DA:93,1
DA:98,1
DA:103,1
DA:104,1
DA:105,1
DA:106,1
DA:108,1
LF:55
LH:55
BRF:0
BRH:0
end_of_record
TN:
SF:/var/www/gabriela/tests/unit/types.spec.js
FN:19,(anonymous_0)
FN:20,(anonymous_1)
FN:36,(anonymous_2)
FNF:3
FNH:3
FNDA:1,(anonymous_0)
FNDA:1,(anonymous_1)
FNDA:1,(anonymous_2)
DA:1,1
DA:2,1
DA:3,1
DA:5,1
DA:6,1
DA:7,1
DA:8,1
DA:17,1
DA:19,1
DA:20,1
DA:21,1
DA:22,1
DA:24,1
DA:27,1
DA:28,1
DA:30,1
DA:33,1
DA:36,1
DA:37,1
DA:38,1
DA:39,1
DA:40,1
DA:41,1
DA:43,1
DA:44,1
DA:45,1
DA:46,1
DA:48,1
DA:49,1
DA:50,1
DA:51,1
DA:52,1
DA:53,1
DA:55,1
DA:56,1
DA:57,1
DA:59,1
DA:60,1
DA:62,1
DA:63,1
DA:64,1
DA:65,1
DA:66,1
LF:43
LH:43
BRF:0
BRH:0
end_of_record
TN:
SF:/var/www/gabriela/tests/unit/util.spec.js
FN:10,(anonymous_0)
FN:11,(anonymous_1)
FN:22,(anonymous_2)
FN:37,(anonymous_3)
FNF:4
FNH:3
FNDA:1,(anonymous_0)
FNDA:1,(anonymous_1)
FNDA:0,(anonymous_2)
FNDA:1,(anonymous_3)
DA:1,1
DA:2,1
DA:4,1
DA:5,1
DA:6,1
DA:8,1
DA:10,1
DA:11,1
DA:12,1
DA:13,1
DA:14,1
DA:15,1
DA:16,1
DA:17,1
DA:18,1
DA:19,1
DA:20,1
DA:21,1
DA:22,1
DA:24,1
DA:25,1
DA:26,1
DA:27,1
DA:28,1
DA:29,1
DA:30,1
DA:31,1
DA:32,1
DA:33,1
DA:34,1
DA:37,1
DA:38,1
DA:39,1
DA:41,1
DA:43,1
DA:44,1
DA:46,1
LF:37
LH:37
BRF:0
BRH:0
end_of_record
